2019-07-30 12:02:58,372 INFO (StartupInfoLogger.java:50)- Starting FaceApplication on LAPTOP-3J4GOKGI with PID 2432 (C:\Users\Super\Desktop\aicheck-face-master\target\classes started by Super in C:\Users\Super\Desktop\aicheck-face-master)
2019-07-30 12:02:58,380 INFO (SpringApplication.java:675)- No active profile set, falling back to default profiles: default
2019-07-30 12:03:06,311 INFO (NettyInitial.java:69)- 【服务器启动成功========端口：9800】
2019-07-30 12:03:08,221 INFO (StartupInfoLogger.java:59)- Started FaceApplication in 10.482 seconds (JVM running for 12.587)
2019-07-30 12:03:09,174 INFO (TrafficStatisticsSchedule.java:251)- 清理访客文件夹
2019-07-30 12:03:10,005 INFO (TrafficStatisticsSchedule.java:251)- 清理访客文件夹
2019-07-30 12:03:10,006 INFO (TrafficStatisticsSchedule.java:99)- 调用！！！！！！！！！！！！！！Tue Jul 30 12:03:10 CST 2019
2019-07-30 12:03:10,011 INFO (TrafficStatisticsSchedule.java:198)- 没有链接设备
2019-07-30 12:03:11,004 INFO (TrafficStatisticsSchedule.java:251)- 清理访客文件夹
2019-07-30 12:03:12,003 INFO (TrafficStatisticsSchedule.java:251)- 清理访客文件夹
2019-07-30 20:02:02,480 INFO (StartupInfoLogger.java:50)- Starting FaceApplication on LAPTOP-3J4GOKGI with PID 19584 (C:\Users\Super\Desktop\aicheck-face-master\target\classes started by Super in C:\Users\Super\Desktop\aicheck-face-master)
2019-07-30 20:02:02,484 INFO (SpringApplication.java:675)- No active profile set, falling back to default profiles: default
2019-07-30 20:02:08,464 INFO (NettyInitial.java:69)- 【服务器启动成功========端口：9800】
2019-07-30 20:02:09,640 INFO (StartupInfoLogger.java:59)- Started FaceApplication in 7.743 seconds (JVM running for 9.537)
2019-07-30 20:02:10,071 INFO (TrafficStatisticsSchedule.java:251)- 清理访客文件夹
2019-07-30 20:02:10,072 INFO (TrafficStatisticsSchedule.java:99)- 调用！！！！！！！！！！！！！！Tue Jul 30 20:02:10 CST 2019
2019-07-30 20:02:10,074 INFO (TrafficStatisticsSchedule.java:198)- 没有链接设备
2019-07-30 20:02:11,004 INFO (TrafficStatisticsSchedule.java:251)- 清理访客文件夹
2019-07-30 20:02:12,011 INFO (TrafficStatisticsSchedule.java:251)- 清理访客文件夹
2019-07-30 20:02:13,011 INFO (TrafficStatisticsSchedule.java:251)- 清理访客文件夹
2019-07-30 20:02:14,005 INFO (TrafficStatisticsSchedule.java:251)- 清理访客文件夹
2019-07-30 20:02:15,004 INFO (TrafficStatisticsSchedule.java:251)- 清理访客文件夹
2019-07-30 20:02:16,008 INFO (TrafficStatisticsSchedule.java:251)- 清理访客文件夹
2019-07-30 20:02:17,007 INFO (TrafficStatisticsSchedule.java:251)- 清理访客文件夹
2019-07-30 20:02:18,008 INFO (TrafficStatisticsSchedule.java:251)- 清理访客文件夹
2019-07-30 20:02:19,005 INFO (TrafficStatisticsSchedule.java:251)- 清理访客文件夹
2019-07-30 20:02:20,008 INFO (TrafficStatisticsSchedule.java:251)- 清理访客文件夹
2019-07-30 20:02:20,010 INFO (TrafficStatisticsSchedule.java:99)- 调用！！！！！！！！！！！！！！Tue Jul 30 20:02:20 CST 2019
2019-07-30 20:02:20,012 INFO (TrafficStatisticsSchedule.java:198)- 没有链接设备
2019-07-30 20:02:21,009 INFO (TrafficStatisticsSchedule.java:251)- 清理访客文件夹
2019-07-30 20:02:22,010 INFO (TrafficStatisticsSchedule.java:251)- 清理访客文件夹
2019-07-30 20:02:23,010 INFO (TrafficStatisticsSchedule.java:251)- 清理访客文件夹
2019-07-30 20:02:24,009 INFO (TrafficStatisticsSchedule.java:251)- 清理访客文件夹
2019-07-30 20:02:25,013 INFO (TrafficStatisticsSchedule.java:251)- 清理访客文件夹
2019-07-30 20:02:26,005 INFO (TrafficStatisticsSchedule.java:251)- 清理访客文件夹
2019-07-30 20:02:27,005 INFO (TrafficStatisticsSchedule.java:251)- 清理访客文件夹
2019-07-30 20:02:27,345 INFO (AuthorizationInterceptor.java:107)- 加密之前的currentPage=1&pageSize=10&297e325a66f62bae0166f631b0b2000215644881472001564488147200
2019-07-30 20:02:27,346 INFO (AuthorizationInterceptor.java:109)- org.apache.catalina.util.ParameterMap@3a6bd018
2019-07-30 20:02:27,348 INFO (AuthorizationInterceptor.java:112)- 加密之后的sign=>48580C87F8A2894700D069A764272B0A
2019-07-30 20:02:27,720 INFO (AuthorizationInterceptor.java:146)- afterCompletion ----------ex => null
2019-07-30 20:02:28,004 INFO (TrafficStatisticsSchedule.java:251)- 清理访客文件夹
2019-07-30 20:02:29,008 INFO (TrafficStatisticsSchedule.java:251)- 清理访客文件夹
2019-07-30 20:02:30,009 INFO (TrafficStatisticsSchedule.java:251)- 清理访客文件夹
2019-07-30 20:02:30,012 INFO (TrafficStatisticsSchedule.java:99)- 调用！！！！！！！！！！！！！！Tue Jul 30 20:02:30 CST 2019
2019-07-30 20:02:30,014 INFO (TrafficStatisticsSchedule.java:198)- 没有链接设备
2019-07-30 20:02:30,155 INFO (AuthorizationInterceptor.java:107)- 加密之前的ids=24&297e325a66f62bae0166f631b0b2000215644881501361564488150136
2019-07-30 20:02:30,156 INFO (AuthorizationInterceptor.java:109)- org.apache.catalina.util.ParameterMap@22e83304
2019-07-30 20:02:30,156 INFO (AuthorizationInterceptor.java:112)- 加密之后的sign=>77BB2CB3A18517D395DF99D85D8E269B
2019-07-30 20:02:30,196 INFO (AuthorizationInterceptor.java:146)- afterCompletion ----------ex => null
2019-07-30 20:02:31,008 INFO (TrafficStatisticsSchedule.java:251)- 清理访客文件夹
2019-07-30 20:02:32,006 INFO (TrafficStatisticsSchedule.java:251)- 清理访客文件夹
2019-07-30 20:02:33,007 INFO (TrafficStatisticsSchedule.java:251)- 清理访客文件夹
2019-07-30 20:02:33,386 INFO (AuthorizationInterceptor.java:107)- 加密之前的currentPage=1&pageSize=10&297e325a66f62bae0166f631b0b2000215644881533751564488153375
2019-07-30 20:02:33,387 INFO (AuthorizationInterceptor.java:109)- org.apache.catalina.util.ParameterMap@22e83304
2019-07-30 20:02:33,388 INFO (AuthorizationInterceptor.java:112)- 加密之后的sign=>67768CEE13CCE895B1BBBD286F309DE0
2019-07-30 20:02:33,503 INFO (AuthorizationInterceptor.java:146)- afterCompletion ----------ex => null
2019-07-30 20:02:34,004 INFO (TrafficStatisticsSchedule.java:251)- 清理访客文件夹
2019-07-30 20:02:35,008 INFO (TrafficStatisticsSchedule.java:251)- 清理访客文件夹
2019-07-30 20:02:35,234 INFO (AuthorizationInterceptor.java:107)- 加密之前的297e325a66f62bae0166f631b0b2000215644881552211564488155221
2019-07-30 20:02:35,235 INFO (AuthorizationInterceptor.java:109)- org.apache.catalina.util.ParameterMap@22e83304
2019-07-30 20:02:35,236 INFO (AuthorizationInterceptor.java:112)- 加密之后的sign=>1ABB2DE1342A95E97D41B9E4B79971AB
2019-07-30 20:02:35,319 INFO (AuthorizationInterceptor.java:146)- afterCompletion ----------ex => null
2019-07-30 20:02:36,006 INFO (TrafficStatisticsSchedule.java:251)- 清理访客文件夹
2019-07-30 20:02:36,124 INFO (AuthorizationInterceptor.java:107)- 加密之前的currentPage=1&pageSize=10&297e325a66f62bae0166f631b0b2000215644881561121564488156112
2019-07-30 20:02:36,125 INFO (AuthorizationInterceptor.java:109)- org.apache.catalina.util.ParameterMap@22e83304
2019-07-30 20:02:36,126 INFO (AuthorizationInterceptor.java:112)- 加密之后的sign=>72F38D1B1AE25AFC25B9A847D87082BD
2019-07-30 20:02:36,227 INFO (AuthorizationInterceptor.java:146)- afterCompletion ----------ex => null
2019-07-30 20:02:36,735 INFO (AuthorizationInterceptor.java:107)- 加密之前的297e325a66f62bae0166f631b0b2000215644881567251564488156725
2019-07-30 20:02:36,735 INFO (AuthorizationInterceptor.java:109)- org.apache.catalina.util.ParameterMap@22e83304
2019-07-30 20:02:36,735 INFO (AuthorizationInterceptor.java:112)- 加密之后的sign=>37B899CCACF76433296D864AE2B67A83
2019-07-30 20:02:36,760 INFO (AuthorizationInterceptor.java:146)- afterCompletion ----------ex => null
2019-07-30 20:02:37,004 INFO (TrafficStatisticsSchedule.java:251)- 清理访客文件夹
2019-07-30 20:02:37,753 INFO (AuthorizationInterceptor.java:107)- 加密之前的currentPage=1&pageSize=10&297e325a66f62bae0166f631b0b2000215644881577421564488157742
2019-07-30 20:02:37,754 INFO (AuthorizationInterceptor.java:109)- org.apache.catalina.util.ParameterMap@22e83304
2019-07-30 20:02:37,755 INFO (AuthorizationInterceptor.java:112)- 加密之后的sign=>1642405336043C8E286E0213012B49E5
2019-07-30 20:02:37,847 INFO (AuthorizationInterceptor.java:146)- afterCompletion ----------ex => null
2019-07-30 20:02:38,003 INFO (TrafficStatisticsSchedule.java:251)- 清理访客文件夹
2019-07-30 20:02:39,008 INFO (TrafficStatisticsSchedule.java:251)- 清理访客文件夹
2019-07-30 20:02:40,000 INFO (TrafficStatisticsSchedule.java:99)- 调用！！！！！！！！！！！！！！Tue Jul 30 20:02:40 CST 2019
2019-07-30 20:02:40,002 INFO (TrafficStatisticsSchedule.java:198)- 没有链接设备
2019-07-30 20:02:40,011 INFO (TrafficStatisticsSchedule.java:251)- 清理访客文件夹
2019-07-30 20:02:41,007 INFO (TrafficStatisticsSchedule.java:251)- 清理访客文件夹
2019-07-30 20:02:42,004 INFO (TrafficStatisticsSchedule.java:251)- 清理访客文件夹
2019-07-30 20:02:43,009 INFO (TrafficStatisticsSchedule.java:251)- 清理访客文件夹
2019-07-30 20:02:44,006 INFO (TrafficStatisticsSchedule.java:251)- 清理访客文件夹
2019-07-30 20:02:45,003 INFO (TrafficStatisticsSchedule.java:251)- 清理访客文件夹
2019-07-30 20:02:46,004 INFO (TrafficStatisticsSchedule.java:251)- 清理访客文件夹
2019-07-30 20:02:47,003 INFO (TrafficStatisticsSchedule.java:251)- 清理访客文件夹
2019-07-30 20:02:48,003 INFO (TrafficStatisticsSchedule.java:251)- 清理访客文件夹
2019-07-30 20:02:48,940 INFO (AuthorizationInterceptor.java:107)- 加密之前的currentPage=1&pageSize=10&297e325a66f62bae0166f631b0b2000215644881688351564488168835
2019-07-30 20:02:48,941 INFO (AuthorizationInterceptor.java:109)- org.apache.catalina.util.ParameterMap@22e83304
2019-07-30 20:02:48,942 INFO (AuthorizationInterceptor.java:112)- 加密之后的sign=>BE4A39F6DA279030ECBC012901F269A6
2019-07-30 20:02:49,004 INFO (TrafficStatisticsSchedule.java:251)- 清理访客文件夹
2019-07-30 20:02:49,078 INFO (AuthorizationInterceptor.java:146)- afterCompletion ----------ex => null
2019-07-30 20:02:50,002 INFO (TrafficStatisticsSchedule.java:99)- 调用！！！！！！！！！！！！！！Tue Jul 30 20:02:50 CST 2019
2019-07-30 20:02:50,004 INFO (TrafficStatisticsSchedule.java:198)- 没有链接设备
2019-07-30 20:02:50,008 INFO (TrafficStatisticsSchedule.java:251)- 清理访客文件夹
2019-07-30 20:02:50,707 INFO (AuthorizationInterceptor.java:107)- 加密之前的ids=24&297e325a66f62bae0166f631b0b2000215644881706841564488170684
2019-07-30 20:02:50,707 INFO (AuthorizationInterceptor.java:109)- org.apache.catalina.util.ParameterMap@34a78bb4
2019-07-30 20:02:50,708 INFO (AuthorizationInterceptor.java:112)- 加密之后的sign=>5F46B368848F8270C849A150E7364938
2019-07-30 20:02:50,741 INFO (AuthorizationInterceptor.java:146)- afterCompletion ----------ex => null
2019-07-30 20:02:51,003 INFO (TrafficStatisticsSchedule.java:251)- 清理访客文件夹
2019-07-30 20:02:52,005 INFO (TrafficStatisticsSchedule.java:251)- 清理访客文件夹
2019-07-30 20:02:52,654 INFO (AuthorizationInterceptor.java:107)- 加密之前的currentPage=1&pageSize=10&297e325a66f62bae0166f631b0b2000215644881726371564488172637
2019-07-30 20:02:52,655 INFO (AuthorizationInterceptor.java:109)- org.apache.catalina.util.ParameterMap@34a78bb4
2019-07-30 20:02:52,655 INFO (AuthorizationInterceptor.java:112)- 加密之后的sign=>983A99790B4BBE100C8F53B48FFEE07D
2019-07-30 20:02:52,766 INFO (AuthorizationInterceptor.java:146)- afterCompletion ----------ex => null
2019-07-30 20:02:53,005 INFO (TrafficStatisticsSchedule.java:251)- 清理访客文件夹
2019-07-30 20:02:54,003 INFO (TrafficStatisticsSchedule.java:251)- 清理访客文件夹
2019-07-30 20:02:55,005 INFO (TrafficStatisticsSchedule.java:251)- 清理访客文件夹
2019-07-30 20:02:56,008 INFO (TrafficStatisticsSchedule.java:251)- 清理访客文件夹
2019-07-30 20:02:57,004 INFO (TrafficStatisticsSchedule.java:251)- 清理访客文件夹
2019-07-30 20:02:58,004 INFO (TrafficStatisticsSchedule.java:251)- 清理访客文件夹
2019-07-30 20:02:59,005 INFO (TrafficStatisticsSchedule.java:251)- 清理访客文件夹
2019-07-30 20:03:00,002 INFO (TrafficStatisticsSchedule.java:99)- 调用！！！！！！！！！！！！！！Tue Jul 30 20:03:00 CST 2019
2019-07-30 20:03:00,003 INFO (TrafficStatisticsSchedule.java:198)- 没有链接设备
2019-07-30 20:03:00,009 INFO (TrafficStatisticsSchedule.java:251)- 清理访客文件夹
2019-07-30 20:03:01,008 INFO (TrafficStatisticsSchedule.java:251)- 清理访客文件夹
2019-07-30 20:03:02,007 INFO (TrafficStatisticsSchedule.java:251)- 清理访客文件夹
2019-07-30 20:03:03,005 INFO (TrafficStatisticsSchedule.java:251)- 清理访客文件夹
2019-07-30 20:03:04,004 INFO (TrafficStatisticsSchedule.java:251)- 清理访客文件夹
2019-07-30 20:03:05,004 INFO (TrafficStatisticsSchedule.java:251)- 清理访客文件夹
2019-07-30 20:03:06,004 INFO (TrafficStatisticsSchedule.java:251)- 清理访客文件夹
2019-07-30 20:03:07,004 INFO (TrafficStatisticsSchedule.java:251)- 清理访客文件夹
2019-07-30 20:03:08,006 INFO (TrafficStatisticsSchedule.java:251)- 清理访客文件夹
2019-07-30 20:03:09,004 INFO (TrafficStatisticsSchedule.java:251)- 清理访客文件夹
2019-07-30 20:03:10,000 INFO (TrafficStatisticsSchedule.java:99)- 调用！！！！！！！！！！！！！！Tue Jul 30 20:03:10 CST 2019
2019-07-30 20:03:10,002 INFO (TrafficStatisticsSchedule.java:198)- 没有链接设备
2019-07-30 20:03:10,010 INFO (TrafficStatisticsSchedule.java:251)- 清理访客文件夹
2019-07-30 20:03:11,005 INFO (TrafficStatisticsSchedule.java:251)- 清理访客文件夹
2019-07-30 20:03:12,004 INFO (TrafficStatisticsSchedule.java:251)- 清理访客文件夹
2019-07-30 20:03:13,005 INFO (TrafficStatisticsSchedule.java:251)- 清理访客文件夹
2019-07-30 20:03:14,002 INFO (TrafficStatisticsSchedule.java:251)- 清理访客文件夹
2019-07-30 20:03:15,003 INFO (TrafficStatisticsSchedule.java:251)- 清理访客文件夹
2019-07-30 20:03:16,004 INFO (TrafficStatisticsSchedule.java:251)- 清理访客文件夹
2019-07-30 20:03:17,004 INFO (TrafficStatisticsSchedule.java:251)- 清理访客文件夹
2019-07-30 20:03:18,004 INFO (TrafficStatisticsSchedule.java:251)- 清理访客文件夹
2019-07-30 20:03:19,008 INFO (TrafficStatisticsSchedule.java:251)- 清理访客文件夹
2019-07-30 20:03:20,005 INFO (TrafficStatisticsSchedule.java:251)- 清理访客文件夹
2019-07-30 20:03:20,006 INFO (TrafficStatisticsSchedule.java:99)- 调用！！！！！！！！！！！！！！Tue Jul 30 20:03:20 CST 2019
2019-07-30 20:03:20,006 INFO (TrafficStatisticsSchedule.java:198)- 没有链接设备
2019-07-30 20:03:21,003 INFO (TrafficStatisticsSchedule.java:251)- 清理访客文件夹
2019-07-30 20:03:22,003 INFO (TrafficStatisticsSchedule.java:251)- 清理访客文件夹
2019-07-30 20:03:23,002 INFO (TrafficStatisticsSchedule.java:251)- 清理访客文件夹
2019-07-30 20:03:23,623 INFO (AuthorizationInterceptor.java:107)- 加密之前的currentPage=1&pageSize=10&297e325a66f62bae0166f631b0b2000215644882034681564488203468
2019-07-30 20:03:23,624 INFO (AuthorizationInterceptor.java:109)- org.apache.catalina.util.ParameterMap@14d5b3a9
2019-07-30 20:03:23,625 INFO (AuthorizationInterceptor.java:112)- 加密之后的sign=>463579C40ABAF9F6113B0FE8959D60F5
2019-07-30 20:03:23,746 INFO (AuthorizationInterceptor.java:146)- afterCompletion ----------ex => null
2019-07-30 20:03:24,004 INFO (TrafficStatisticsSchedule.java:251)- 清理访客文件夹
2019-07-30 20:03:25,006 INFO (TrafficStatisticsSchedule.java:251)- 清理访客文件夹
2019-07-30 20:03:26,004 INFO (TrafficStatisticsSchedule.java:251)- 清理访客文件夹
2019-07-30 20:03:26,305 INFO (AuthorizationInterceptor.java:107)- 加密之前的297e325a66f62bae0166f631b0b2000215644882062901564488206290
2019-07-30 20:03:26,305 INFO (AuthorizationInterceptor.java:109)- org.apache.catalina.util.ParameterMap@3a6bd018
2019-07-30 20:03:26,305 INFO (AuthorizationInterceptor.java:112)- 加密之后的sign=>43BDE546540F7EFC79484FE01B50E421
2019-07-30 20:03:26,326 INFO (AuthorizationInterceptor.java:146)- afterCompletion ----------ex => null
2019-07-30 20:03:26,812 INFO (AuthorizationInterceptor.java:107)- 加密之前的297e325a66f62bae0166f631b0b2000215644882067931564488206793
2019-07-30 20:03:26,813 INFO (AuthorizationInterceptor.java:109)- org.apache.catalina.util.ParameterMap@3a6bd018
2019-07-30 20:03:26,813 INFO (AuthorizationInterceptor.java:112)- 加密之后的sign=>1964FB8C0A38AA70BE8E6EBF33833E3D
2019-07-30 20:03:26,848 INFO (AuthorizationInterceptor.java:146)- afterCompletion ----------ex => null
2019-07-30 20:03:27,004 INFO (TrafficStatisticsSchedule.java:251)- 清理访客文件夹
2019-07-30 20:03:28,003 INFO (TrafficStatisticsSchedule.java:251)- 清理访客文件夹
2019-07-30 20:03:28,238 INFO (AuthorizationInterceptor.java:107)- 加密之前的297e325a66f62bae0166f631b0b2000215644882082241564488208224
2019-07-30 20:03:28,239 INFO (AuthorizationInterceptor.java:109)- org.apache.catalina.util.ParameterMap@3a6bd018
2019-07-30 20:03:28,240 INFO (AuthorizationInterceptor.java:112)- 加密之后的sign=>072CFB4DD520F4FE2913273550C528C2
2019-07-30 20:03:28,260 INFO (AuthorizationInterceptor.java:146)- afterCompletion ----------ex => null
2019-07-30 20:03:29,004 INFO (TrafficStatisticsSchedule.java:251)- 清理访客文件夹
2019-07-30 20:03:29,220 INFO (AuthorizationInterceptor.java:107)- 加密之前的297e325a66f62bae0166f631b0b2000215644882090741564488209074
2019-07-30 20:03:29,221 INFO (AuthorizationInterceptor.java:109)- org.apache.catalina.util.ParameterMap@3a6bd018
2019-07-30 20:03:29,221 INFO (AuthorizationInterceptor.java:112)- 加密之后的sign=>625A16315BBEC6AC2C6924BFFE5092AA
2019-07-30 20:03:29,248 INFO (AuthorizationInterceptor.java:146)- afterCompletion ----------ex => null
2019-07-30 20:03:29,255 INFO (AuthorizationInterceptor.java:107)- 加密之前的297e325a66f62bae0166f631b0b2000215644882090741564488209074
2019-07-30 20:03:29,255 INFO (AuthorizationInterceptor.java:109)- org.apache.catalina.util.ParameterMap@3a6bd018
2019-07-30 20:03:29,256 INFO (AuthorizationInterceptor.java:112)- 加密之后的sign=>625A16315BBEC6AC2C6924BFFE5092AA
2019-07-30 20:03:29,272 INFO (AuthorizationInterceptor.java:146)- afterCompletion ----------ex => null
2019-07-30 20:03:29,280 INFO (AuthorizationInterceptor.java:107)- 加密之前的cc=2019-07-30&297e325a66f62bae0166f631b0b2000215644882090741564488209074
2019-07-30 20:03:29,280 INFO (AuthorizationInterceptor.java:109)- org.apache.catalina.util.ParameterMap@3a6bd018
2019-07-30 20:03:29,281 INFO (AuthorizationInterceptor.java:112)- 加密之后的sign=>C001895D4B48D617895DFA09A26849FC
2019-07-30 20:03:29,308 INFO (AuthorizationInterceptor.java:146)- afterCompletion ----------ex => null
2019-07-30 20:03:29,312 INFO (AuthorizationInterceptor.java:107)- 加密之前的297e325a66f62bae0166f631b0b2000215644882090741564488209074
2019-07-30 20:03:29,312 INFO (AuthorizationInterceptor.java:109)- org.apache.catalina.util.ParameterMap@3a6bd018
2019-07-30 20:03:29,312 INFO (AuthorizationInterceptor.java:112)- 加密之后的sign=>625A16315BBEC6AC2C6924BFFE5092AA
2019-07-30 20:03:29,327 INFO (AuthorizationInterceptor.java:146)- afterCompletion ----------ex => null
2019-07-30 20:03:29,333 INFO (AuthorizationInterceptor.java:107)- 加密之前的date=2019-07-30&297e325a66f62bae0166f631b0b2000215644882090741564488209074
2019-07-30 20:03:29,333 INFO (AuthorizationInterceptor.java:109)- org.apache.catalina.util.ParameterMap@3a6bd018
2019-07-30 20:03:29,333 INFO (AuthorizationInterceptor.java:112)- 加密之后的sign=>93E3A51231DF63EBB1CDBB313A794ECC
2019-07-30 20:03:29,345 INFO (AuthorizationInterceptor.java:146)- afterCompletion ----------ex => null
2019-07-30 20:03:29,350 INFO (AuthorizationInterceptor.java:107)- 加密之前的297e325a66f62bae0166f631b0b2000215644882090741564488209074
2019-07-30 20:03:29,351 INFO (AuthorizationInterceptor.java:109)- org.apache.catalina.util.ParameterMap@3a6bd018
2019-07-30 20:03:29,351 INFO (AuthorizationInterceptor.java:112)- 加密之后的sign=>625A16315BBEC6AC2C6924BFFE5092AA
2019-07-30 20:03:29,369 INFO (AuthorizationInterceptor.java:146)- afterCompletion ----------ex => null
2019-07-30 20:03:29,374 INFO (AuthorizationInterceptor.java:107)- 加密之前的297e325a66f62bae0166f631b0b2000215644882090741564488209074
2019-07-30 20:03:29,374 INFO (AuthorizationInterceptor.java:109)- org.apache.catalina.util.ParameterMap@3a6bd018
2019-07-30 20:03:29,374 INFO (AuthorizationInterceptor.java:112)- 加密之后的sign=>625A16315BBEC6AC2C6924BFFE5092AA
2019-07-30 20:03:29,390 INFO (AuthorizationInterceptor.java:146)- afterCompletion ----------ex => null
2019-07-30 20:03:30,004 INFO (TrafficStatisticsSchedule.java:251)- 清理访客文件夹
2019-07-30 20:03:30,005 INFO (TrafficStatisticsSchedule.java:99)- 调用！！！！！！！！！！！！！！Tue Jul 30 20:03:30 CST 2019
2019-07-30 20:03:30,006 INFO (TrafficStatisticsSchedule.java:198)- 没有链接设备
2019-07-30 20:03:30,906 INFO (AuthorizationInterceptor.java:107)- 加密之前的297e325a66f62bae0166f631b0b2000215644882108911564488210891
2019-07-30 20:03:30,906 INFO (AuthorizationInterceptor.java:109)- org.apache.catalina.util.ParameterMap@3a6bd018
2019-07-30 20:03:30,907 INFO (AuthorizationInterceptor.java:112)- 加密之后的sign=>2F75740AE7F5AAA35F91183DB67CDDBC
2019-07-30 20:03:30,927 INFO (AuthorizationInterceptor.java:146)- afterCompletion ----------ex => null
2019-07-30 20:03:31,003 INFO (TrafficStatisticsSchedule.java:251)- 清理访客文件夹
2019-07-30 20:03:31,369 INFO (AuthorizationInterceptor.java:107)- 加密之前的297e325a66f62bae0166f631b0b2000215644882113531564488211353
2019-07-30 20:03:31,370 INFO (AuthorizationInterceptor.java:109)- org.apache.catalina.util.ParameterMap@3a6bd018
2019-07-30 20:03:31,370 INFO (AuthorizationInterceptor.java:112)- 加密之后的sign=>150D3DDE0810B6E9D0A54BB321ED7ED0
2019-07-30 20:03:31,384 INFO (AuthorizationInterceptor.java:146)- afterCompletion ----------ex => null
2019-07-30 20:03:32,002 INFO (TrafficStatisticsSchedule.java:251)- 清理访客文件夹
2019-07-30 20:03:33,006 INFO (TrafficStatisticsSchedule.java:251)- 清理访客文件夹
2019-07-30 20:03:34,003 INFO (TrafficStatisticsSchedule.java:251)- 清理访客文件夹
2019-07-30 20:03:35,003 INFO (TrafficStatisticsSchedule.java:251)- 清理访客文件夹
2019-07-30 20:03:36,005 INFO (TrafficStatisticsSchedule.java:251)- 清理访客文件夹
2019-07-30 20:03:37,003 INFO (TrafficStatisticsSchedule.java:251)- 清理访客文件夹
2019-07-30 20:03:38,004 INFO (TrafficStatisticsSchedule.java:251)- 清理访客文件夹
2019-07-30 20:03:38,284 INFO (AuthorizationInterceptor.java:107)- 加密之前的currentPage=1&pageSize=10&297e325a66f62bae0166f631b0b2000215644882180831564488218083
2019-07-30 20:03:38,285 INFO (AuthorizationInterceptor.java:109)- org.apache.catalina.util.ParameterMap@3a6bd018
2019-07-30 20:03:38,286 INFO (AuthorizationInterceptor.java:112)- 加密之后的sign=>75D0D87A45CC7B98DD778B8F04E3F348
2019-07-30 20:03:38,429 INFO (AuthorizationInterceptor.java:146)- afterCompletion ----------ex => null
2019-07-30 20:03:39,003 INFO (TrafficStatisticsSchedule.java:251)- 清理访客文件夹
2019-07-30 20:03:40,003 INFO (TrafficStatisticsSchedule.java:99)- 调用！！！！！！！！！！！！！！Tue Jul 30 20:03:40 CST 2019
2019-07-30 20:03:40,003 INFO (TrafficStatisticsSchedule.java:198)- 没有链接设备
2019-07-30 20:03:40,005 INFO (TrafficStatisticsSchedule.java:251)- 清理访客文件夹
2019-07-30 20:03:41,004 INFO (TrafficStatisticsSchedule.java:251)- 清理访客文件夹
2019-07-30 20:03:42,003 INFO (TrafficStatisticsSchedule.java:251)- 清理访客文件夹
2019-07-30 20:03:43,004 INFO (TrafficStatisticsSchedule.java:251)- 清理访客文件夹
2019-07-30 20:03:44,005 INFO (TrafficStatisticsSchedule.java:251)- 清理访客文件夹
2019-07-30 20:03:45,004 INFO (TrafficStatisticsSchedule.java:251)- 清理访客文件夹
2019-07-30 20:03:46,006 INFO (TrafficStatisticsSchedule.java:251)- 清理访客文件夹
2019-07-30 20:03:47,007 INFO (TrafficStatisticsSchedule.java:251)- 清理访客文件夹
2019-07-30 20:03:48,006 INFO (TrafficStatisticsSchedule.java:251)- 清理访客文件夹
2019-07-30 20:03:49,004 INFO (TrafficStatisticsSchedule.java:251)- 清理访客文件夹
2019-07-30 20:03:50,001 INFO (TrafficStatisticsSchedule.java:99)- 调用！！！！！！！！！！！！！！Tue Jul 30 20:03:50 CST 2019
2019-07-30 20:03:50,002 INFO (TrafficStatisticsSchedule.java:198)- 没有链接设备
2019-07-30 20:03:50,010 INFO (TrafficStatisticsSchedule.java:251)- 清理访客文件夹
2019-07-30 20:03:51,005 INFO (TrafficStatisticsSchedule.java:251)- 清理访客文件夹
2019-07-30 20:03:52,003 INFO (TrafficStatisticsSchedule.java:251)- 清理访客文件夹
2019-07-30 20:03:53,008 INFO (TrafficStatisticsSchedule.java:251)- 清理访客文件夹
2019-07-30 20:03:54,002 INFO (TrafficStatisticsSchedule.java:251)- 清理访客文件夹
2019-07-30 20:03:55,002 INFO (TrafficStatisticsSchedule.java:251)- 清理访客文件夹
2019-07-30 20:03:56,006 INFO (TrafficStatisticsSchedule.java:251)- 清理访客文件夹
2019-07-30 20:03:57,006 INFO (TrafficStatisticsSchedule.java:251)- 清理访客文件夹
2019-07-30 20:03:58,005 INFO (TrafficStatisticsSchedule.java:251)- 清理访客文件夹
2019-07-30 20:03:59,004 INFO (TrafficStatisticsSchedule.java:251)- 清理访客文件夹
2019-07-30 20:04:00,001 INFO (TrafficStatisticsSchedule.java:99)- 调用！！！！！！！！！！！！！！Tue Jul 30 20:04:00 CST 2019
2019-07-30 20:04:00,002 INFO (TrafficStatisticsSchedule.java:198)- 没有链接设备
2019-07-30 20:04:00,010 INFO (TrafficStatisticsSchedule.java:251)- 清理访客文件夹
2019-07-30 20:04:01,006 INFO (TrafficStatisticsSchedule.java:251)- 清理访客文件夹
2019-07-30 20:04:02,004 INFO (TrafficStatisticsSchedule.java:251)- 清理访客文件夹
2019-07-30 20:04:03,003 INFO (TrafficStatisticsSchedule.java:251)- 清理访客文件夹
2019-07-30 20:04:04,006 INFO (TrafficStatisticsSchedule.java:251)- 清理访客文件夹
2019-07-30 20:04:05,007 INFO (TrafficStatisticsSchedule.java:251)- 清理访客文件夹
2019-07-30 20:04:06,003 INFO (TrafficStatisticsSchedule.java:251)- 清理访客文件夹
2019-07-30 20:04:07,004 INFO (TrafficStatisticsSchedule.java:251)- 清理访客文件夹
2019-07-30 20:04:08,006 INFO (TrafficStatisticsSchedule.java:251)- 清理访客文件夹
2019-07-30 20:04:09,002 INFO (TrafficStatisticsSchedule.java:251)- 清理访客文件夹
2019-07-30 20:04:10,002 INFO (TrafficStatisticsSchedule.java:99)- 调用！！！！！！！！！！！！！！Tue Jul 30 20:04:10 CST 2019
2019-07-30 20:04:10,003 INFO (TrafficStatisticsSchedule.java:198)- 没有链接设备
2019-07-30 20:04:10,006 INFO (TrafficStatisticsSchedule.java:251)- 清理访客文件夹
2019-07-30 20:04:11,007 INFO (TrafficStatisticsSchedule.java:251)- 清理访客文件夹
2019-07-30 20:04:12,007 INFO (TrafficStatisticsSchedule.java:251)- 清理访客文件夹
2019-07-30 20:04:13,003 INFO (TrafficStatisticsSchedule.java:251)- 清理访客文件夹
2019-07-30 20:04:14,005 INFO (TrafficStatisticsSchedule.java:251)- 清理访客文件夹
2019-07-30 20:04:15,004 INFO (TrafficStatisticsSchedule.java:251)- 清理访客文件夹
2019-07-30 20:04:16,007 INFO (TrafficStatisticsSchedule.java:251)- 清理访客文件夹
2019-07-30 20:04:17,004 INFO (TrafficStatisticsSchedule.java:251)- 清理访客文件夹
2019-07-30 20:04:18,007 INFO (TrafficStatisticsSchedule.java:251)- 清理访客文件夹
2019-07-30 20:04:19,010 INFO (TrafficStatisticsSchedule.java:251)- 清理访客文件夹
2019-07-30 20:04:20,003 INFO (TrafficStatisticsSchedule.java:251)- 清理访客文件夹
2019-07-30 20:04:20,003 INFO (TrafficStatisticsSchedule.java:99)- 调用！！！！！！！！！！！！！！Tue Jul 30 20:04:20 CST 2019
2019-07-30 20:04:20,004 INFO (TrafficStatisticsSchedule.java:198)- 没有链接设备
2019-07-30 20:04:21,011 INFO (TrafficStatisticsSchedule.java:251)- 清理访客文件夹
2019-07-30 20:04:22,003 INFO (TrafficStatisticsSchedule.java:251)- 清理访客文件夹
2019-07-30 20:04:23,003 INFO (TrafficStatisticsSchedule.java:251)- 清理访客文件夹
2019-07-30 20:04:24,004 INFO (TrafficStatisticsSchedule.java:251)- 清理访客文件夹
2019-07-30 20:04:25,003 INFO (TrafficStatisticsSchedule.java:251)- 清理访客文件夹
2019-07-30 20:04:26,003 INFO (TrafficStatisticsSchedule.java:251)- 清理访客文件夹
2019-07-30 20:04:27,003 INFO (TrafficStatisticsSchedule.java:251)- 清理访客文件夹
2019-07-30 20:04:28,003 INFO (TrafficStatisticsSchedule.java:251)- 清理访客文件夹
2019-07-30 20:04:29,002 INFO (TrafficStatisticsSchedule.java:251)- 清理访客文件夹
2019-07-30 20:04:30,002 INFO (TrafficStatisticsSchedule.java:99)- 调用！！！！！！！！！！！！！！Tue Jul 30 20:04:30 CST 2019
2019-07-30 20:04:30,003 INFO (TrafficStatisticsSchedule.java:198)- 没有链接设备
2019-07-30 20:04:30,010 INFO (TrafficStatisticsSchedule.java:251)- 清理访客文件夹
2019-07-30 20:04:31,007 INFO (TrafficStatisticsSchedule.java:251)- 清理访客文件夹
2019-07-30 20:04:32,006 INFO (TrafficStatisticsSchedule.java:251)- 清理访客文件夹
2019-07-30 20:04:33,006 INFO (TrafficStatisticsSchedule.java:251)- 清理访客文件夹
2019-07-30 20:04:34,006 INFO (TrafficStatisticsSchedule.java:251)- 清理访客文件夹
2019-07-30 20:04:35,006 INFO (TrafficStatisticsSchedule.java:251)- 清理访客文件夹
2019-07-30 20:04:36,005 INFO (TrafficStatisticsSchedule.java:251)- 清理访客文件夹
2019-07-30 20:04:37,004 INFO (TrafficStatisticsSchedule.java:251)- 清理访客文件夹
2019-07-30 20:04:38,006 INFO (TrafficStatisticsSchedule.java:251)- 清理访客文件夹
2019-07-30 20:04:39,006 INFO (TrafficStatisticsSchedule.java:251)- 清理访客文件夹
2019-07-30 20:04:40,002 INFO (TrafficStatisticsSchedule.java:99)- 调用！！！！！！！！！！！！！！Tue Jul 30 20:04:40 CST 2019
2019-07-30 20:04:40,003 INFO (TrafficStatisticsSchedule.java:198)- 没有链接设备
2019-07-30 20:04:40,009 INFO (TrafficStatisticsSchedule.java:251)- 清理访客文件夹
2019-07-30 20:04:41,006 INFO (TrafficStatisticsSchedule.java:251)- 清理访客文件夹
2019-07-30 20:04:42,004 INFO (TrafficStatisticsSchedule.java:251)- 清理访客文件夹
2019-07-30 20:04:43,004 INFO (TrafficStatisticsSchedule.java:251)- 清理访客文件夹
2019-07-30 20:04:44,006 INFO (TrafficStatisticsSchedule.java:251)- 清理访客文件夹
2019-07-30 20:04:45,006 INFO (TrafficStatisticsSchedule.java:251)- 清理访客文件夹
2019-07-30 20:04:46,006 INFO (TrafficStatisticsSchedule.java:251)- 清理访客文件夹
2019-07-30 20:04:47,007 INFO (TrafficStatisticsSchedule.java:251)- 清理访客文件夹
2019-07-30 20:04:48,006 INFO (TrafficStatisticsSchedule.java:251)- 清理访客文件夹
2019-07-30 20:04:49,006 INFO (TrafficStatisticsSchedule.java:251)- 清理访客文件夹
2019-07-30 20:04:50,002 INFO (TrafficStatisticsSchedule.java:99)- 调用！！！！！！！！！！！！！！Tue Jul 30 20:04:50 CST 2019
2019-07-30 20:04:50,002 INFO (TrafficStatisticsSchedule.java:198)- 没有链接设备
2019-07-30 20:04:50,006 INFO (TrafficStatisticsSchedule.java:251)- 清理访客文件夹
2019-07-30 20:04:51,005 INFO (TrafficStatisticsSchedule.java:251)- 清理访客文件夹
2019-07-30 20:04:52,005 INFO (TrafficStatisticsSchedule.java:251)- 清理访客文件夹
2019-07-30 20:04:53,006 INFO (TrafficStatisticsSchedule.java:251)- 清理访客文件夹
2019-07-30 20:04:54,006 INFO (TrafficStatisticsSchedule.java:251)- 清理访客文件夹
2019-07-30 20:04:55,006 INFO (TrafficStatisticsSchedule.java:251)- 清理访客文件夹
2019-07-30 20:04:56,009 INFO (TrafficStatisticsSchedule.java:251)- 清理访客文件夹
2019-07-30 20:04:57,006 INFO (TrafficStatisticsSchedule.java:251)- 清理访客文件夹
2019-07-30 20:04:58,003 INFO (TrafficStatisticsSchedule.java:251)- 清理访客文件夹
2019-07-30 20:04:59,006 INFO (TrafficStatisticsSchedule.java:251)- 清理访客文件夹
2019-07-30 20:05:00,001 INFO (TrafficStatisticsSchedule.java:99)- 调用！！！！！！！！！！！！！！Tue Jul 30 20:05:00 CST 2019
2019-07-30 20:05:00,003 INFO (TrafficStatisticsSchedule.java:198)- 没有链接设备
2019-07-30 20:05:00,011 INFO (TrafficStatisticsSchedule.java:251)- 清理访客文件夹
2019-07-30 20:05:01,005 INFO (TrafficStatisticsSchedule.java:251)- 清理访客文件夹
2019-07-30 20:05:02,003 INFO (TrafficStatisticsSchedule.java:251)- 清理访客文件夹
2019-07-30 20:05:03,004 INFO (TrafficStatisticsSchedule.java:251)- 清理访客文件夹
2019-07-30 20:05:04,005 INFO (TrafficStatisticsSchedule.java:251)- 清理访客文件夹
2019-07-30 20:05:05,005 INFO (TrafficStatisticsSchedule.java:251)- 清理访客文件夹
2019-07-30 20:05:06,006 INFO (TrafficStatisticsSchedule.java:251)- 清理访客文件夹
2019-07-30 20:05:07,003 INFO (TrafficStatisticsSchedule.java:251)- 清理访客文件夹
2019-07-30 20:05:08,007 INFO (TrafficStatisticsSchedule.java:251)- 清理访客文件夹
2019-07-30 20:05:09,005 INFO (TrafficStatisticsSchedule.java:251)- 清理访客文件夹
2019-07-30 20:05:10,001 INFO (TrafficStatisticsSchedule.java:99)- 调用！！！！！！！！！！！！！！Tue Jul 30 20:05:10 CST 2019
2019-07-30 20:05:10,003 INFO (TrafficStatisticsSchedule.java:198)- 没有链接设备
2019-07-30 20:05:10,009 INFO (TrafficStatisticsSchedule.java:251)- 清理访客文件夹
2019-07-30 20:05:11,004 INFO (TrafficStatisticsSchedule.java:251)- 清理访客文件夹
2019-07-30 20:05:12,003 INFO (TrafficStatisticsSchedule.java:251)- 清理访客文件夹
2019-07-30 20:05:13,005 INFO (TrafficStatisticsSchedule.java:251)- 清理访客文件夹
2019-07-30 20:05:14,005 INFO (TrafficStatisticsSchedule.java:251)- 清理访客文件夹
2019-07-30 20:05:15,003 INFO (TrafficStatisticsSchedule.java:251)- 清理访客文件夹
2019-07-30 20:05:16,005 INFO (TrafficStatisticsSchedule.java:251)- 清理访客文件夹
2019-07-30 20:05:17,003 INFO (TrafficStatisticsSchedule.java:251)- 清理访客文件夹
2019-07-30 20:05:18,005 INFO (TrafficStatisticsSchedule.java:251)- 清理访客文件夹
2019-07-30 20:05:19,002 INFO (TrafficStatisticsSchedule.java:251)- 清理访客文件夹
2019-07-30 20:05:20,005 INFO (TrafficStatisticsSchedule.java:251)- 清理访客文件夹
2019-07-30 20:05:20,006 INFO (TrafficStatisticsSchedule.java:99)- 调用！！！！！！！！！！！！！！Tue Jul 30 20:05:20 CST 2019
2019-07-30 20:05:20,008 INFO (TrafficStatisticsSchedule.java:198)- 没有链接设备
2019-07-30 20:05:21,006 INFO (TrafficStatisticsSchedule.java:251)- 清理访客文件夹
2019-07-30 20:05:22,004 INFO (TrafficStatisticsSchedule.java:251)- 清理访客文件夹
2019-07-30 20:05:23,003 INFO (TrafficStatisticsSchedule.java:251)- 清理访客文件夹
2019-07-30 20:05:24,003 INFO (TrafficStatisticsSchedule.java:251)- 清理访客文件夹
2019-07-30 20:05:25,002 INFO (TrafficStatisticsSchedule.java:251)- 清理访客文件夹
2019-07-30 20:05:26,007 INFO (TrafficStatisticsSchedule.java:251)- 清理访客文件夹
2019-07-30 20:05:27,004 INFO (TrafficStatisticsSchedule.java:251)- 清理访客文件夹
2019-07-30 20:05:28,002 INFO (TrafficStatisticsSchedule.java:251)- 清理访客文件夹
2019-07-30 20:05:29,005 INFO (TrafficStatisticsSchedule.java:251)- 清理访客文件夹
2019-07-30 20:05:30,004 INFO (TrafficStatisticsSchedule.java:251)- 清理访客文件夹
2019-07-30 20:05:30,005 INFO (TrafficStatisticsSchedule.java:99)- 调用！！！！！！！！！！！！！！Tue Jul 30 20:05:30 CST 2019
2019-07-30 20:05:30,007 INFO (TrafficStatisticsSchedule.java:198)- 没有链接设备
2019-07-30 20:05:31,004 INFO (TrafficStatisticsSchedule.java:251)- 清理访客文件夹
2019-07-30 20:05:32,002 INFO (TrafficStatisticsSchedule.java:251)- 清理访客文件夹
2019-07-30 20:05:33,005 INFO (TrafficStatisticsSchedule.java:251)- 清理访客文件夹
2019-07-30 20:05:34,006 INFO (TrafficStatisticsSchedule.java:251)- 清理访客文件夹
2019-07-30 20:05:35,005 INFO (TrafficStatisticsSchedule.java:251)- 清理访客文件夹
2019-07-30 20:05:36,006 INFO (TrafficStatisticsSchedule.java:251)- 清理访客文件夹
2019-07-30 20:05:37,004 INFO (TrafficStatisticsSchedule.java:251)- 清理访客文件夹
2019-07-30 20:05:38,005 INFO (TrafficStatisticsSchedule.java:251)- 清理访客文件夹
2019-07-30 20:05:39,006 INFO (TrafficStatisticsSchedule.java:251)- 清理访客文件夹
2019-07-30 20:05:40,004 INFO (TrafficStatisticsSchedule.java:251)- 清理访客文件夹
2019-07-30 20:05:40,006 INFO (TrafficStatisticsSchedule.java:99)- 调用！！！！！！！！！！！！！！Tue Jul 30 20:05:40 CST 2019
2019-07-30 20:05:40,007 INFO (TrafficStatisticsSchedule.java:198)- 没有链接设备
2019-07-30 20:05:41,007 INFO (TrafficStatisticsSchedule.java:251)- 清理访客文件夹
2019-07-30 20:05:42,003 INFO (TrafficStatisticsSchedule.java:251)- 清理访客文件夹
2019-07-30 20:05:43,005 INFO (TrafficStatisticsSchedule.java:251)- 清理访客文件夹
2019-07-30 20:05:43,972 INFO (AuthorizationInterceptor.java:107)- 加密之前的currentPage=1&pageSize=10&297e325a66f62bae0166f631b0b2000215644883438671564488343867
2019-07-30 20:05:43,973 INFO (AuthorizationInterceptor.java:109)- org.apache.catalina.util.ParameterMap@3a6bd018
2019-07-30 20:05:43,973 INFO (AuthorizationInterceptor.java:112)- 加密之后的sign=>B2FF1614C3619439193030955046730E
2019-07-30 20:05:44,004 INFO (TrafficStatisticsSchedule.java:251)- 清理访客文件夹
2019-07-30 20:05:44,082 INFO (AuthorizationInterceptor.java:146)- afterCompletion ----------ex => null
2019-07-30 20:05:45,006 INFO (TrafficStatisticsSchedule.java:251)- 清理访客文件夹
2019-07-30 20:05:46,002 INFO (TrafficStatisticsSchedule.java:251)- 清理访客文件夹
2019-07-30 20:05:47,004 INFO (TrafficStatisticsSchedule.java:251)- 清理访客文件夹
2019-07-30 20:05:48,002 INFO (TrafficStatisticsSchedule.java:251)- 清理访客文件夹
2019-07-30 20:05:49,003 INFO (TrafficStatisticsSchedule.java:251)- 清理访客文件夹
2019-07-30 20:05:50,003 INFO (TrafficStatisticsSchedule.java:251)- 清理访客文件夹
2019-07-30 20:05:50,004 INFO (TrafficStatisticsSchedule.java:99)- 调用！！！！！！！！！！！！！！Tue Jul 30 20:05:50 CST 2019
2019-07-30 20:05:50,005 INFO (TrafficStatisticsSchedule.java:198)- 没有链接设备
2019-07-30 20:05:51,003 INFO (TrafficStatisticsSchedule.java:251)- 清理访客文件夹
2019-07-30 20:07:34,975 INFO (StartupInfoLogger.java:50)- Starting FaceApplication on LAPTOP-3J4GOKGI with PID 12716 (C:\Users\Super\Desktop\aicheck-face-master\target\classes started by Super in C:\Users\Super\Desktop\aicheck-face-master)
2019-07-30 20:07:34,979 INFO (SpringApplication.java:675)- No active profile set, falling back to default profiles: default
2019-07-30 20:07:41,118 INFO (NettyInitial.java:69)- 【服务器启动成功========端口：9800】
2019-07-30 20:07:42,280 INFO (StartupInfoLogger.java:59)- Started FaceApplication in 8.526 seconds (JVM running for 13.159)
2019-07-30 20:07:43,146 INFO (TrafficStatisticsSchedule.java:251)- 清理访客文件夹
2019-07-30 20:07:44,004 INFO (TrafficStatisticsSchedule.java:251)- 清理访客文件夹
2019-07-30 20:07:45,005 INFO (TrafficStatisticsSchedule.java:251)- 清理访客文件夹
2019-07-30 20:07:46,004 INFO (TrafficStatisticsSchedule.java:251)- 清理访客文件夹
2019-07-30 20:07:47,003 INFO (TrafficStatisticsSchedule.java:251)- 清理访客文件夹
2019-07-30 20:07:48,004 INFO (TrafficStatisticsSchedule.java:251)- 清理访客文件夹
2019-07-30 20:07:49,004 INFO (TrafficStatisticsSchedule.java:251)- 清理访客文件夹
2019-07-30 20:07:50,002 INFO (TrafficStatisticsSchedule.java:99)- 调用！！！！！！！！！！！！！！Tue Jul 30 20:07:50 CST 2019
2019-07-30 20:07:50,010 INFO (TrafficStatisticsSchedule.java:198)- 没有链接设备
2019-07-30 20:07:50,014 INFO (TrafficStatisticsSchedule.java:251)- 清理访客文件夹
2019-07-30 20:07:51,007 INFO (TrafficStatisticsSchedule.java:251)- 清理访客文件夹
2019-07-30 20:07:51,590 INFO (AuthorizationInterceptor.java:107)- 加密之前的currentPage=1&pageSize=10&297e325a66f62bae0166f631b0b2000215644884708751564488470875
2019-07-30 20:07:51,590 INFO (AuthorizationInterceptor.java:109)- org.apache.catalina.util.ParameterMap@6e5c140
2019-07-30 20:07:51,592 INFO (AuthorizationInterceptor.java:112)- 加密之后的sign=>EF416AA8938627C646E82E14D22A208E
2019-07-30 20:07:51,947 INFO (AuthorizationInterceptor.java:146)- afterCompletion ----------ex => null
2019-07-30 20:07:52,004 INFO (TrafficStatisticsSchedule.java:251)- 清理访客文件夹
2019-07-30 20:07:53,003 INFO (TrafficStatisticsSchedule.java:251)- 清理访客文件夹
2019-07-30 20:07:54,004 INFO (TrafficStatisticsSchedule.java:251)- 清理访客文件夹
2019-07-30 20:07:55,004 INFO (TrafficStatisticsSchedule.java:251)- 清理访客文件夹
2019-07-30 20:07:56,004 INFO (TrafficStatisticsSchedule.java:251)- 清理访客文件夹
2019-07-30 20:07:57,004 INFO (TrafficStatisticsSchedule.java:251)- 清理访客文件夹
2019-07-30 20:07:58,007 INFO (TrafficStatisticsSchedule.java:251)- 清理访客文件夹
2019-07-30 20:07:58,263 INFO (AuthorizationInterceptor.java:107)- 加密之前的currentPage=1&pageSize=10&297e325a66f62bae0166f631b0b2000215644884782541564488478254
2019-07-30 20:07:58,264 INFO (AuthorizationInterceptor.java:109)- org.apache.catalina.util.ParameterMap@10303721
2019-07-30 20:07:58,265 INFO (AuthorizationInterceptor.java:112)- 加密之后的sign=>2EBA819F348D50E9777489E245410F8F
2019-07-30 20:07:58,342 INFO (AuthorizationInterceptor.java:146)- afterCompletion ----------ex => null
2019-07-30 20:07:59,003 INFO (TrafficStatisticsSchedule.java:251)- 清理访客文件夹
2019-07-30 20:08:00,002 INFO (TrafficStatisticsSchedule.java:99)- 调用！！！！！！！！！！！！！！Tue Jul 30 20:08:00 CST 2019
2019-07-30 20:08:00,002 INFO (TrafficStatisticsSchedule.java:198)- 没有链接设备
2019-07-30 20:08:00,005 INFO (TrafficStatisticsSchedule.java:251)- 清理访客文件夹
2019-07-30 20:08:01,003 INFO (TrafficStatisticsSchedule.java:251)- 清理访客文件夹
2019-07-30 20:08:02,003 INFO (TrafficStatisticsSchedule.java:251)- 清理访客文件夹
2019-07-30 20:08:03,016 INFO (TrafficStatisticsSchedule.java:251)- 清理访客文件夹
2019-07-30 20:08:04,004 INFO (TrafficStatisticsSchedule.java:251)- 清理访客文件夹
2019-07-30 20:08:05,004 INFO (TrafficStatisticsSchedule.java:251)- 清理访客文件夹
2019-07-30 20:08:06,003 INFO (TrafficStatisticsSchedule.java:251)- 清理访客文件夹
2019-07-30 20:08:07,003 INFO (TrafficStatisticsSchedule.java:251)- 清理访客文件夹
2019-07-30 20:08:08,003 INFO (TrafficStatisticsSchedule.java:251)- 清理访客文件夹
2019-07-30 20:08:09,003 INFO (TrafficStatisticsSchedule.java:251)- 清理访客文件夹
2019-07-30 20:08:10,001 INFO (TrafficStatisticsSchedule.java:99)- 调用！！！！！！！！！！！！！！Tue Jul 30 20:08:10 CST 2019
2019-07-30 20:08:10,002 INFO (TrafficStatisticsSchedule.java:198)- 没有链接设备
2019-07-30 20:08:10,005 INFO (TrafficStatisticsSchedule.java:251)- 清理访客文件夹
2019-07-30 20:08:11,004 INFO (TrafficStatisticsSchedule.java:251)- 清理访客文件夹
2019-07-30 20:08:12,004 INFO (TrafficStatisticsSchedule.java:251)- 清理访客文件夹
2019-07-30 20:08:13,005 INFO (TrafficStatisticsSchedule.java:251)- 清理访客文件夹
2019-07-30 20:08:14,004 INFO (TrafficStatisticsSchedule.java:251)- 清理访客文件夹
2019-07-30 20:08:15,008 INFO (TrafficStatisticsSchedule.java:251)- 清理访客文件夹
2019-07-30 20:08:16,003 INFO (TrafficStatisticsSchedule.java:251)- 清理访客文件夹
2019-07-30 20:08:17,005 INFO (TrafficStatisticsSchedule.java:251)- 清理访客文件夹
2019-07-30 20:08:18,005 INFO (TrafficStatisticsSchedule.java:251)- 清理访客文件夹
2019-07-30 20:08:19,003 INFO (TrafficStatisticsSchedule.java:251)- 清理访客文件夹
2019-07-30 20:08:20,004 INFO (TrafficStatisticsSchedule.java:251)- 清理访客文件夹
2019-07-30 20:08:20,005 INFO (TrafficStatisticsSchedule.java:99)- 调用！！！！！！！！！！！！！！Tue Jul 30 20:08:20 CST 2019
2019-07-30 20:08:20,006 INFO (TrafficStatisticsSchedule.java:198)- 没有链接设备
2019-07-30 20:08:21,004 INFO (TrafficStatisticsSchedule.java:251)- 清理访客文件夹
2019-07-30 20:08:22,003 INFO (TrafficStatisticsSchedule.java:251)- 清理访客文件夹
2019-07-30 20:08:23,006 INFO (TrafficStatisticsSchedule.java:251)- 清理访客文件夹
2019-07-30 20:08:24,003 INFO (TrafficStatisticsSchedule.java:251)- 清理访客文件夹
2019-07-30 20:08:24,883 INFO (AuthorizationInterceptor.java:107)- 加密之前的currentPage=1&pageSize=10&297e325a66f62bae0166f631b0b2000215644885048201564488504820
2019-07-30 20:08:24,884 INFO (AuthorizationInterceptor.java:109)- org.apache.catalina.util.ParameterMap@10303721
2019-07-30 20:08:24,885 INFO (AuthorizationInterceptor.java:112)- 加密之后的sign=>40D126BF39EA6CA960DDD0E0B81B1C51
2019-07-30 20:08:24,958 INFO (AuthorizationInterceptor.java:146)- afterCompletion ----------ex => null
2019-07-30 20:08:25,004 INFO (TrafficStatisticsSchedule.java:251)- 清理访客文件夹
2019-07-30 20:08:26,007 INFO (TrafficStatisticsSchedule.java:251)- 清理访客文件夹
2019-07-30 20:08:27,007 INFO (TrafficStatisticsSchedule.java:251)- 清理访客文件夹
2019-07-30 20:08:28,005 INFO (TrafficStatisticsSchedule.java:251)- 清理访客文件夹
2019-07-30 20:08:29,006 INFO (TrafficStatisticsSchedule.java:251)- 清理访客文件夹
2019-07-30 20:08:30,003 INFO (TrafficStatisticsSchedule.java:251)- 清理访客文件夹
2019-07-30 20:08:30,003 INFO (TrafficStatisticsSchedule.java:99)- 调用！！！！！！！！！！！！！！Tue Jul 30 20:08:30 CST 2019
2019-07-30 20:08:30,004 INFO (TrafficStatisticsSchedule.java:198)- 没有链接设备
2019-07-30 20:08:31,004 INFO (TrafficStatisticsSchedule.java:251)- 清理访客文件夹
2019-07-30 20:08:32,005 INFO (TrafficStatisticsSchedule.java:251)- 清理访客文件夹
2019-07-30 20:08:33,006 INFO (TrafficStatisticsSchedule.java:251)- 清理访客文件夹
2019-07-30 20:08:34,004 INFO (TrafficStatisticsSchedule.java:251)- 清理访客文件夹
2019-07-30 20:08:35,004 INFO (TrafficStatisticsSchedule.java:251)- 清理访客文件夹
2019-07-30 20:08:36,007 INFO (TrafficStatisticsSchedule.java:251)- 清理访客文件夹
2019-07-30 20:08:37,005 INFO (TrafficStatisticsSchedule.java:251)- 清理访客文件夹
2019-07-30 20:08:38,002 INFO (TrafficStatisticsSchedule.java:251)- 清理访客文件夹
2019-07-30 20:08:39,004 INFO (TrafficStatisticsSchedule.java:251)- 清理访客文件夹
2019-07-30 20:08:40,004 INFO (TrafficStatisticsSchedule.java:251)- 清理访客文件夹
2019-07-30 20:08:40,004 INFO (TrafficStatisticsSchedule.java:99)- 调用！！！！！！！！！！！！！！Tue Jul 30 20:08:40 CST 2019
2019-07-30 20:08:40,005 INFO (TrafficStatisticsSchedule.java:198)- 没有链接设备
2019-07-30 20:08:41,006 INFO (TrafficStatisticsSchedule.java:251)- 清理访客文件夹
2019-07-30 20:08:42,004 INFO (TrafficStatisticsSchedule.java:251)- 清理访客文件夹
2019-07-30 20:08:43,008 INFO (TrafficStatisticsSchedule.java:251)- 清理访客文件夹
2019-07-30 20:08:44,007 INFO (TrafficStatisticsSchedule.java:251)- 清理访客文件夹
2019-07-30 20:08:45,003 INFO (TrafficStatisticsSchedule.java:251)- 清理访客文件夹
2019-07-30 20:08:46,004 INFO (TrafficStatisticsSchedule.java:251)- 清理访客文件夹
2019-07-30 20:08:47,004 INFO (TrafficStatisticsSchedule.java:251)- 清理访客文件夹
2019-07-30 20:08:48,008 INFO (TrafficStatisticsSchedule.java:251)- 清理访客文件夹
2019-07-30 20:08:49,004 INFO (TrafficStatisticsSchedule.java:251)- 清理访客文件夹
2019-07-30 20:08:50,003 INFO (TrafficStatisticsSchedule.java:251)- 清理访客文件夹
2019-07-30 20:08:50,004 INFO (TrafficStatisticsSchedule.java:99)- 调用！！！！！！！！！！！！！！Tue Jul 30 20:08:50 CST 2019
2019-07-30 20:08:50,004 INFO (TrafficStatisticsSchedule.java:198)- 没有链接设备
2019-07-30 20:08:51,003 INFO (TrafficStatisticsSchedule.java:251)- 清理访客文件夹
2019-07-30 20:08:51,062 INFO (AuthorizationInterceptor.java:107)- 加密之前的currentPage=1&pageSize=10&297e325a66f62bae0166f631b0b2000215644885309001564488530900
2019-07-30 20:08:51,063 INFO (AuthorizationInterceptor.java:109)- org.apache.catalina.util.ParameterMap@5f7713d4
2019-07-30 20:08:51,064 INFO (AuthorizationInterceptor.java:112)- 加密之后的sign=>FBFC633E0674F66734AC354B06BB2AB2
2019-07-30 20:08:51,165 INFO (AuthorizationInterceptor.java:146)- afterCompletion ----------ex => null
2019-07-30 20:08:52,004 INFO (TrafficStatisticsSchedule.java:251)- 清理访客文件夹
2019-07-30 20:08:53,003 INFO (TrafficStatisticsSchedule.java:251)- 清理访客文件夹
2019-07-30 20:08:54,004 INFO (TrafficStatisticsSchedule.java:251)- 清理访客文件夹
2019-07-30 20:08:55,005 INFO (TrafficStatisticsSchedule.java:251)- 清理访客文件夹
2019-07-30 20:08:56,003 INFO (TrafficStatisticsSchedule.java:251)- 清理访客文件夹
2019-07-30 20:08:57,008 INFO (TrafficStatisticsSchedule.java:251)- 清理访客文件夹
2019-07-30 20:08:58,005 INFO (TrafficStatisticsSchedule.java:251)- 清理访客文件夹
2019-07-30 20:08:59,006 INFO (TrafficStatisticsSchedule.java:251)- 清理访客文件夹
2019-07-30 20:09:00,003 INFO (TrafficStatisticsSchedule.java:251)- 清理访客文件夹
2019-07-30 20:09:00,004 INFO (TrafficStatisticsSchedule.java:99)- 调用！！！！！！！！！！！！！！Tue Jul 30 20:09:00 CST 2019
2019-07-30 20:09:00,005 INFO (TrafficStatisticsSchedule.java:198)- 没有链接设备
2019-07-30 20:09:01,008 INFO (TrafficStatisticsSchedule.java:251)- 清理访客文件夹
2019-07-30 20:09:02,007 INFO (TrafficStatisticsSchedule.java:251)- 清理访客文件夹
2019-07-30 20:09:03,002 INFO (TrafficStatisticsSchedule.java:251)- 清理访客文件夹
2019-07-30 20:09:04,009 INFO (TrafficStatisticsSchedule.java:251)- 清理访客文件夹
2019-07-30 20:09:05,007 INFO (TrafficStatisticsSchedule.java:251)- 清理访客文件夹
2019-07-30 20:09:06,007 INFO (TrafficStatisticsSchedule.java:251)- 清理访客文件夹
2019-07-30 20:09:07,008 INFO (TrafficStatisticsSchedule.java:251)- 清理访客文件夹
2019-07-30 20:09:08,007 INFO (TrafficStatisticsSchedule.java:251)- 清理访客文件夹
2019-07-30 20:09:09,007 INFO (TrafficStatisticsSchedule.java:251)- 清理访客文件夹
2019-07-30 20:09:10,002 INFO (TrafficStatisticsSchedule.java:99)- 调用！！！！！！！！！！！！！！Tue Jul 30 20:09:10 CST 2019
2019-07-30 20:09:10,002 INFO (TrafficStatisticsSchedule.java:198)- 没有链接设备
2019-07-30 20:09:10,006 INFO (TrafficStatisticsSchedule.java:251)- 清理访客文件夹
2019-07-30 20:09:11,006 INFO (TrafficStatisticsSchedule.java:251)- 清理访客文件夹
2019-07-30 20:09:12,003 INFO (TrafficStatisticsSchedule.java:251)- 清理访客文件夹
2019-07-30 20:09:13,003 INFO (TrafficStatisticsSchedule.java:251)- 清理访客文件夹
2019-07-30 20:09:14,003 INFO (TrafficStatisticsSchedule.java:251)- 清理访客文件夹
2019-07-30 20:09:15,007 INFO (TrafficStatisticsSchedule.java:251)- 清理访客文件夹
2019-07-30 20:09:16,004 INFO (TrafficStatisticsSchedule.java:251)- 清理访客文件夹
2019-07-30 20:09:17,008 INFO (TrafficStatisticsSchedule.java:251)- 清理访客文件夹
2019-07-30 20:09:18,007 INFO (TrafficStatisticsSchedule.java:251)- 清理访客文件夹
2019-07-30 20:09:19,004 INFO (TrafficStatisticsSchedule.java:251)- 清理访客文件夹
2019-07-30 20:09:20,003 INFO (TrafficStatisticsSchedule.java:251)- 清理访客文件夹
2019-07-30 20:09:20,003 INFO (TrafficStatisticsSchedule.java:99)- 调用！！！！！！！！！！！！！！Tue Jul 30 20:09:20 CST 2019
2019-07-30 20:09:20,004 INFO (TrafficStatisticsSchedule.java:198)- 没有链接设备
2019-07-30 20:09:21,003 INFO (TrafficStatisticsSchedule.java:251)- 清理访客文件夹
2019-07-30 20:09:22,006 INFO (TrafficStatisticsSchedule.java:251)- 清理访客文件夹
2019-07-30 20:09:23,006 INFO (TrafficStatisticsSchedule.java:251)- 清理访客文件夹
2019-07-30 20:09:24,006 INFO (TrafficStatisticsSchedule.java:251)- 清理访客文件夹
2019-07-30 20:09:25,002 INFO (TrafficStatisticsSchedule.java:251)- 清理访客文件夹
2019-07-30 20:09:26,006 INFO (TrafficStatisticsSchedule.java:251)- 清理访客文件夹
2019-07-30 20:09:27,006 INFO (TrafficStatisticsSchedule.java:251)- 清理访客文件夹
2019-07-30 20:09:28,003 INFO (TrafficStatisticsSchedule.java:251)- 清理访客文件夹
2019-07-30 20:09:29,008 INFO (TrafficStatisticsSchedule.java:251)- 清理访客文件夹
2019-07-30 20:09:30,002 INFO (TrafficStatisticsSchedule.java:99)- 调用！！！！！！！！！！！！！！Tue Jul 30 20:09:30 CST 2019
2019-07-30 20:09:30,003 INFO (TrafficStatisticsSchedule.java:198)- 没有链接设备
2019-07-30 20:09:30,006 INFO (TrafficStatisticsSchedule.java:251)- 清理访客文件夹
2019-07-30 20:09:30,997 INFO (AuthorizationInterceptor.java:107)- 加密之前的currentPage=1&pageSize=10&297e325a66f62bae0166f631b0b2000215644885702501564488570250
2019-07-30 20:09:30,997 INFO (AuthorizationInterceptor.java:109)- org.apache.catalina.util.ParameterMap@334b1d74
2019-07-30 20:09:30,998 INFO (AuthorizationInterceptor.java:112)- 加密之后的sign=>E6AF236A689B2EA4CE26EA568C2B1954
2019-07-30 20:09:31,002 INFO (TrafficStatisticsSchedule.java:251)- 清理访客文件夹
2019-07-30 20:09:31,077 INFO (AuthorizationInterceptor.java:146)- afterCompletion ----------ex => null
2019-07-30 20:09:32,003 INFO (TrafficStatisticsSchedule.java:251)- 清理访客文件夹
2019-07-30 20:09:33,007 INFO (TrafficStatisticsSchedule.java:251)- 清理访客文件夹
2019-07-30 20:09:34,008 INFO (TrafficStatisticsSchedule.java:251)- 清理访客文件夹
2019-07-30 20:09:35,008 INFO (TrafficStatisticsSchedule.java:251)- 清理访客文件夹
2019-07-30 20:09:36,007 INFO (TrafficStatisticsSchedule.java:251)- 清理访客文件夹
2019-07-30 20:09:37,006 INFO (TrafficStatisticsSchedule.java:251)- 清理访客文件夹
2019-07-30 20:09:38,005 INFO (TrafficStatisticsSchedule.java:251)- 清理访客文件夹
2019-07-30 20:09:38,385 INFO (AuthorizationInterceptor.java:107)- 加密之前的currentPage=1&pageSize=10&297e325a66f62bae0166f631b0b2000215644885783771564488578377
2019-07-30 20:09:38,386 INFO (AuthorizationInterceptor.java:109)- org.apache.catalina.util.ParameterMap@6e5c140
2019-07-30 20:09:38,387 INFO (AuthorizationInterceptor.java:112)- 加密之后的sign=>C815ACB6EC2BADF1C7B403C170DC079D
2019-07-30 20:09:38,487 INFO (AuthorizationInterceptor.java:146)- afterCompletion ----------ex => null
2019-07-30 20:09:39,004 INFO (TrafficStatisticsSchedule.java:251)- 清理访客文件夹
2019-07-30 20:09:40,007 INFO (TrafficStatisticsSchedule.java:251)- 清理访客文件夹
2019-07-30 20:09:40,009 INFO (TrafficStatisticsSchedule.java:99)- 调用！！！！！！！！！！！！！！Tue Jul 30 20:09:40 CST 2019
2019-07-30 20:09:40,010 INFO (TrafficStatisticsSchedule.java:198)- 没有链接设备
2019-07-30 20:09:41,007 INFO (TrafficStatisticsSchedule.java:251)- 清理访客文件夹
2019-07-30 20:09:42,007 INFO (TrafficStatisticsSchedule.java:251)- 清理访客文件夹
2019-07-30 20:09:43,006 INFO (TrafficStatisticsSchedule.java:251)- 清理访客文件夹
2019-07-30 20:09:44,006 INFO (TrafficStatisticsSchedule.java:251)- 清理访客文件夹
2019-07-30 20:09:45,004 INFO (TrafficStatisticsSchedule.java:251)- 清理访客文件夹
2019-07-30 20:09:46,003 INFO (TrafficStatisticsSchedule.java:251)- 清理访客文件夹
2019-07-30 20:09:47,003 INFO (TrafficStatisticsSchedule.java:251)- 清理访客文件夹
2019-07-30 20:09:47,288 INFO (AuthorizationInterceptor.java:107)- 加密之前的currentPage=1&pageSize=10&297e325a66f62bae0166f631b0b2000215644885870851564488587085
2019-07-30 20:09:47,289 INFO (AuthorizationInterceptor.java:109)- org.apache.catalina.util.ParameterMap@5f7713d4
2019-07-30 20:09:47,289 INFO (AuthorizationInterceptor.java:112)- 加密之后的sign=>7821F9A0FC5829BCDA67B6826E4D9114
2019-07-30 20:09:47,414 INFO (AuthorizationInterceptor.java:146)- afterCompletion ----------ex => null
2019-07-30 20:09:48,003 INFO (TrafficStatisticsSchedule.java:251)- 清理访客文件夹
2019-07-30 20:09:49,004 INFO (TrafficStatisticsSchedule.java:251)- 清理访客文件夹
2019-07-30 20:09:49,333 INFO (AuthorizationInterceptor.java:107)- 加密之前的297e325a66f62bae0166f631b0b2000215644885893191564488589319
2019-07-30 20:09:49,334 INFO (AuthorizationInterceptor.java:109)- org.apache.catalina.util.ParameterMap@5f7713d4
2019-07-30 20:09:49,335 INFO (AuthorizationInterceptor.java:112)- 加密之后的sign=>ECFFECEB758104DFCBAE85D2EC25CC66
2019-07-30 20:09:49,384 INFO (AuthorizationInterceptor.java:146)- afterCompletion ----------ex => null
2019-07-30 20:09:50,002 INFO (TrafficStatisticsSchedule.java:99)- 调用！！！！！！！！！！！！！！Tue Jul 30 20:09:50 CST 2019
2019-07-30 20:09:50,003 INFO (TrafficStatisticsSchedule.java:198)- 没有链接设备
2019-07-30 20:09:50,007 INFO (TrafficStatisticsSchedule.java:251)- 清理访客文件夹
2019-07-30 20:09:50,806 INFO (AuthorizationInterceptor.java:107)- 加密之前的297e325a66f62bae0166f631b0b2000215644885907871564488590787
2019-07-30 20:09:50,807 INFO (AuthorizationInterceptor.java:109)- org.apache.catalina.util.ParameterMap@5f7713d4
2019-07-30 20:09:50,807 INFO (AuthorizationInterceptor.java:112)- 加密之后的sign=>23EA87EB2F368A06B4993C999FB1D278
2019-07-30 20:09:50,849 INFO (AuthorizationInterceptor.java:146)- afterCompletion ----------ex => null
2019-07-30 20:09:51,003 INFO (TrafficStatisticsSchedule.java:251)- 清理访客文件夹
2019-07-30 20:09:51,509 INFO (AuthorizationInterceptor.java:107)- 加密之前的297e325a66f62bae0166f631b0b2000215644885914961564488591496
2019-07-30 20:09:51,510 INFO (AuthorizationInterceptor.java:109)- org.apache.catalina.util.ParameterMap@5f7713d4
2019-07-30 20:09:51,510 INFO (AuthorizationInterceptor.java:112)- 加密之后的sign=>9E7C1D5645B4F620B3BC3D19266C2C72
2019-07-30 20:09:51,530 INFO (AuthorizationInterceptor.java:146)- afterCompletion ----------ex => null
2019-07-30 20:09:52,003 INFO (TrafficStatisticsSchedule.java:251)- 清理访客文件夹
2019-07-30 20:09:53,004 INFO (TrafficStatisticsSchedule.java:251)- 清理访客文件夹
2019-07-30 20:09:53,452 INFO (AuthorizationInterceptor.java:107)- 加密之前的297e325a66f62bae0166f631b0b2000215644885933391564488593339
2019-07-30 20:09:53,453 INFO (AuthorizationInterceptor.java:109)- org.apache.catalina.util.ParameterMap@5f7713d4
2019-07-30 20:09:53,453 INFO (AuthorizationInterceptor.java:112)- 加密之后的sign=>B9CF6AFC1E226ACCB82DC467B1FD9827
2019-07-30 20:09:53,484 INFO (AuthorizationInterceptor.java:146)- afterCompletion ----------ex => null
2019-07-30 20:09:53,489 INFO (AuthorizationInterceptor.java:107)- 加密之前的297e325a66f62bae0166f631b0b2000215644885933391564488593339
2019-07-30 20:09:53,489 INFO (AuthorizationInterceptor.java:109)- org.apache.catalina.util.ParameterMap@5f7713d4
2019-07-30 20:09:53,490 INFO (AuthorizationInterceptor.java:112)- 加密之后的sign=>B9CF6AFC1E226ACCB82DC467B1FD9827
2019-07-30 20:09:53,506 INFO (AuthorizationInterceptor.java:146)- afterCompletion ----------ex => null
2019-07-30 20:09:53,513 INFO (AuthorizationInterceptor.java:107)- 加密之前的cc=2019-07-30&297e325a66f62bae0166f631b0b2000215644885933391564488593339
2019-07-30 20:09:53,513 INFO (AuthorizationInterceptor.java:109)- org.apache.catalina.util.ParameterMap@5f7713d4
2019-07-30 20:09:53,514 INFO (AuthorizationInterceptor.java:112)- 加密之后的sign=>F2589A52552A199172DA0C5E3C9E3B87
2019-07-30 20:09:53,538 INFO (AuthorizationInterceptor.java:146)- afterCompletion ----------ex => null
2019-07-30 20:09:53,542 INFO (AuthorizationInterceptor.java:107)- 加密之前的297e325a66f62bae0166f631b0b2000215644885933391564488593339
2019-07-30 20:09:53,543 INFO (AuthorizationInterceptor.java:109)- org.apache.catalina.util.ParameterMap@5f7713d4
2019-07-30 20:09:53,544 INFO (AuthorizationInterceptor.java:112)- 加密之后的sign=>B9CF6AFC1E226ACCB82DC467B1FD9827
2019-07-30 20:09:53,556 INFO (AuthorizationInterceptor.java:146)- afterCompletion ----------ex => null
2019-07-30 20:09:53,560 INFO (AuthorizationInterceptor.java:107)- 加密之前的date=2019-07-30&297e325a66f62bae0166f631b0b2000215644885933391564488593339
2019-07-30 20:09:53,561 INFO (AuthorizationInterceptor.java:109)- org.apache.catalina.util.ParameterMap@5f7713d4
2019-07-30 20:09:53,561 INFO (AuthorizationInterceptor.java:112)- 加密之后的sign=>FE30F225878D70488A71FF475C8CF2A2
2019-07-30 20:09:53,572 INFO (AuthorizationInterceptor.java:146)- afterCompletion ----------ex => null
2019-07-30 20:09:53,576 INFO (AuthorizationInterceptor.java:107)- 加密之前的297e325a66f62bae0166f631b0b2000215644885933391564488593339
2019-07-30 20:09:53,576 INFO (AuthorizationInterceptor.java:109)- org.apache.catalina.util.ParameterMap@5f7713d4
2019-07-30 20:09:53,577 INFO (AuthorizationInterceptor.java:112)- 加密之后的sign=>B9CF6AFC1E226ACCB82DC467B1FD9827
2019-07-30 20:09:53,590 INFO (AuthorizationInterceptor.java:146)- afterCompletion ----------ex => null
2019-07-30 20:09:53,594 INFO (AuthorizationInterceptor.java:107)- 加密之前的297e325a66f62bae0166f631b0b2000215644885933391564488593339
2019-07-30 20:09:53,595 INFO (AuthorizationInterceptor.java:109)- org.apache.catalina.util.ParameterMap@5f7713d4
2019-07-30 20:09:53,595 INFO (AuthorizationInterceptor.java:112)- 加密之后的sign=>B9CF6AFC1E226ACCB82DC467B1FD9827
2019-07-30 20:09:53,612 INFO (AuthorizationInterceptor.java:146)- afterCompletion ----------ex => null
2019-07-30 20:09:54,004 INFO (TrafficStatisticsSchedule.java:251)- 清理访客文件夹
2019-07-30 20:09:55,005 INFO (TrafficStatisticsSchedule.java:251)- 清理访客文件夹
2019-07-30 20:09:55,598 INFO (AuthorizationInterceptor.java:107)- 加密之前的297e325a66f62bae0166f631b0b2000215644885955871564488595587
2019-07-30 20:09:55,599 INFO (AuthorizationInterceptor.java:109)- org.apache.catalina.util.ParameterMap@5f7713d4
2019-07-30 20:09:55,599 INFO (AuthorizationInterceptor.java:112)- 加密之后的sign=>BE3590815FDF327AAB34FCE5B6561395
2019-07-30 20:09:55,625 INFO (AuthorizationInterceptor.java:146)- afterCompletion ----------ex => null
2019-07-30 20:09:56,003 INFO (TrafficStatisticsSchedule.java:251)- 清理访客文件夹
2019-07-30 20:09:57,004 INFO (TrafficStatisticsSchedule.java:251)- 清理访客文件夹
2019-07-30 20:09:57,702 INFO (AuthorizationInterceptor.java:107)- 加密之前的297e325a66f62bae0166f631b0b2000215644885975971564488597597
2019-07-30 20:09:57,703 INFO (AuthorizationInterceptor.java:109)- org.apache.catalina.util.ParameterMap@5f7713d4
2019-07-30 20:09:57,704 INFO (AuthorizationInterceptor.java:112)- 加密之后的sign=>0244D0072B1BE537438F632A5543B8BD
2019-07-30 20:09:57,720 INFO (AuthorizationInterceptor.java:146)- afterCompletion ----------ex => null
2019-07-30 20:09:57,727 INFO (AuthorizationInterceptor.java:107)- 加密之前的297e325a66f62bae0166f631b0b2000215644885975971564488597597
2019-07-30 20:09:57,728 INFO (AuthorizationInterceptor.java:109)- org.apache.catalina.util.ParameterMap@5f7713d4
2019-07-30 20:09:57,728 INFO (AuthorizationInterceptor.java:112)- 加密之后的sign=>0244D0072B1BE537438F632A5543B8BD
2019-07-30 20:09:57,738 INFO (AuthorizationInterceptor.java:146)- afterCompletion ----------ex => null
2019-07-30 20:09:57,746 INFO (AuthorizationInterceptor.java:107)- 加密之前的cc=2019-07-30&297e325a66f62bae0166f631b0b2000215644885975971564488597597
2019-07-30 20:09:57,747 INFO (AuthorizationInterceptor.java:109)- org.apache.catalina.util.ParameterMap@5f7713d4
2019-07-30 20:09:57,747 INFO (AuthorizationInterceptor.java:112)- 加密之后的sign=>CA60E2719B6794D75281D2FF34B4EE65
2019-07-30 20:09:57,760 INFO (AuthorizationInterceptor.java:146)- afterCompletion ----------ex => null
2019-07-30 20:09:57,764 INFO (AuthorizationInterceptor.java:107)- 加密之前的297e325a66f62bae0166f631b0b2000215644885975971564488597597
2019-07-30 20:09:57,765 INFO (AuthorizationInterceptor.java:109)- org.apache.catalina.util.ParameterMap@5f7713d4
2019-07-30 20:09:57,765 INFO (AuthorizationInterceptor.java:112)- 加密之后的sign=>0244D0072B1BE537438F632A5543B8BD
2019-07-30 20:09:57,774 INFO (AuthorizationInterceptor.java:146)- afterCompletion ----------ex => null
2019-07-30 20:09:57,781 INFO (AuthorizationInterceptor.java:107)- 加密之前的date=2019-07-30&297e325a66f62bae0166f631b0b2000215644885975971564488597597
2019-07-30 20:09:57,781 INFO (AuthorizationInterceptor.java:109)- org.apache.catalina.util.ParameterMap@5f7713d4
2019-07-30 20:09:57,782 INFO (AuthorizationInterceptor.java:112)- 加密之后的sign=>C599422C3E78A2685A7B11C16346DD89
2019-07-30 20:09:57,794 INFO (AuthorizationInterceptor.java:146)- afterCompletion ----------ex => null
2019-07-30 20:09:57,798 INFO (AuthorizationInterceptor.java:107)- 加密之前的297e325a66f62bae0166f631b0b2000215644885975971564488597597
2019-07-30 20:09:57,799 INFO (AuthorizationInterceptor.java:109)- org.apache.catalina.util.ParameterMap@5f7713d4
2019-07-30 20:09:57,799 INFO (AuthorizationInterceptor.java:112)- 加密之后的sign=>0244D0072B1BE537438F632A5543B8BD
2019-07-30 20:09:57,811 INFO (AuthorizationInterceptor.java:146)- afterCompletion ----------ex => null
2019-07-30 20:09:57,815 INFO (AuthorizationInterceptor.java:107)- 加密之前的297e325a66f62bae0166f631b0b2000215644885975971564488597597
2019-07-30 20:09:57,816 INFO (AuthorizationInterceptor.java:109)- org.apache.catalina.util.ParameterMap@5f7713d4
2019-07-30 20:09:57,816 INFO (AuthorizationInterceptor.java:112)- 加密之后的sign=>0244D0072B1BE537438F632A5543B8BD
2019-07-30 20:09:57,827 INFO (AuthorizationInterceptor.java:146)- afterCompletion ----------ex => null
2019-07-30 20:09:58,003 INFO (TrafficStatisticsSchedule.java:251)- 清理访客文件夹
2019-07-30 20:09:59,003 INFO (TrafficStatisticsSchedule.java:251)- 清理访客文件夹
2019-07-30 20:10:00,001 INFO (TrafficStatisticsSchedule.java:99)- 调用！！！！！！！！！！！！！！Tue Jul 30 20:10:00 CST 2019
2019-07-30 20:10:00,001 INFO (TrafficStatisticsSchedule.java:198)- 没有链接设备
2019-07-30 20:10:00,006 INFO (TrafficStatisticsSchedule.java:251)- 清理访客文件夹
2019-07-30 20:10:01,004 INFO (TrafficStatisticsSchedule.java:251)- 清理访客文件夹
2019-07-30 20:10:02,007 INFO (TrafficStatisticsSchedule.java:251)- 清理访客文件夹
2019-07-30 20:10:03,004 INFO (TrafficStatisticsSchedule.java:251)- 清理访客文件夹
2019-07-30 20:10:04,003 INFO (TrafficStatisticsSchedule.java:251)- 清理访客文件夹
2019-07-30 20:10:05,003 INFO (TrafficStatisticsSchedule.java:251)- 清理访客文件夹
