2019-09-06 19:15:28,494 INFO (StartupInfoLogger.java:50)- Starting FaceApplication on 爱新觉罗的Computer with PID 19592 (C:\Users\Super\Desktop\aicheck-face-master\target\classes started by Super in C:\Users\Super\Desktop\aicheck-face-master)
2019-09-06 19:15:28,504 INFO (SpringApplication.java:675)- No active profile set, falling back to default profiles: default
2019-09-06 19:16:04,866 INFO (StartupInfoLogger.java:50)- Starting FaceApplication on 爱新觉罗的Computer with PID 15892 (C:\Users\Super\Desktop\aicheck-face-master\target\classes started by Super in C:\Users\Super\Desktop\aicheck-face-master)
2019-09-06 19:16:04,870 INFO (SpringApplication.java:675)- No active profile set, falling back to default profiles: default
2019-09-06 19:16:13,468 INFO (NettyInitial.java:69)- 【服务器启动成功========端口：9800】
2019-09-06 19:16:15,424 INFO (StartupInfoLogger.java:59)- Started FaceApplication in 10.968 seconds (JVM running for 11.57)
2019-09-06 19:16:20,985 INFO (TrafficStatisticsSchedule.java:107)- 调用！！！！！！！！！！！！！！Fri Sep 06 19:16:20 CST 2019
2019-09-06 19:16:30,002 INFO (TrafficStatisticsSchedule.java:107)- 调用！！！！！！！！！！！！！！Fri Sep 06 19:16:30 CST 2019
2019-09-06 19:16:40,217 INFO (TrafficStatisticsSchedule.java:107)- 调用！！！！！！！！！！！！！！Fri Sep 06 19:16:40 CST 2019
2019-09-06 19:16:50,002 INFO (TrafficStatisticsSchedule.java:107)- 调用！！！！！！！！！！！！！！Fri Sep 06 19:16:50 CST 2019
2019-09-06 19:17:00,001 INFO (TrafficStatisticsSchedule.java:107)- 调用！！！！！！！！！！！！！！Fri Sep 06 19:17:00 CST 2019
2019-09-06 19:17:10,287 INFO (TrafficStatisticsSchedule.java:107)- 调用！！！！！！！！！！！！！！Fri Sep 06 19:17:10 CST 2019
2019-09-06 19:17:20,282 INFO (TrafficStatisticsSchedule.java:107)- 调用！！！！！！！！！！！！！！Fri Sep 06 19:17:20 CST 2019
2019-09-06 19:17:30,000 INFO (TrafficStatisticsSchedule.java:107)- 调用！！！！！！！！！！！！！！Fri Sep 06 19:17:30 CST 2019
2019-09-06 19:17:45,742 INFO (StartupInfoLogger.java:50)- Starting FaceApplication on 爱新觉罗的Computer with PID 20964 (C:\Users\Super\Desktop\aicheck-face-master\target\classes started by Super in C:\Users\Super\Desktop\aicheck-face-master)
2019-09-06 19:17:45,748 INFO (SpringApplication.java:675)- No active profile set, falling back to default profiles: default
2019-09-06 19:17:53,901 INFO (NettyInitial.java:69)- 【服务器启动成功========端口：9800】
2019-09-06 19:17:55,780 INFO (StartupInfoLogger.java:59)- Started FaceApplication in 10.437 seconds (JVM running for 11.399)
2019-09-06 19:18:00,003 INFO (TrafficStatisticsSchedule.java:107)- 调用！！！！！！！！！！！！！！Fri Sep 06 19:18:00 CST 2019
2019-09-06 19:20:58,471 INFO (StartupInfoLogger.java:50)- Starting FaceApplication on 爱新觉罗的Computer with PID 17128 (C:\Users\Super\Desktop\aicheck-face-master\target\classes started by Super in C:\Users\Super\Desktop\aicheck-face-master)
2019-09-06 19:20:58,481 INFO (SpringApplication.java:675)- No active profile set, falling back to default profiles: default
2019-09-06 19:21:07,791 INFO (NettyInitial.java:69)- 【服务器启动成功========端口：9800】
2019-09-06 19:21:09,706 INFO (StartupInfoLogger.java:59)- Started FaceApplication in 11.798 seconds (JVM running for 12.743)
2019-09-06 19:26:24,013 INFO (TrafficStatisticsSchedule.java:107)- 调用！！！！！！！！！！！！！！Fri Sep 06 19:26:24 CST 2019
2019-09-06 19:26:30,001 INFO (TrafficStatisticsSchedule.java:107)- 调用！！！！！！！！！！！！！！Fri Sep 06 19:26:30 CST 2019
2019-09-06 19:26:44,958 INFO (TrafficStatisticsSchedule.java:107)- 调用！！！！！！！！！！！！！！Fri Sep 06 19:26:44 CST 2019
2019-09-06 19:26:50,001 INFO (TrafficStatisticsSchedule.java:107)- 调用！！！！！！！！！！！！！！Fri Sep 06 19:26:50 CST 2019
2019-09-06 19:27:12,427 INFO (TrafficStatisticsSchedule.java:107)- 调用！！！！！！！！！！！！！！Fri Sep 06 19:27:12 CST 2019
2019-09-06 19:27:47,377 INFO (StartupInfoLogger.java:50)- Starting FaceApplication on 爱新觉罗的Computer with PID 10904 (C:\Users\Super\Desktop\aicheck-face-master\target\classes started by Super in C:\Users\Super\Desktop\aicheck-face-master)
2019-09-06 19:27:47,380 INFO (SpringApplication.java:675)- No active profile set, falling back to default profiles: default
2019-09-06 19:27:54,898 INFO (NettyInitial.java:69)- 【服务器启动成功========端口：9800】
2019-09-06 19:27:56,799 INFO (StartupInfoLogger.java:59)- Started FaceApplication in 9.783 seconds (JVM running for 10.379)
2019-09-06 19:28:00,001 INFO (TrafficStatisticsSchedule.java:107)- 调用！！！！！！！！！！！！！！Fri Sep 06 19:28:00 CST 2019
2019-09-06 19:28:10,001 INFO (TrafficStatisticsSchedule.java:107)- 调用！！！！！！！！！！！！！！Fri Sep 06 19:28:10 CST 2019
2019-09-06 19:28:20,002 INFO (TrafficStatisticsSchedule.java:107)- 调用！！！！！！！！！！！！！！Fri Sep 06 19:28:20 CST 2019
2019-09-06 19:28:22,113 INFO (AuthorizationInterceptor.java:107)- 加密之前的currentPage=1&pageSize=10&297e325a66f62bae0166f631b0b2000215677692999381567769299938
2019-09-06 19:28:22,114 INFO (AuthorizationInterceptor.java:109)- org.apache.catalina.util.ParameterMap@597451f9
2019-09-06 19:28:22,116 INFO (AuthorizationInterceptor.java:112)- 加密之后的sign=>906332DA3F1CD2BD5FA22AF80D2DBE8D
2019-09-06 19:28:22,555 INFO (AuthorizationInterceptor.java:146)- afterCompletion ----------ex => null
2019-09-06 19:28:24,943 INFO (AuthorizationInterceptor.java:107)- 加密之前的297e325a66f62bae0166f631b0b2000215677693049301567769304930
2019-09-06 19:28:24,943 INFO (AuthorizationInterceptor.java:109)- org.apache.catalina.util.ParameterMap@597451f9
2019-09-06 19:28:24,944 INFO (AuthorizationInterceptor.java:112)- 加密之后的sign=>779678E26FC555707989FF57CE2E0857
2019-09-06 19:28:25,034 INFO (AuthorizationInterceptor.java:146)- afterCompletion ----------ex => null
2019-09-06 19:28:26,131 INFO (AuthorizationInterceptor.java:107)- 加密之前的297e325a66f62bae0166f631b0b2000215677693060751567769306075
2019-09-06 19:28:26,132 INFO (AuthorizationInterceptor.java:109)- org.apache.catalina.util.ParameterMap@597451f9
2019-09-06 19:28:26,132 INFO (AuthorizationInterceptor.java:112)- 加密之后的sign=>615F51CFFC6FD75016996FBD89B168F9
2019-09-06 19:28:26,971 INFO (AuthorizationInterceptor.java:146)- afterCompletion ----------ex => null
2019-09-06 19:28:26,981 INFO (AuthorizationInterceptor.java:107)- 加密之前的datestr=2019-09-06&type=4&weektype=1&297e325a66f62bae0166f631b0b2000215677693060751567769306075
2019-09-06 19:28:26,982 INFO (AuthorizationInterceptor.java:109)- org.apache.catalina.util.ParameterMap@597451f9
2019-09-06 19:28:26,983 INFO (AuthorizationInterceptor.java:112)- 加密之后的sign=>811405B7DFA4161524E2D268AF6452A8
2019-09-06 19:28:27,023 INFO (AuthorizationInterceptor.java:146)- afterCompletion ----------ex => null
2019-09-06 19:28:30,000 INFO (TrafficStatisticsSchedule.java:107)- 调用！！！！！！！！！！！！！！Fri Sep 06 19:28:30 CST 2019
2019-09-06 19:28:40,002 INFO (TrafficStatisticsSchedule.java:107)- 调用！！！！！！！！！！！！！！Fri Sep 06 19:28:40 CST 2019
2019-09-06 19:28:50,001 INFO (TrafficStatisticsSchedule.java:107)- 调用！！！！！！！！！！！！！！Fri Sep 06 19:28:50 CST 2019
2019-09-06 19:29:00,002 INFO (TrafficStatisticsSchedule.java:107)- 调用！！！！！！！！！！！！！！Fri Sep 06 19:29:00 CST 2019
2019-09-06 19:29:10,001 INFO (TrafficStatisticsSchedule.java:107)- 调用！！！！！！！！！！！！！！Fri Sep 06 19:29:10 CST 2019
2019-09-06 19:29:20,001 INFO (TrafficStatisticsSchedule.java:107)- 调用！！！！！！！！！！！！！！Fri Sep 06 19:29:20 CST 2019
2019-09-06 19:29:30,001 INFO (TrafficStatisticsSchedule.java:107)- 调用！！！！！！！！！！！！！！Fri Sep 06 19:29:30 CST 2019
2019-09-06 19:29:40,002 INFO (TrafficStatisticsSchedule.java:107)- 调用！！！！！！！！！！！！！！Fri Sep 06 19:29:40 CST 2019
2019-09-06 19:29:50,001 INFO (TrafficStatisticsSchedule.java:107)- 调用！！！！！！！！！！！！！！Fri Sep 06 19:29:50 CST 2019
2019-09-06 19:30:00,001 INFO (TrafficStatisticsSchedule.java:107)- 调用！！！！！！！！！！！！！！Fri Sep 06 19:30:00 CST 2019
2019-09-06 19:30:06,209 INFO (AuthorizationInterceptor.java:107)- 加密之前的datestr=2019-09-05&type=4&weektype=1&297e325a66f62bae0166f631b0b2000215677693060751567769306075
2019-09-06 19:30:06,209 INFO (AuthorizationInterceptor.java:109)- org.apache.catalina.util.ParameterMap@597451f9
2019-09-06 19:30:06,210 INFO (AuthorizationInterceptor.java:112)- 加密之后的sign=>94AE52080BF6A81F459DC1120DEE9B97
2019-09-06 19:30:06,218 INFO (AuthorizationInterceptor.java:146)- afterCompletion ----------ex => null
2019-09-06 19:30:08,636 INFO (AuthorizationInterceptor.java:107)- 加密之前的datestr=2019-09-06&type=4&weektype=1&297e325a66f62bae0166f631b0b2000215677693060751567769306075
2019-09-06 19:30:08,637 INFO (AuthorizationInterceptor.java:109)- org.apache.catalina.util.ParameterMap@597451f9
2019-09-06 19:30:08,637 INFO (AuthorizationInterceptor.java:112)- 加密之后的sign=>811405B7DFA4161524E2D268AF6452A8
2019-09-06 19:30:08,646 INFO (AuthorizationInterceptor.java:146)- afterCompletion ----------ex => null
2019-09-06 19:30:10,002 INFO (TrafficStatisticsSchedule.java:107)- 调用！！！！！！！！！！！！！！Fri Sep 06 19:30:10 CST 2019
2019-09-06 19:30:20,001 INFO (TrafficStatisticsSchedule.java:107)- 调用！！！！！！！！！！！！！！Fri Sep 06 19:30:20 CST 2019
2019-09-06 19:30:30,002 INFO (TrafficStatisticsSchedule.java:107)- 调用！！！！！！！！！！！！！！Fri Sep 06 19:30:30 CST 2019
2019-09-06 19:30:40,002 INFO (TrafficStatisticsSchedule.java:107)- 调用！！！！！！！！！！！！！！Fri Sep 06 19:30:40 CST 2019
2019-09-06 19:30:50,002 INFO (TrafficStatisticsSchedule.java:107)- 调用！！！！！！！！！！！！！！Fri Sep 06 19:30:50 CST 2019
2019-09-06 19:31:00,000 INFO (TrafficStatisticsSchedule.java:107)- 调用！！！！！！！！！！！！！！Fri Sep 06 19:31:00 CST 2019
2019-09-06 19:31:10,001 INFO (TrafficStatisticsSchedule.java:107)- 调用！！！！！！！！！！！！！！Fri Sep 06 19:31:10 CST 2019
2019-09-06 19:31:20,001 INFO (TrafficStatisticsSchedule.java:107)- 调用！！！！！！！！！！！！！！Fri Sep 06 19:31:20 CST 2019
2019-09-06 19:31:30,002 INFO (TrafficStatisticsSchedule.java:107)- 调用！！！！！！！！！！！！！！Fri Sep 06 19:31:30 CST 2019
2019-09-06 19:31:40,001 INFO (TrafficStatisticsSchedule.java:107)- 调用！！！！！！！！！！！！！！Fri Sep 06 19:31:40 CST 2019
2019-09-06 19:31:50,001 INFO (TrafficStatisticsSchedule.java:107)- 调用！！！！！！！！！！！！！！Fri Sep 06 19:31:50 CST 2019
2019-09-06 19:32:00,002 INFO (TrafficStatisticsSchedule.java:107)- 调用！！！！！！！！！！！！！！Fri Sep 06 19:32:00 CST 2019
2019-09-06 19:32:10,001 INFO (TrafficStatisticsSchedule.java:107)- 调用！！！！！！！！！！！！！！Fri Sep 06 19:32:10 CST 2019
2019-09-06 19:32:20,001 INFO (TrafficStatisticsSchedule.java:107)- 调用！！！！！！！！！！！！！！Fri Sep 06 19:32:20 CST 2019
2019-09-06 19:32:30,001 INFO (TrafficStatisticsSchedule.java:107)- 调用！！！！！！！！！！！！！！Fri Sep 06 19:32:30 CST 2019
2019-09-06 19:32:40,002 INFO (TrafficStatisticsSchedule.java:107)- 调用！！！！！！！！！！！！！！Fri Sep 06 19:32:40 CST 2019
2019-09-06 19:32:50,001 INFO (TrafficStatisticsSchedule.java:107)- 调用！！！！！！！！！！！！！！Fri Sep 06 19:32:50 CST 2019
2019-09-06 19:33:00,001 INFO (TrafficStatisticsSchedule.java:107)- 调用！！！！！！！！！！！！！！Fri Sep 06 19:33:00 CST 2019
2019-09-06 19:33:10,001 INFO (TrafficStatisticsSchedule.java:107)- 调用！！！！！！！！！！！！！！Fri Sep 06 19:33:10 CST 2019
2019-09-06 19:33:20,001 INFO (TrafficStatisticsSchedule.java:107)- 调用！！！！！！！！！！！！！！Fri Sep 06 19:33:20 CST 2019
2019-09-06 19:33:30,001 INFO (TrafficStatisticsSchedule.java:107)- 调用！！！！！！！！！！！！！！Fri Sep 06 19:33:30 CST 2019
2019-09-06 19:33:40,002 INFO (TrafficStatisticsSchedule.java:107)- 调用！！！！！！！！！！！！！！Fri Sep 06 19:33:40 CST 2019
2019-09-06 19:33:50,002 INFO (TrafficStatisticsSchedule.java:107)- 调用！！！！！！！！！！！！！！Fri Sep 06 19:33:50 CST 2019
2019-09-06 19:34:00,002 INFO (TrafficStatisticsSchedule.java:107)- 调用！！！！！！！！！！！！！！Fri Sep 06 19:34:00 CST 2019
2019-09-06 19:34:10,001 INFO (TrafficStatisticsSchedule.java:107)- 调用！！！！！！！！！！！！！！Fri Sep 06 19:34:10 CST 2019
2019-09-06 19:34:20,001 INFO (TrafficStatisticsSchedule.java:107)- 调用！！！！！！！！！！！！！！Fri Sep 06 19:34:20 CST 2019
2019-09-06 19:34:30,003 INFO (TrafficStatisticsSchedule.java:107)- 调用！！！！！！！！！！！！！！Fri Sep 06 19:34:30 CST 2019
2019-09-06 19:34:40,000 INFO (TrafficStatisticsSchedule.java:107)- 调用！！！！！！！！！！！！！！Fri Sep 06 19:34:40 CST 2019
2019-09-06 19:34:50,001 INFO (TrafficStatisticsSchedule.java:107)- 调用！！！！！！！！！！！！！！Fri Sep 06 19:34:50 CST 2019
2019-09-06 19:35:00,001 INFO (TrafficStatisticsSchedule.java:107)- 调用！！！！！！！！！！！！！！Fri Sep 06 19:35:00 CST 2019
2019-09-06 19:35:10,002 INFO (TrafficStatisticsSchedule.java:107)- 调用！！！！！！！！！！！！！！Fri Sep 06 19:35:10 CST 2019
2019-09-06 19:35:20,000 INFO (TrafficStatisticsSchedule.java:107)- 调用！！！！！！！！！！！！！！Fri Sep 06 19:35:20 CST 2019
2019-09-06 19:35:30,000 INFO (TrafficStatisticsSchedule.java:107)- 调用！！！！！！！！！！！！！！Fri Sep 06 19:35:30 CST 2019
2019-09-06 19:35:40,002 INFO (TrafficStatisticsSchedule.java:107)- 调用！！！！！！！！！！！！！！Fri Sep 06 19:35:40 CST 2019
2019-09-06 19:35:50,002 INFO (TrafficStatisticsSchedule.java:107)- 调用！！！！！！！！！！！！！！Fri Sep 06 19:35:50 CST 2019
