2019-07-26 17:39:42,345 INFO (StartupInfoLogger.java:50)- Starting FaceApplication on LAPTOP-3J4GOKGI with PID 24512 (C:\Users\Super\Desktop\aicheck-face-master\target\classes started by Super in C:\Users\Super\Desktop\aicheck-face-master)
2019-07-26 17:39:42,356 INFO (SpringApplication.java:675)- No active profile set, falling back to default profiles: default
2019-07-26 17:39:48,314 INFO (StartupInfoLogger.java:59)- Started FaceApplication in 6.484 seconds (JVM running for 8.15)
2019-07-26 17:39:50,002 INFO (TrafficStatisticsSchedule.java:96)- 调用！！！！！！！！！！！！！！Fri Jul 26 17:39:50 CST 2019
2019-07-26 17:39:50,012 INFO (TrafficStatisticsSchedule.java:183)- 没有链接设备
2019-07-26 17:40:00,001 INFO (TrafficStatisticsSchedule.java:96)- 调用！！！！！！！！！！！！！！Fri Jul 26 17:40:00 CST 2019
2019-07-26 17:40:00,007 INFO (TrafficStatisticsSchedule.java:183)- 没有链接设备
2019-07-26 17:40:10,001 INFO (TrafficStatisticsSchedule.java:96)- 调用！！！！！！！！！！！！！！Fri Jul 26 17:40:10 CST 2019
2019-07-26 17:40:10,003 INFO (TrafficStatisticsSchedule.java:183)- 没有链接设备
2019-07-26 17:40:20,001 INFO (TrafficStatisticsSchedule.java:96)- 调用！！！！！！！！！！！！！！Fri Jul 26 17:40:20 CST 2019
2019-07-26 17:40:20,003 INFO (TrafficStatisticsSchedule.java:183)- 没有链接设备
2019-07-26 17:40:30,002 INFO (TrafficStatisticsSchedule.java:96)- 调用！！！！！！！！！！！！！！Fri Jul 26 17:40:30 CST 2019
2019-07-26 17:40:30,004 INFO (TrafficStatisticsSchedule.java:183)- 没有链接设备
2019-07-26 17:40:40,018 INFO (TrafficStatisticsSchedule.java:96)- 调用！！！！！！！！！！！！！！Fri Jul 26 17:40:40 CST 2019
2019-07-26 17:40:40,019 INFO (TrafficStatisticsSchedule.java:183)- 没有链接设备
2019-07-26 17:40:50,001 INFO (TrafficStatisticsSchedule.java:96)- 调用！！！！！！！！！！！！！！Fri Jul 26 17:40:50 CST 2019
2019-07-26 17:40:50,003 INFO (TrafficStatisticsSchedule.java:183)- 没有链接设备
2019-07-26 17:41:00,002 INFO (TrafficStatisticsSchedule.java:96)- 调用！！！！！！！！！！！！！！Fri Jul 26 17:41:00 CST 2019
2019-07-26 17:41:00,006 INFO (TrafficStatisticsSchedule.java:183)- 没有链接设备
2019-07-26 17:41:10,001 INFO (TrafficStatisticsSchedule.java:96)- 调用！！！！！！！！！！！！！！Fri Jul 26 17:41:10 CST 2019
2019-07-26 17:41:10,003 INFO (TrafficStatisticsSchedule.java:183)- 没有链接设备
2019-07-26 17:41:20,000 INFO (TrafficStatisticsSchedule.java:96)- 调用！！！！！！！！！！！！！！Fri Jul 26 17:41:20 CST 2019
2019-07-26 17:41:20,002 INFO (TrafficStatisticsSchedule.java:183)- 没有链接设备
2019-07-26 17:41:30,001 INFO (TrafficStatisticsSchedule.java:96)- 调用！！！！！！！！！！！！！！Fri Jul 26 17:41:30 CST 2019
2019-07-26 17:41:30,004 INFO (TrafficStatisticsSchedule.java:183)- 没有链接设备
2019-07-26 17:41:40,002 INFO (TrafficStatisticsSchedule.java:96)- 调用！！！！！！！！！！！！！！Fri Jul 26 17:41:40 CST 2019
2019-07-26 17:41:40,004 INFO (TrafficStatisticsSchedule.java:183)- 没有链接设备
2019-07-26 17:41:50,002 INFO (TrafficStatisticsSchedule.java:96)- 调用！！！！！！！！！！！！！！Fri Jul 26 17:41:50 CST 2019
2019-07-26 17:41:50,003 INFO (TrafficStatisticsSchedule.java:183)- 没有链接设备
2019-07-26 17:42:00,001 INFO (TrafficStatisticsSchedule.java:96)- 调用！！！！！！！！！！！！！！Fri Jul 26 17:42:00 CST 2019
2019-07-26 17:42:00,005 INFO (TrafficStatisticsSchedule.java:183)- 没有链接设备
2019-07-26 17:42:10,002 INFO (TrafficStatisticsSchedule.java:96)- 调用！！！！！！！！！！！！！！Fri Jul 26 17:42:10 CST 2019
2019-07-26 17:42:10,003 INFO (TrafficStatisticsSchedule.java:183)- 没有链接设备
2019-07-26 17:42:20,002 INFO (TrafficStatisticsSchedule.java:96)- 调用！！！！！！！！！！！！！！Fri Jul 26 17:42:20 CST 2019
2019-07-26 17:42:20,003 INFO (TrafficStatisticsSchedule.java:183)- 没有链接设备
2019-07-26 17:42:30,002 INFO (TrafficStatisticsSchedule.java:96)- 调用！！！！！！！！！！！！！！Fri Jul 26 17:42:30 CST 2019
2019-07-26 17:42:30,003 INFO (TrafficStatisticsSchedule.java:183)- 没有链接设备
2019-07-26 17:42:40,001 INFO (TrafficStatisticsSchedule.java:96)- 调用！！！！！！！！！！！！！！Fri Jul 26 17:42:40 CST 2019
2019-07-26 17:42:40,003 INFO (TrafficStatisticsSchedule.java:183)- 没有链接设备
2019-07-26 17:42:50,002 INFO (TrafficStatisticsSchedule.java:96)- 调用！！！！！！！！！！！！！！Fri Jul 26 17:42:50 CST 2019
2019-07-26 17:42:50,004 INFO (TrafficStatisticsSchedule.java:183)- 没有链接设备
2019-07-26 17:43:00,002 INFO (TrafficStatisticsSchedule.java:96)- 调用！！！！！！！！！！！！！！Fri Jul 26 17:43:00 CST 2019
2019-07-26 17:43:00,004 INFO (TrafficStatisticsSchedule.java:183)- 没有链接设备
2019-07-26 17:43:03,323 INFO (AuthorizationInterceptor.java:107)- 加密之前的aipath=C://ai&customerpath=C://costomer&visitorspath=C://vistory&297e325a66f62bae0166f631b0b2000215641341818341564134181834
2019-07-26 17:43:03,323 INFO (AuthorizationInterceptor.java:109)- org.apache.catalina.util.ParameterMap@6188d2be
2019-07-26 17:43:03,325 INFO (AuthorizationInterceptor.java:112)- 加密之后的sign=>2968F2886E7CD4BC49B14E155E381AEF
2019-07-26 17:43:03,476 ERROR (FaceExceptionHandler.java:45)- could not execute statement; nested exception is org.hibernate.exception.GenericJDBCException: could not execute statement
org.springframework.orm.jpa.JpaSystemException: could not execute statement; nested exception is org.hibernate.exception.GenericJDBCException: could not execute statement
	at org.springframework.orm.jpa.vendor.HibernateJpaDialect.convertHibernateAccessException(HibernateJpaDialect.java:351)
	at org.springframework.orm.jpa.vendor.HibernateJpaDialect.translateExceptionIfPossible(HibernateJpaDialect.java:253)
	at org.springframework.orm.jpa.AbstractEntityManagerFactoryBean.translateExceptionIfPossible(AbstractEntityManagerFactoryBean.java:527)
	at org.springframework.dao.support.ChainedPersistenceExceptionTranslator.translateExceptionIfPossible(ChainedPersistenceExceptionTranslator.java:61)
	at org.springframework.dao.support.DataAccessUtils.translateIfNecessary(DataAccessUtils.java:242)
	at org.springframework.dao.support.PersistenceExceptionTranslationInterceptor.invoke(PersistenceExceptionTranslationInterceptor.java:153)
	at org.springframework.aop.framework.ReflectiveMethodInvocation.proceed(ReflectiveMethodInvocation.java:186)
	at org.springframework.data.jpa.repository.support.CrudMethodMetadataPostProcessor$CrudMethodMetadataPopulatingMethodInterceptor.invoke(CrudMethodMetadataPostProcessor.java:135)
	at org.springframework.aop.framework.ReflectiveMethodInvocation.proceed(ReflectiveMethodInvocation.java:186)
	at org.springframework.aop.interceptor.ExposeInvocationInterceptor.invoke(ExposeInvocationInterceptor.java:93)
	at org.springframework.aop.framework.ReflectiveMethodInvocation.proceed(ReflectiveMethodInvocation.java:186)
	at org.springframework.data.repository.core.support.SurroundingTransactionDetectorMethodInterceptor.invoke(SurroundingTransactionDetectorMethodInterceptor.java:61)
	at org.springframework.aop.framework.ReflectiveMethodInvocation.proceed(ReflectiveMethodInvocation.java:186)
	at org.springframework.aop.framework.JdkDynamicAopProxy.invoke(JdkDynamicAopProxy.java:212)
	at com.sun.proxy.$Proxy119.save(Unknown Source)
	at java.base/jdk.internal.reflect.NativeMethodAccessorImpl.invoke0(Native Method)
	at java.base/jdk.internal.reflect.NativeMethodAccessorImpl.invoke(NativeMethodAccessorImpl.java:62)
	at java.base/jdk.internal.reflect.DelegatingMethodAccessorImpl.invoke(DelegatingMethodAccessorImpl.java:43)
	at java.base/java.lang.reflect.Method.invoke(Method.java:566)
	at org.springframework.aop.support.AopUtils.invokeJoinpointUsingReflection(AopUtils.java:343)
	at org.springframework.aop.framework.JdkDynamicAopProxy.invoke(JdkDynamicAopProxy.java:206)
	at com.sun.proxy.$Proxy119.save(Unknown Source)
	at com.aicheck.face.modules.pathseting.service.impl.pathsetingServiceImpl.save(pathsetingServiceImpl.java:22)
	at com.aicheck.face.modules.pathseting.service.impl.pathsetingServiceImpl.save(pathsetingServiceImpl.java:14)
	at com.aicheck.face.modules.pathseting.service.impl.pathsetingServiceImpl$$FastClassBySpringCGLIB$$f6149967.invoke(<generated>)
	at org.springframework.cglib.proxy.MethodProxy.invoke(MethodProxy.java:218)
	at org.springframework.aop.framework.CglibAopProxy$CglibMethodInvocation.invokeJoinpoint(CglibAopProxy.java:749)
	at org.springframework.aop.framework.ReflectiveMethodInvocation.proceed(ReflectiveMethodInvocation.java:163)
	at com.alibaba.druid.support.spring.stat.DruidStatInterceptor.invoke(DruidStatInterceptor.java:72)
	at org.springframework.aop.framework.ReflectiveMethodInvocation.proceed(ReflectiveMethodInvocation.java:186)
	at org.springframework.aop.framework.CglibAopProxy$DynamicAdvisedInterceptor.intercept(CglibAopProxy.java:688)
	at com.aicheck.face.modules.pathseting.service.impl.pathsetingServiceImpl$$EnhancerBySpringCGLIB$$7cdecf3.save(<generated>)
	at com.aicheck.face.modules.pathseting.controller.pathsetingController.importExcelfore(pathsetingController.java:67)
	at com.aicheck.face.modules.pathseting.controller.pathsetingController$$FastClassBySpringCGLIB$$ff1b9167.invoke(<generated>)
	at org.springframework.cglib.proxy.MethodProxy.invoke(MethodProxy.java:218)
	at org.springframework.aop.framework.CglibAopProxy$CglibMethodInvocation.invokeJoinpoint(CglibAopProxy.java:749)
	at org.springframework.aop.framework.ReflectiveMethodInvocation.proceed(ReflectiveMethodInvocation.java:163)
	at com.alibaba.druid.support.spring.stat.DruidStatInterceptor.invoke(DruidStatInterceptor.java:72)
	at org.springframework.aop.framework.ReflectiveMethodInvocation.proceed(ReflectiveMethodInvocation.java:186)
	at org.springframework.aop.framework.CglibAopProxy$DynamicAdvisedInterceptor.intercept(CglibAopProxy.java:688)
	at com.aicheck.face.modules.pathseting.controller.pathsetingController$$EnhancerBySpringCGLIB$$a2fdd4f3.importExcelfore(<generated>)
	at java.base/jdk.internal.reflect.NativeMethodAccessorImpl.invoke0(Native Method)
	at java.base/jdk.internal.reflect.NativeMethodAccessorImpl.invoke(NativeMethodAccessorImpl.java:62)
	at java.base/jdk.internal.reflect.DelegatingMethodAccessorImpl.invoke(DelegatingMethodAccessorImpl.java:43)
	at java.base/java.lang.reflect.Method.invoke(Method.java:566)
	at org.springframework.web.method.support.InvocableHandlerMethod.doInvoke(InvocableHandlerMethod.java:189)
	at org.springframework.web.method.support.InvocableHandlerMethod.invokeForRequest(InvocableHandlerMethod.java:138)
	at org.springframework.web.servlet.mvc.method.annotation.ServletInvocableHandlerMethod.invokeAndHandle(ServletInvocableHandlerMethod.java:102)
	at org.springframework.web.servlet.mvc.method.annotation.RequestMappingHandlerAdapter.invokeHandlerMethod(RequestMappingHandlerAdapter.java:895)
	at org.springframework.web.servlet.mvc.method.annotation.RequestMappingHandlerAdapter.handleInternal(RequestMappingHandlerAdapter.java:800)
	at org.springframework.web.servlet.mvc.method.AbstractHandlerMethodAdapter.handle(AbstractHandlerMethodAdapter.java:87)
	at org.springframework.web.servlet.DispatcherServlet.doDispatch(DispatcherServlet.java:1038)
	at org.springframework.web.servlet.DispatcherServlet.doService(DispatcherServlet.java:942)
	at org.springframework.web.servlet.FrameworkServlet.processRequest(FrameworkServlet.java:1005)
	at org.springframework.web.servlet.FrameworkServlet.doPost(FrameworkServlet.java:908)
	at javax.servlet.http.HttpServlet.service(HttpServlet.java:660)
	at org.springframework.web.servlet.FrameworkServlet.service(FrameworkServlet.java:882)
	at javax.servlet.http.HttpServlet.service(HttpServlet.java:741)
	at org.apache.catalina.core.ApplicationFilterChain.internalDoFilter(ApplicationFilterChain.java:231)
	at org.apache.catalina.core.ApplicationFilterChain.doFilter(ApplicationFilterChain.java:166)
	at org.apache.tomcat.websocket.server.WsFilter.doFilter(WsFilter.java:53)
	at org.apache.catalina.core.ApplicationFilterChain.internalDoFilter(ApplicationFilterChain.java:193)
	at org.apache.catalina.core.ApplicationFilterChain.doFilter(ApplicationFilterChain.java:166)
	at com.alibaba.druid.support.http.WebStatFilter.doFilter(WebStatFilter.java:123)
	at org.apache.catalina.core.ApplicationFilterChain.internalDoFilter(ApplicationFilterChain.java:193)
	at org.apache.catalina.core.ApplicationFilterChain.doFilter(ApplicationFilterChain.java:166)
	at com.alibaba.druid.support.http.WebStatFilter.doFilter(WebStatFilter.java:123)
	at org.apache.catalina.core.ApplicationFilterChain.internalDoFilter(ApplicationFilterChain.java:193)
	at org.apache.catalina.core.ApplicationFilterChain.doFilter(ApplicationFilterChain.java:166)
	at org.springframework.web.filter.RequestContextFilter.doFilterInternal(RequestContextFilter.java:99)
	at org.springframework.web.filter.OncePerRequestFilter.doFilter(OncePerRequestFilter.java:107)
	at org.apache.catalina.core.ApplicationFilterChain.internalDoFilter(ApplicationFilterChain.java:193)
	at org.apache.catalina.core.ApplicationFilterChain.doFilter(ApplicationFilterChain.java:166)
	at org.springframework.web.filter.FormContentFilter.doFilterInternal(FormContentFilter.java:92)
	at org.springframework.web.filter.OncePerRequestFilter.doFilter(OncePerRequestFilter.java:107)
	at org.apache.catalina.core.ApplicationFilterChain.internalDoFilter(ApplicationFilterChain.java:193)
	at org.apache.catalina.core.ApplicationFilterChain.doFilter(ApplicationFilterChain.java:166)
	at org.springframework.web.filter.HiddenHttpMethodFilter.doFilterInternal(HiddenHttpMethodFilter.java:93)
	at org.springframework.web.filter.OncePerRequestFilter.doFilter(OncePerRequestFilter.java:107)
	at org.apache.catalina.core.ApplicationFilterChain.internalDoFilter(ApplicationFilterChain.java:193)
	at org.apache.catalina.core.ApplicationFilterChain.doFilter(ApplicationFilterChain.java:166)
	at org.springframework.web.filter.CharacterEncodingFilter.doFilterInternal(CharacterEncodingFilter.java:200)
	at org.springframework.web.filter.OncePerRequestFilter.doFilter(OncePerRequestFilter.java:107)
	at org.apache.catalina.core.ApplicationFilterChain.internalDoFilter(ApplicationFilterChain.java:193)
	at org.apache.catalina.core.ApplicationFilterChain.doFilter(ApplicationFilterChain.java:166)
	at org.apache.catalina.core.StandardWrapperValve.invoke(StandardWrapperValve.java:199)
	at org.apache.catalina.core.StandardContextValve.invoke(StandardContextValve.java:96)
	at org.apache.catalina.authenticator.AuthenticatorBase.invoke(AuthenticatorBase.java:490)
	at org.apache.catalina.core.StandardHostValve.invoke(StandardHostValve.java:139)
	at org.apache.catalina.valves.ErrorReportValve.invoke(ErrorReportValve.java:92)
	at org.apache.catalina.core.StandardEngineValve.invoke(StandardEngineValve.java:74)
	at org.apache.catalina.connector.CoyoteAdapter.service(CoyoteAdapter.java:343)
	at org.apache.coyote.http11.Http11Processor.service(Http11Processor.java:408)
	at org.apache.coyote.AbstractProcessorLight.process(AbstractProcessorLight.java:66)
	at org.apache.coyote.AbstractProtocol$ConnectionHandler.process(AbstractProtocol.java:834)
	at org.apache.tomcat.util.net.NioEndpoint$SocketProcessor.doRun(NioEndpoint.java:1417)
	at org.apache.tomcat.util.net.SocketProcessorBase.run(SocketProcessorBase.java:49)
	at java.base/java.util.concurrent.ThreadPoolExecutor.runWorker(ThreadPoolExecutor.java:1128)
	at java.base/java.util.concurrent.ThreadPoolExecutor$Worker.run(ThreadPoolExecutor.java:628)
	at org.apache.tomcat.util.threads.TaskThread$WrappingRunnable.run(TaskThread.java:61)
	at java.base/java.lang.Thread.run(Thread.java:834)
Caused by: org.hibernate.exception.GenericJDBCException: could not execute statement
	at org.hibernate.exception.internal.StandardSQLExceptionConverter.convert(StandardSQLExceptionConverter.java:47)
	at org.hibernate.engine.jdbc.spi.SqlExceptionHelper.convert(SqlExceptionHelper.java:113)
	at org.hibernate.engine.jdbc.spi.SqlExceptionHelper.convert(SqlExceptionHelper.java:99)
	at org.hibernate.engine.jdbc.internal.ResultSetReturnImpl.executeUpdate(ResultSetReturnImpl.java:178)
	at org.hibernate.dialect.identity.GetGeneratedKeysDelegate.executeAndExtract(GetGeneratedKeysDelegate.java:57)
	at org.hibernate.id.insert.AbstractReturningDelegate.performInsert(AbstractReturningDelegate.java:42)
	at org.hibernate.persister.entity.AbstractEntityPersister.insert(AbstractEntityPersister.java:3072)
	at org.hibernate.persister.entity.AbstractEntityPersister.insert(AbstractEntityPersister.java:3663)
	at org.hibernate.action.internal.EntityIdentityInsertAction.execute(EntityIdentityInsertAction.java:81)
	at org.hibernate.engine.spi.ActionQueue.execute(ActionQueue.java:645)
	at org.hibernate.engine.spi.ActionQueue.addResolvedEntityInsertAction(ActionQueue.java:282)
	at org.hibernate.engine.spi.ActionQueue.addInsertAction(ActionQueue.java:263)
	at org.hibernate.engine.spi.ActionQueue.addAction(ActionQueue.java:317)
	at org.hibernate.event.internal.AbstractSaveEventListener.addInsertAction(AbstractSaveEventListener.java:359)
	at org.hibernate.event.internal.AbstractSaveEventListener.performSaveOrReplicate(AbstractSaveEventListener.java:292)
	at org.hibernate.event.internal.AbstractSaveEventListener.performSave(AbstractSaveEventListener.java:200)
	at org.hibernate.event.internal.AbstractSaveEventListener.saveWithGeneratedId(AbstractSaveEventListener.java:131)
	at org.hibernate.event.internal.DefaultPersistEventListener.entityIsTransient(DefaultPersistEventListener.java:192)
	at org.hibernate.event.internal.DefaultPersistEventListener.onPersist(DefaultPersistEventListener.java:135)
	at org.hibernate.event.internal.DefaultPersistEventListener.onPersist(DefaultPersistEventListener.java:62)
	at org.hibernate.internal.SessionImpl.firePersist(SessionImpl.java:800)
	at org.hibernate.internal.SessionImpl.persist(SessionImpl.java:785)
	at java.base/jdk.internal.reflect.NativeMethodAccessorImpl.invoke0(Native Method)
	at java.base/jdk.internal.reflect.NativeMethodAccessorImpl.invoke(NativeMethodAccessorImpl.java:62)
	at java.base/jdk.internal.reflect.DelegatingMethodAccessorImpl.invoke(DelegatingMethodAccessorImpl.java:43)
	at java.base/java.lang.reflect.Method.invoke(Method.java:566)
	at org.springframework.orm.jpa.ExtendedEntityManagerCreator$ExtendedEntityManagerInvocationHandler.invoke(ExtendedEntityManagerCreator.java:350)
	at com.sun.proxy.$Proxy93.persist(Unknown Source)
	at java.base/jdk.internal.reflect.NativeMethodAccessorImpl.invoke0(Native Method)
	at java.base/jdk.internal.reflect.NativeMethodAccessorImpl.invoke(NativeMethodAccessorImpl.java:62)
	at java.base/jdk.internal.reflect.DelegatingMethodAccessorImpl.invoke(DelegatingMethodAccessorImpl.java:43)
	at java.base/java.lang.reflect.Method.invoke(Method.java:566)
	at org.springframework.orm.jpa.SharedEntityManagerCreator$SharedEntityManagerInvocationHandler.invoke(SharedEntityManagerCreator.java:308)
	at com.sun.proxy.$Proxy93.persist(Unknown Source)
	at org.springframework.data.jpa.repository.support.SimpleJpaRepository.save(SimpleJpaRepository.java:489)
	at java.base/jdk.internal.reflect.NativeMethodAccessorImpl.invoke0(Native Method)
	at java.base/jdk.internal.reflect.NativeMethodAccessorImpl.invoke(NativeMethodAccessorImpl.java:62)
	at java.base/jdk.internal.reflect.DelegatingMethodAccessorImpl.invoke(DelegatingMethodAccessorImpl.java:43)
	at java.base/java.lang.reflect.Method.invoke(Method.java:566)
	at org.springframework.data.repository.core.support.RepositoryComposition$RepositoryFragments.invoke(RepositoryComposition.java:359)
	at org.springframework.data.repository.core.support.RepositoryComposition.invoke(RepositoryComposition.java:200)
	at org.springframework.data.repository.core.support.RepositoryFactorySupport$ImplementationMethodExecutionInterceptor.invoke(RepositoryFactorySupport.java:644)
	at org.springframework.aop.framework.ReflectiveMethodInvocation.proceed(ReflectiveMethodInvocation.java:186)
	at org.springframework.data.repository.core.support.RepositoryFactorySupport$QueryExecutorMethodInterceptor.doInvoke(RepositoryFactorySupport.java:608)
	at org.springframework.data.repository.core.support.RepositoryFactorySupport$QueryExecutorMethodInterceptor.lambda$invoke$3(RepositoryFactorySupport.java:595)
	at org.springframework.data.repository.core.support.RepositoryFactorySupport$QueryExecutorMethodInterceptor.invoke(RepositoryFactorySupport.java:595)
	at org.springframework.aop.framework.ReflectiveMethodInvocation.proceed(ReflectiveMethodInvocation.java:186)
	at org.springframework.data.projection.DefaultMethodInvokingMethodInterceptor.invoke(DefaultMethodInvokingMethodInterceptor.java:59)
	at org.springframework.aop.framework.ReflectiveMethodInvocation.proceed(ReflectiveMethodInvocation.java:186)
	at org.springframework.transaction.interceptor.TransactionAspectSupport.invokeWithinTransaction(TransactionAspectSupport.java:294)
	at org.springframework.transaction.interceptor.TransactionInterceptor.invoke(TransactionInterceptor.java:98)
	at org.springframework.aop.framework.ReflectiveMethodInvocation.proceed(ReflectiveMethodInvocation.java:186)
	at org.springframework.dao.support.PersistenceExceptionTranslationInterceptor.invoke(PersistenceExceptionTranslationInterceptor.java:139)
	... 95 common frames omitted
Caused by: java.sql.SQLException: Field 'id' doesn't have a default value
	at com.mysql.cj.jdbc.exceptions.SQLError.createSQLException(SQLError.java:129)
	at com.mysql.cj.jdbc.exceptions.SQLError.createSQLException(SQLError.java:97)
	at com.mysql.cj.jdbc.exceptions.SQLExceptionsMapping.translateException(SQLExceptionsMapping.java:122)
	at com.mysql.cj.jdbc.ClientPreparedStatement.executeInternal(ClientPreparedStatement.java:974)
	at com.mysql.cj.jdbc.ClientPreparedStatement.executeUpdateInternal(ClientPreparedStatement.java:1113)
	at com.mysql.cj.jdbc.ClientPreparedStatement.executeUpdateInternal(ClientPreparedStatement.java:1061)
	at com.mysql.cj.jdbc.ClientPreparedStatement.executeLargeUpdate(ClientPreparedStatement.java:1381)
	at com.mysql.cj.jdbc.ClientPreparedStatement.executeUpdate(ClientPreparedStatement.java:1046)
	at com.alibaba.druid.filter.FilterChainImpl.preparedStatement_executeUpdate(FilterChainImpl.java:2843)
	at com.alibaba.druid.filter.FilterAdapter.preparedStatement_executeUpdate(FilterAdapter.java:1091)
	at com.alibaba.druid.filter.FilterEventAdapter.preparedStatement_executeUpdate(FilterEventAdapter.java:491)
	at com.alibaba.druid.filter.FilterChainImpl.preparedStatement_executeUpdate(FilterChainImpl.java:2841)
	at com.alibaba.druid.proxy.jdbc.PreparedStatementProxyImpl.executeUpdate(PreparedStatementProxyImpl.java:194)
	at com.alibaba.druid.pool.DruidPooledPreparedStatement.executeUpdate(DruidPooledPreparedStatement.java:256)
	at org.hibernate.engine.jdbc.internal.ResultSetReturnImpl.executeUpdate(ResultSetReturnImpl.java:175)
	... 144 common frames omitted
2019-07-26 17:43:03,549 INFO (AuthorizationInterceptor.java:146)- afterCompletion ----------ex => null
2019-07-26 17:43:10,000 INFO (TrafficStatisticsSchedule.java:96)- 调用！！！！！！！！！！！！！！Fri Jul 26 17:43:10 CST 2019
2019-07-26 17:43:10,002 INFO (TrafficStatisticsSchedule.java:183)- 没有链接设备
2019-07-26 17:43:20,001 INFO (TrafficStatisticsSchedule.java:96)- 调用！！！！！！！！！！！！！！Fri Jul 26 17:43:20 CST 2019
2019-07-26 17:43:20,002 INFO (TrafficStatisticsSchedule.java:183)- 没有链接设备
2019-07-26 17:43:30,002 INFO (TrafficStatisticsSchedule.java:96)- 调用！！！！！！！！！！！！！！Fri Jul 26 17:43:30 CST 2019
2019-07-26 17:43:30,003 INFO (TrafficStatisticsSchedule.java:183)- 没有链接设备
2019-07-26 17:43:40,002 INFO (TrafficStatisticsSchedule.java:96)- 调用！！！！！！！！！！！！！！Fri Jul 26 17:43:40 CST 2019
2019-07-26 17:43:40,003 INFO (TrafficStatisticsSchedule.java:183)- 没有链接设备
2019-07-26 17:43:50,001 INFO (TrafficStatisticsSchedule.java:96)- 调用！！！！！！！！！！！！！！Fri Jul 26 17:43:50 CST 2019
2019-07-26 17:43:50,002 INFO (TrafficStatisticsSchedule.java:183)- 没有链接设备
2019-07-26 17:44:00,002 INFO (TrafficStatisticsSchedule.java:96)- 调用！！！！！！！！！！！！！！Fri Jul 26 17:44:00 CST 2019
2019-07-26 17:44:00,003 INFO (TrafficStatisticsSchedule.java:183)- 没有链接设备
2019-07-26 17:44:10,001 INFO (TrafficStatisticsSchedule.java:96)- 调用！！！！！！！！！！！！！！Fri Jul 26 17:44:10 CST 2019
2019-07-26 17:44:10,003 INFO (TrafficStatisticsSchedule.java:183)- 没有链接设备
2019-07-26 17:44:20,001 INFO (TrafficStatisticsSchedule.java:96)- 调用！！！！！！！！！！！！！！Fri Jul 26 17:44:20 CST 2019
2019-07-26 17:44:20,002 INFO (TrafficStatisticsSchedule.java:183)- 没有链接设备
2019-07-26 17:44:30,001 INFO (TrafficStatisticsSchedule.java:96)- 调用！！！！！！！！！！！！！！Fri Jul 26 17:44:30 CST 2019
2019-07-26 17:44:30,002 INFO (TrafficStatisticsSchedule.java:183)- 没有链接设备
2019-07-26 17:44:40,000 INFO (TrafficStatisticsSchedule.java:96)- 调用！！！！！！！！！！！！！！Fri Jul 26 17:44:40 CST 2019
2019-07-26 17:44:40,002 INFO (TrafficStatisticsSchedule.java:183)- 没有链接设备
2019-07-26 17:44:50,001 INFO (TrafficStatisticsSchedule.java:96)- 调用！！！！！！！！！！！！！！Fri Jul 26 17:44:50 CST 2019
2019-07-26 17:44:50,003 INFO (TrafficStatisticsSchedule.java:183)- 没有链接设备
2019-07-26 17:44:54,484 INFO (AuthorizationInterceptor.java:107)- 加密之前的aipath=C://ai&customerpath=C://customer&visitorspath=C://vistory&297e325a66f62bae0166f631b0b2000215641342703061564134270306
2019-07-26 17:44:54,484 INFO (AuthorizationInterceptor.java:109)- org.apache.catalina.util.ParameterMap@6188d2be
2019-07-26 17:44:54,485 INFO (AuthorizationInterceptor.java:112)- 加密之后的sign=>136FB3578B8CAA9DB29BEE18EBC8C044
2019-07-26 17:44:54,558 INFO (AuthorizationInterceptor.java:146)- afterCompletion ----------ex => null
2019-07-26 17:45:00,002 INFO (TrafficStatisticsSchedule.java:96)- 调用！！！！！！！！！！！！！！Fri Jul 26 17:45:00 CST 2019
2019-07-26 17:45:00,004 INFO (TrafficStatisticsSchedule.java:183)- 没有链接设备
2019-07-26 17:45:10,000 INFO (TrafficStatisticsSchedule.java:96)- 调用！！！！！！！！！！！！！！Fri Jul 26 17:45:10 CST 2019
2019-07-26 17:45:10,002 INFO (TrafficStatisticsSchedule.java:183)- 没有链接设备
2019-07-26 17:45:20,001 INFO (TrafficStatisticsSchedule.java:96)- 调用！！！！！！！！！！！！！！Fri Jul 26 17:45:20 CST 2019
2019-07-26 17:45:20,001 INFO (TrafficStatisticsSchedule.java:183)- 没有链接设备
2019-07-26 17:45:30,002 INFO (TrafficStatisticsSchedule.java:96)- 调用！！！！！！！！！！！！！！Fri Jul 26 17:45:30 CST 2019
2019-07-26 17:45:30,004 INFO (TrafficStatisticsSchedule.java:183)- 没有链接设备
2019-07-26 17:45:40,002 INFO (TrafficStatisticsSchedule.java:96)- 调用！！！！！！！！！！！！！！Fri Jul 26 17:45:40 CST 2019
2019-07-26 17:45:40,004 INFO (TrafficStatisticsSchedule.java:183)- 没有链接设备
2019-07-26 17:45:50,001 INFO (TrafficStatisticsSchedule.java:96)- 调用！！！！！！！！！！！！！！Fri Jul 26 17:45:50 CST 2019
2019-07-26 17:45:50,003 INFO (TrafficStatisticsSchedule.java:183)- 没有链接设备
2019-07-26 17:46:00,001 INFO (TrafficStatisticsSchedule.java:96)- 调用！！！！！！！！！！！！！！Fri Jul 26 17:46:00 CST 2019
2019-07-26 17:46:00,003 INFO (TrafficStatisticsSchedule.java:183)- 没有链接设备
2019-07-26 17:46:10,002 INFO (TrafficStatisticsSchedule.java:96)- 调用！！！！！！！！！！！！！！Fri Jul 26 17:46:10 CST 2019
2019-07-26 17:46:10,004 INFO (TrafficStatisticsSchedule.java:183)- 没有链接设备
2019-07-26 17:46:20,002 INFO (TrafficStatisticsSchedule.java:96)- 调用！！！！！！！！！！！！！！Fri Jul 26 17:46:20 CST 2019
2019-07-26 17:46:20,004 INFO (TrafficStatisticsSchedule.java:183)- 没有链接设备
2019-07-26 17:46:30,001 INFO (TrafficStatisticsSchedule.java:96)- 调用！！！！！！！！！！！！！！Fri Jul 26 17:46:30 CST 2019
2019-07-26 17:46:30,003 INFO (TrafficStatisticsSchedule.java:183)- 没有链接设备
2019-07-26 17:46:40,001 INFO (TrafficStatisticsSchedule.java:96)- 调用！！！！！！！！！！！！！！Fri Jul 26 17:46:40 CST 2019
2019-07-26 17:46:40,003 INFO (TrafficStatisticsSchedule.java:183)- 没有链接设备
2019-07-26 17:46:50,002 INFO (TrafficStatisticsSchedule.java:96)- 调用！！！！！！！！！！！！！！Fri Jul 26 17:46:50 CST 2019
2019-07-26 17:46:50,004 INFO (TrafficStatisticsSchedule.java:183)- 没有链接设备
2019-07-26 17:47:00,002 INFO (TrafficStatisticsSchedule.java:96)- 调用！！！！！！！！！！！！！！Fri Jul 26 17:47:00 CST 2019
2019-07-26 17:47:00,004 INFO (TrafficStatisticsSchedule.java:183)- 没有链接设备
2019-07-26 17:47:10,001 INFO (TrafficStatisticsSchedule.java:96)- 调用！！！！！！！！！！！！！！Fri Jul 26 17:47:10 CST 2019
2019-07-26 17:47:10,003 INFO (TrafficStatisticsSchedule.java:183)- 没有链接设备
2019-07-26 17:47:20,002 INFO (TrafficStatisticsSchedule.java:96)- 调用！！！！！！！！！！！！！！Fri Jul 26 17:47:20 CST 2019
2019-07-26 17:47:20,004 INFO (TrafficStatisticsSchedule.java:183)- 没有链接设备
2019-07-26 17:47:30,000 INFO (TrafficStatisticsSchedule.java:96)- 调用！！！！！！！！！！！！！！Fri Jul 26 17:47:30 CST 2019
2019-07-26 17:47:30,002 INFO (TrafficStatisticsSchedule.java:183)- 没有链接设备
2019-07-26 17:47:40,001 INFO (TrafficStatisticsSchedule.java:96)- 调用！！！！！！！！！！！！！！Fri Jul 26 17:47:40 CST 2019
2019-07-26 17:47:40,003 INFO (TrafficStatisticsSchedule.java:183)- 没有链接设备
2019-07-26 17:47:50,001 INFO (TrafficStatisticsSchedule.java:96)- 调用！！！！！！！！！！！！！！Fri Jul 26 17:47:50 CST 2019
2019-07-26 17:47:50,003 INFO (TrafficStatisticsSchedule.java:183)- 没有链接设备
2019-07-26 17:48:00,001 INFO (TrafficStatisticsSchedule.java:96)- 调用！！！！！！！！！！！！！！Fri Jul 26 17:48:00 CST 2019
2019-07-26 17:48:00,003 INFO (TrafficStatisticsSchedule.java:183)- 没有链接设备
2019-07-26 17:48:10,000 INFO (TrafficStatisticsSchedule.java:96)- 调用！！！！！！！！！！！！！！Fri Jul 26 17:48:10 CST 2019
2019-07-26 17:48:10,002 INFO (TrafficStatisticsSchedule.java:183)- 没有链接设备
2019-07-26 17:48:20,000 INFO (TrafficStatisticsSchedule.java:96)- 调用！！！！！！！！！！！！！！Fri Jul 26 17:48:20 CST 2019
2019-07-26 17:48:20,002 INFO (TrafficStatisticsSchedule.java:183)- 没有链接设备
2019-07-26 17:48:30,001 INFO (TrafficStatisticsSchedule.java:96)- 调用！！！！！！！！！！！！！！Fri Jul 26 17:48:30 CST 2019
2019-07-26 17:48:30,002 INFO (TrafficStatisticsSchedule.java:183)- 没有链接设备
2019-07-26 17:48:40,001 INFO (TrafficStatisticsSchedule.java:96)- 调用！！！！！！！！！！！！！！Fri Jul 26 17:48:40 CST 2019
2019-07-26 17:48:40,001 INFO (TrafficStatisticsSchedule.java:183)- 没有链接设备
2019-07-26 17:48:50,001 INFO (TrafficStatisticsSchedule.java:96)- 调用！！！！！！！！！！！！！！Fri Jul 26 17:48:50 CST 2019
2019-07-26 17:48:50,003 INFO (TrafficStatisticsSchedule.java:183)- 没有链接设备
2019-07-26 17:49:00,001 INFO (TrafficStatisticsSchedule.java:96)- 调用！！！！！！！！！！！！！！Fri Jul 26 17:49:00 CST 2019
2019-07-26 17:49:00,003 INFO (TrafficStatisticsSchedule.java:183)- 没有链接设备
2019-07-26 17:49:10,000 INFO (TrafficStatisticsSchedule.java:96)- 调用！！！！！！！！！！！！！！Fri Jul 26 17:49:10 CST 2019
2019-07-26 17:49:10,002 INFO (TrafficStatisticsSchedule.java:183)- 没有链接设备
2019-07-26 17:49:20,001 INFO (TrafficStatisticsSchedule.java:96)- 调用！！！！！！！！！！！！！！Fri Jul 26 17:49:20 CST 2019
2019-07-26 17:49:20,003 INFO (TrafficStatisticsSchedule.java:183)- 没有链接设备
2019-07-26 17:49:30,001 INFO (TrafficStatisticsSchedule.java:96)- 调用！！！！！！！！！！！！！！Fri Jul 26 17:49:30 CST 2019
2019-07-26 17:49:30,003 INFO (TrafficStatisticsSchedule.java:183)- 没有链接设备
2019-07-26 17:49:40,002 INFO (TrafficStatisticsSchedule.java:96)- 调用！！！！！！！！！！！！！！Fri Jul 26 17:49:40 CST 2019
2019-07-26 17:49:40,003 INFO (TrafficStatisticsSchedule.java:183)- 没有链接设备
2019-07-26 17:49:50,002 INFO (TrafficStatisticsSchedule.java:96)- 调用！！！！！！！！！！！！！！Fri Jul 26 17:49:50 CST 2019
2019-07-26 17:49:50,005 INFO (TrafficStatisticsSchedule.java:183)- 没有链接设备
2019-07-26 17:50:00,000 INFO (TrafficStatisticsSchedule.java:96)- 调用！！！！！！！！！！！！！！Fri Jul 26 17:50:00 CST 2019
2019-07-26 17:50:00,003 INFO (TrafficStatisticsSchedule.java:183)- 没有链接设备
2019-07-26 17:50:10,001 INFO (TrafficStatisticsSchedule.java:96)- 调用！！！！！！！！！！！！！！Fri Jul 26 17:50:10 CST 2019
2019-07-26 17:50:10,003 INFO (TrafficStatisticsSchedule.java:183)- 没有链接设备
2019-07-26 17:50:20,001 INFO (TrafficStatisticsSchedule.java:96)- 调用！！！！！！！！！！！！！！Fri Jul 26 17:50:20 CST 2019
2019-07-26 17:50:20,003 INFO (TrafficStatisticsSchedule.java:183)- 没有链接设备
2019-07-26 17:50:30,002 INFO (TrafficStatisticsSchedule.java:96)- 调用！！！！！！！！！！！！！！Fri Jul 26 17:50:30 CST 2019
2019-07-26 17:50:30,004 INFO (TrafficStatisticsSchedule.java:183)- 没有链接设备
2019-07-26 17:50:40,001 INFO (TrafficStatisticsSchedule.java:96)- 调用！！！！！！！！！！！！！！Fri Jul 26 17:50:40 CST 2019
2019-07-26 17:50:40,003 INFO (TrafficStatisticsSchedule.java:183)- 没有链接设备
2019-07-26 17:50:50,001 INFO (TrafficStatisticsSchedule.java:96)- 调用！！！！！！！！！！！！！！Fri Jul 26 17:50:50 CST 2019
2019-07-26 17:50:50,002 INFO (TrafficStatisticsSchedule.java:183)- 没有链接设备
2019-07-26 17:51:00,001 INFO (TrafficStatisticsSchedule.java:96)- 调用！！！！！！！！！！！！！！Fri Jul 26 17:51:00 CST 2019
2019-07-26 17:51:00,003 INFO (TrafficStatisticsSchedule.java:183)- 没有链接设备
2019-07-26 17:51:10,002 INFO (TrafficStatisticsSchedule.java:96)- 调用！！！！！！！！！！！！！！Fri Jul 26 17:51:10 CST 2019
2019-07-26 17:51:10,003 INFO (TrafficStatisticsSchedule.java:183)- 没有链接设备
2019-07-26 17:51:20,001 INFO (TrafficStatisticsSchedule.java:96)- 调用！！！！！！！！！！！！！！Fri Jul 26 17:51:20 CST 2019
2019-07-26 17:51:20,003 INFO (TrafficStatisticsSchedule.java:183)- 没有链接设备
2019-07-26 17:51:30,001 INFO (TrafficStatisticsSchedule.java:96)- 调用！！！！！！！！！！！！！！Fri Jul 26 17:51:30 CST 2019
2019-07-26 17:51:30,002 INFO (TrafficStatisticsSchedule.java:183)- 没有链接设备
2019-07-26 17:51:40,002 INFO (TrafficStatisticsSchedule.java:96)- 调用！！！！！！！！！！！！！！Fri Jul 26 17:51:40 CST 2019
2019-07-26 17:51:40,003 INFO (TrafficStatisticsSchedule.java:183)- 没有链接设备
2019-07-26 17:51:42,778 INFO (AuthorizationInterceptor.java:107)- 加密之前的aipath=C://hahahah2&customerpath=C://hahahah3&visitorspath=C://hahahah&297e325a66f62bae0166f631b0b2000215641346854651564134685465
2019-07-26 17:51:42,779 INFO (AuthorizationInterceptor.java:109)- org.apache.catalina.util.ParameterMap@6188d2be
2019-07-26 17:51:42,779 INFO (AuthorizationInterceptor.java:112)- 加密之后的sign=>F225DB5397A0FD13DE07F55EE74A5543
2019-07-26 17:51:42,830 INFO (AuthorizationInterceptor.java:146)- afterCompletion ----------ex => null
2019-07-26 17:51:50,002 INFO (TrafficStatisticsSchedule.java:96)- 调用！！！！！！！！！！！！！！Fri Jul 26 17:51:50 CST 2019
2019-07-26 17:51:50,003 INFO (TrafficStatisticsSchedule.java:183)- 没有链接设备
2019-07-26 17:52:00,002 INFO (TrafficStatisticsSchedule.java:96)- 调用！！！！！！！！！！！！！！Fri Jul 26 17:52:00 CST 2019
2019-07-26 17:52:00,005 INFO (TrafficStatisticsSchedule.java:183)- 没有链接设备
2019-07-26 17:52:10,002 INFO (TrafficStatisticsSchedule.java:96)- 调用！！！！！！！！！！！！！！Fri Jul 26 17:52:10 CST 2019
2019-07-26 17:52:10,003 INFO (TrafficStatisticsSchedule.java:183)- 没有链接设备
2019-07-26 17:52:20,001 INFO (TrafficStatisticsSchedule.java:96)- 调用！！！！！！！！！！！！！！Fri Jul 26 17:52:20 CST 2019
2019-07-26 17:52:20,003 INFO (TrafficStatisticsSchedule.java:183)- 没有链接设备
2019-07-26 17:52:30,002 INFO (TrafficStatisticsSchedule.java:96)- 调用！！！！！！！！！！！！！！Fri Jul 26 17:52:30 CST 2019
2019-07-26 17:52:30,003 INFO (TrafficStatisticsSchedule.java:183)- 没有链接设备
2019-07-26 17:52:40,002 INFO (TrafficStatisticsSchedule.java:96)- 调用！！！！！！！！！！！！！！Fri Jul 26 17:52:40 CST 2019
2019-07-26 17:52:40,003 INFO (TrafficStatisticsSchedule.java:183)- 没有链接设备
2019-07-26 17:52:50,002 INFO (TrafficStatisticsSchedule.java:96)- 调用！！！！！！！！！！！！！！Fri Jul 26 17:52:50 CST 2019
2019-07-26 17:52:50,003 INFO (TrafficStatisticsSchedule.java:183)- 没有链接设备
2019-07-26 17:53:00,001 INFO (TrafficStatisticsSchedule.java:96)- 调用！！！！！！！！！！！！！！Fri Jul 26 17:53:00 CST 2019
2019-07-26 17:53:00,003 INFO (TrafficStatisticsSchedule.java:183)- 没有链接设备
2019-07-26 17:53:10,002 INFO (TrafficStatisticsSchedule.java:96)- 调用！！！！！！！！！！！！！！Fri Jul 26 17:53:10 CST 2019
2019-07-26 17:53:10,009 INFO (TrafficStatisticsSchedule.java:183)- 没有链接设备
2019-07-26 17:53:20,004 INFO (TrafficStatisticsSchedule.java:96)- 调用！！！！！！！！！！！！！！Fri Jul 26 17:53:20 CST 2019
2019-07-26 17:53:20,009 INFO (TrafficStatisticsSchedule.java:183)- 没有链接设备
2019-07-26 17:53:30,001 INFO (TrafficStatisticsSchedule.java:96)- 调用！！！！！！！！！！！！！！Fri Jul 26 17:53:30 CST 2019
2019-07-26 17:53:30,002 INFO (TrafficStatisticsSchedule.java:183)- 没有链接设备
2019-07-26 17:53:40,001 INFO (TrafficStatisticsSchedule.java:96)- 调用！！！！！！！！！！！！！！Fri Jul 26 17:53:40 CST 2019
2019-07-26 17:53:40,002 INFO (TrafficStatisticsSchedule.java:183)- 没有链接设备
2019-07-26 17:53:50,003 INFO (TrafficStatisticsSchedule.java:96)- 调用！！！！！！！！！！！！！！Fri Jul 26 17:53:50 CST 2019
2019-07-26 17:53:50,008 INFO (TrafficStatisticsSchedule.java:183)- 没有链接设备
2019-07-26 17:54:00,001 INFO (TrafficStatisticsSchedule.java:96)- 调用！！！！！！！！！！！！！！Fri Jul 26 17:54:00 CST 2019
2019-07-26 17:54:00,001 INFO (TrafficStatisticsSchedule.java:183)- 没有链接设备
2019-07-26 17:54:10,002 INFO (TrafficStatisticsSchedule.java:96)- 调用！！！！！！！！！！！！！！Fri Jul 26 17:54:10 CST 2019
2019-07-26 17:54:10,003 INFO (TrafficStatisticsSchedule.java:183)- 没有链接设备
2019-07-26 18:01:25,495 INFO (StartupInfoLogger.java:50)- Starting FaceApplication on LAPTOP-3J4GOKGI with PID 11816 (C:\Users\Super\Desktop\aicheck-face-master\target\classes started by Super in C:\Users\Super\Desktop\aicheck-face-master)
2019-07-26 18:01:25,499 INFO (SpringApplication.java:675)- No active profile set, falling back to default profiles: default
2019-07-26 18:01:30,977 INFO (StartupInfoLogger.java:59)- Started FaceApplication in 5.968 seconds (JVM running for 7.436)
2019-07-26 18:01:40,001 INFO (TrafficStatisticsSchedule.java:96)- 调用！！！！！！！！！！！！！！Fri Jul 26 18:01:40 CST 2019
2019-07-26 18:01:40,011 INFO (TrafficStatisticsSchedule.java:183)- 没有链接设备
2019-07-26 18:01:50,001 INFO (TrafficStatisticsSchedule.java:96)- 调用！！！！！！！！！！！！！！Fri Jul 26 18:01:50 CST 2019
2019-07-26 18:01:50,002 INFO (TrafficStatisticsSchedule.java:183)- 没有链接设备
2019-07-26 18:02:00,002 INFO (TrafficStatisticsSchedule.java:96)- 调用！！！！！！！！！！！！！！Fri Jul 26 18:02:00 CST 2019
2019-07-26 18:02:00,005 INFO (TrafficStatisticsSchedule.java:183)- 没有链接设备
2019-07-26 18:02:10,002 INFO (TrafficStatisticsSchedule.java:96)- 调用！！！！！！！！！！！！！！Fri Jul 26 18:02:10 CST 2019
2019-07-26 18:02:10,003 INFO (TrafficStatisticsSchedule.java:183)- 没有链接设备
2019-07-26 18:02:20,000 INFO (TrafficStatisticsSchedule.java:96)- 调用！！！！！！！！！！！！！！Fri Jul 26 18:02:20 CST 2019
2019-07-26 18:02:20,003 INFO (TrafficStatisticsSchedule.java:183)- 没有链接设备
2019-07-26 18:02:30,004 INFO (TrafficStatisticsSchedule.java:96)- 调用！！！！！！！！！！！！！！Fri Jul 26 18:02:30 CST 2019
2019-07-26 18:02:30,004 INFO (TrafficStatisticsSchedule.java:183)- 没有链接设备
2019-07-26 18:02:38,666 ERROR (FaceExceptionHandler.java:45)- Request method 'POST' not supported
org.springframework.web.HttpRequestMethodNotSupportedException: Request method 'POST' not supported
	at org.springframework.web.servlet.mvc.method.RequestMappingInfoHandlerMapping.handleNoMatch(RequestMappingInfoHandlerMapping.java:200)
	at org.springframework.web.servlet.handler.AbstractHandlerMethodMapping.lookupHandlerMethod(AbstractHandlerMethodMapping.java:422)
	at org.springframework.web.servlet.handler.AbstractHandlerMethodMapping.getHandlerInternal(AbstractHandlerMethodMapping.java:368)
	at org.springframework.web.servlet.handler.AbstractHandlerMethodMapping.getHandlerInternal(AbstractHandlerMethodMapping.java:65)
	at org.springframework.web.servlet.handler.AbstractHandlerMapping.getHandler(AbstractHandlerMapping.java:401)
	at org.springframework.web.servlet.DispatcherServlet.getHandler(DispatcherServlet.java:1231)
	at org.springframework.web.servlet.DispatcherServlet.doDispatch(DispatcherServlet.java:1014)
	at org.springframework.web.servlet.DispatcherServlet.doService(DispatcherServlet.java:942)
	at org.springframework.web.servlet.FrameworkServlet.processRequest(FrameworkServlet.java:1005)
	at org.springframework.web.servlet.FrameworkServlet.doPost(FrameworkServlet.java:908)
	at javax.servlet.http.HttpServlet.service(HttpServlet.java:660)
	at org.springframework.web.servlet.FrameworkServlet.service(FrameworkServlet.java:882)
	at javax.servlet.http.HttpServlet.service(HttpServlet.java:741)
	at org.apache.catalina.core.ApplicationFilterChain.internalDoFilter(ApplicationFilterChain.java:231)
	at org.apache.catalina.core.ApplicationFilterChain.doFilter(ApplicationFilterChain.java:166)
	at org.apache.tomcat.websocket.server.WsFilter.doFilter(WsFilter.java:53)
	at org.apache.catalina.core.ApplicationFilterChain.internalDoFilter(ApplicationFilterChain.java:193)
	at org.apache.catalina.core.ApplicationFilterChain.doFilter(ApplicationFilterChain.java:166)
	at com.alibaba.druid.support.http.WebStatFilter.doFilter(WebStatFilter.java:123)
	at org.apache.catalina.core.ApplicationFilterChain.internalDoFilter(ApplicationFilterChain.java:193)
	at org.apache.catalina.core.ApplicationFilterChain.doFilter(ApplicationFilterChain.java:166)
	at com.alibaba.druid.support.http.WebStatFilter.doFilter(WebStatFilter.java:123)
	at org.apache.catalina.core.ApplicationFilterChain.internalDoFilter(ApplicationFilterChain.java:193)
	at org.apache.catalina.core.ApplicationFilterChain.doFilter(ApplicationFilterChain.java:166)
	at org.springframework.web.filter.RequestContextFilter.doFilterInternal(RequestContextFilter.java:99)
	at org.springframework.web.filter.OncePerRequestFilter.doFilter(OncePerRequestFilter.java:107)
	at org.apache.catalina.core.ApplicationFilterChain.internalDoFilter(ApplicationFilterChain.java:193)
	at org.apache.catalina.core.ApplicationFilterChain.doFilter(ApplicationFilterChain.java:166)
	at org.springframework.web.filter.FormContentFilter.doFilterInternal(FormContentFilter.java:92)
	at org.springframework.web.filter.OncePerRequestFilter.doFilter(OncePerRequestFilter.java:107)
	at org.apache.catalina.core.ApplicationFilterChain.internalDoFilter(ApplicationFilterChain.java:193)
	at org.apache.catalina.core.ApplicationFilterChain.doFilter(ApplicationFilterChain.java:166)
	at org.springframework.web.filter.HiddenHttpMethodFilter.doFilterInternal(HiddenHttpMethodFilter.java:93)
	at org.springframework.web.filter.OncePerRequestFilter.doFilter(OncePerRequestFilter.java:107)
	at org.apache.catalina.core.ApplicationFilterChain.internalDoFilter(ApplicationFilterChain.java:193)
	at org.apache.catalina.core.ApplicationFilterChain.doFilter(ApplicationFilterChain.java:166)
	at org.springframework.web.filter.CharacterEncodingFilter.doFilterInternal(CharacterEncodingFilter.java:200)
	at org.springframework.web.filter.OncePerRequestFilter.doFilter(OncePerRequestFilter.java:107)
	at org.apache.catalina.core.ApplicationFilterChain.internalDoFilter(ApplicationFilterChain.java:193)
	at org.apache.catalina.core.ApplicationFilterChain.doFilter(ApplicationFilterChain.java:166)
	at org.apache.catalina.core.StandardWrapperValve.invoke(StandardWrapperValve.java:199)
	at org.apache.catalina.core.StandardContextValve.invoke(StandardContextValve.java:96)
	at org.apache.catalina.authenticator.AuthenticatorBase.invoke(AuthenticatorBase.java:490)
	at org.apache.catalina.core.StandardHostValve.invoke(StandardHostValve.java:139)
	at org.apache.catalina.valves.ErrorReportValve.invoke(ErrorReportValve.java:92)
	at org.apache.catalina.core.StandardEngineValve.invoke(StandardEngineValve.java:74)
	at org.apache.catalina.connector.CoyoteAdapter.service(CoyoteAdapter.java:343)
	at org.apache.coyote.http11.Http11Processor.service(Http11Processor.java:408)
	at org.apache.coyote.AbstractProcessorLight.process(AbstractProcessorLight.java:66)
	at org.apache.coyote.AbstractProtocol$ConnectionHandler.process(AbstractProtocol.java:834)
	at org.apache.tomcat.util.net.NioEndpoint$SocketProcessor.doRun(NioEndpoint.java:1417)
	at org.apache.tomcat.util.net.SocketProcessorBase.run(SocketProcessorBase.java:49)
	at java.base/java.util.concurrent.ThreadPoolExecutor.runWorker(ThreadPoolExecutor.java:1128)
	at java.base/java.util.concurrent.ThreadPoolExecutor$Worker.run(ThreadPoolExecutor.java:628)
	at org.apache.tomcat.util.threads.TaskThread$WrappingRunnable.run(TaskThread.java:61)
	at java.base/java.lang.Thread.run(Thread.java:834)
2019-07-26 18:02:40,001 INFO (TrafficStatisticsSchedule.java:96)- 调用！！！！！！！！！！！！！！Fri Jul 26 18:02:40 CST 2019
2019-07-26 18:02:40,002 INFO (TrafficStatisticsSchedule.java:183)- 没有链接设备
2019-07-26 18:02:50,002 INFO (TrafficStatisticsSchedule.java:96)- 调用！！！！！！！！！！！！！！Fri Jul 26 18:02:50 CST 2019
2019-07-26 18:02:50,003 INFO (TrafficStatisticsSchedule.java:183)- 没有链接设备
2019-07-26 18:03:00,000 INFO (TrafficStatisticsSchedule.java:96)- 调用！！！！！！！！！！！！！！Fri Jul 26 18:03:00 CST 2019
2019-07-26 18:03:00,003 INFO (TrafficStatisticsSchedule.java:183)- 没有链接设备
2019-07-26 18:03:02,385 INFO (AuthorizationInterceptor.java:107)- 加密之前的297e325a66f62bae0166f631b0b2000215641353823341564135382334
2019-07-26 18:03:02,387 INFO (AuthorizationInterceptor.java:109)- org.apache.catalina.util.ParameterMap@62e16ff9
2019-07-26 18:03:02,390 INFO (AuthorizationInterceptor.java:112)- 加密之后的sign=>6F3A25275402A861C891C0175B12EF30
2019-07-26 18:03:02,601 INFO (AuthorizationInterceptor.java:146)- afterCompletion ----------ex => null
2019-07-26 18:03:10,001 INFO (TrafficStatisticsSchedule.java:96)- 调用！！！！！！！！！！！！！！Fri Jul 26 18:03:10 CST 2019
2019-07-26 18:03:10,002 INFO (TrafficStatisticsSchedule.java:183)- 没有链接设备
2019-07-26 18:03:20,001 INFO (TrafficStatisticsSchedule.java:96)- 调用！！！！！！！！！！！！！！Fri Jul 26 18:03:20 CST 2019
2019-07-26 18:03:20,003 INFO (TrafficStatisticsSchedule.java:183)- 没有链接设备
2019-07-26 18:03:30,001 INFO (TrafficStatisticsSchedule.java:96)- 调用！！！！！！！！！！！！！！Fri Jul 26 18:03:30 CST 2019
2019-07-26 18:03:30,002 INFO (TrafficStatisticsSchedule.java:183)- 没有链接设备
2019-07-26 18:03:40,003 INFO (TrafficStatisticsSchedule.java:96)- 调用！！！！！！！！！！！！！！Fri Jul 26 18:03:40 CST 2019
2019-07-26 18:03:40,005 INFO (TrafficStatisticsSchedule.java:183)- 没有链接设备
2019-07-26 18:03:50,001 INFO (TrafficStatisticsSchedule.java:96)- 调用！！！！！！！！！！！！！！Fri Jul 26 18:03:50 CST 2019
2019-07-26 18:03:50,002 INFO (TrafficStatisticsSchedule.java:183)- 没有链接设备
2019-07-26 18:04:00,002 INFO (TrafficStatisticsSchedule.java:96)- 调用！！！！！！！！！！！！！！Fri Jul 26 18:04:00 CST 2019
2019-07-26 18:04:00,003 INFO (TrafficStatisticsSchedule.java:183)- 没有链接设备
2019-07-26 18:04:10,001 INFO (TrafficStatisticsSchedule.java:96)- 调用！！！！！！！！！！！！！！Fri Jul 26 18:04:10 CST 2019
2019-07-26 18:04:10,001 INFO (TrafficStatisticsSchedule.java:183)- 没有链接设备
2019-07-26 18:04:20,003 INFO (TrafficStatisticsSchedule.java:96)- 调用！！！！！！！！！！！！！！Fri Jul 26 18:04:20 CST 2019
2019-07-26 18:04:20,004 INFO (TrafficStatisticsSchedule.java:183)- 没有链接设备
2019-07-26 18:04:30,002 INFO (TrafficStatisticsSchedule.java:96)- 调用！！！！！！！！！！！！！！Fri Jul 26 18:04:30 CST 2019
2019-07-26 18:04:30,002 INFO (TrafficStatisticsSchedule.java:183)- 没有链接设备
2019-07-26 18:04:40,001 INFO (TrafficStatisticsSchedule.java:96)- 调用！！！！！！！！！！！！！！Fri Jul 26 18:04:40 CST 2019
2019-07-26 18:04:40,003 INFO (TrafficStatisticsSchedule.java:183)- 没有链接设备
2019-07-26 18:04:50,001 INFO (TrafficStatisticsSchedule.java:96)- 调用！！！！！！！！！！！！！！Fri Jul 26 18:04:50 CST 2019
2019-07-26 18:04:50,002 INFO (TrafficStatisticsSchedule.java:183)- 没有链接设备
2019-07-26 18:05:00,001 INFO (TrafficStatisticsSchedule.java:96)- 调用！！！！！！！！！！！！！！Fri Jul 26 18:05:00 CST 2019
2019-07-26 18:05:00,002 INFO (TrafficStatisticsSchedule.java:183)- 没有链接设备
2019-07-26 18:05:00,473 INFO (AuthorizationInterceptor.java:107)- 加密之前的297e325a66f62bae0166f631b0b2000215641355004121564135500412
2019-07-26 18:05:00,473 INFO (AuthorizationInterceptor.java:109)- org.apache.catalina.util.ParameterMap@62e16ff9
2019-07-26 18:05:00,474 INFO (AuthorizationInterceptor.java:112)- 加密之后的sign=>B71AA2AB2AF3B1093047CBE9F0B0B499
2019-07-26 18:05:00,485 INFO (AuthorizationInterceptor.java:146)- afterCompletion ----------ex => null
2019-07-26 18:05:10,001 INFO (TrafficStatisticsSchedule.java:96)- 调用！！！！！！！！！！！！！！Fri Jul 26 18:05:10 CST 2019
2019-07-26 18:05:10,002 INFO (TrafficStatisticsSchedule.java:183)- 没有链接设备
2019-07-26 18:05:20,001 INFO (TrafficStatisticsSchedule.java:96)- 调用！！！！！！！！！！！！！！Fri Jul 26 18:05:20 CST 2019
2019-07-26 18:05:20,003 INFO (TrafficStatisticsSchedule.java:183)- 没有链接设备
2019-07-26 18:05:30,001 INFO (TrafficStatisticsSchedule.java:96)- 调用！！！！！！！！！！！！！！Fri Jul 26 18:05:30 CST 2019
2019-07-26 18:05:30,003 INFO (TrafficStatisticsSchedule.java:183)- 没有链接设备
2019-07-26 18:05:40,002 INFO (TrafficStatisticsSchedule.java:96)- 调用！！！！！！！！！！！！！！Fri Jul 26 18:05:40 CST 2019
2019-07-26 18:05:40,002 INFO (TrafficStatisticsSchedule.java:183)- 没有链接设备
2019-07-26 18:05:50,000 INFO (TrafficStatisticsSchedule.java:96)- 调用！！！！！！！！！！！！！！Fri Jul 26 18:05:50 CST 2019
2019-07-26 18:05:50,002 INFO (TrafficStatisticsSchedule.java:183)- 没有链接设备
2019-07-26 18:06:00,001 INFO (TrafficStatisticsSchedule.java:96)- 调用！！！！！！！！！！！！！！Fri Jul 26 18:06:00 CST 2019
2019-07-26 18:06:00,004 INFO (TrafficStatisticsSchedule.java:183)- 没有链接设备
2019-07-26 18:06:10,001 INFO (TrafficStatisticsSchedule.java:96)- 调用！！！！！！！！！！！！！！Fri Jul 26 18:06:10 CST 2019
2019-07-26 18:06:10,003 INFO (TrafficStatisticsSchedule.java:183)- 没有链接设备
2019-07-26 18:06:20,003 INFO (TrafficStatisticsSchedule.java:96)- 调用！！！！！！！！！！！！！！Fri Jul 26 18:06:20 CST 2019
2019-07-26 18:06:20,005 INFO (TrafficStatisticsSchedule.java:183)- 没有链接设备
2019-07-26 18:06:30,002 INFO (TrafficStatisticsSchedule.java:96)- 调用！！！！！！！！！！！！！！Fri Jul 26 18:06:30 CST 2019
2019-07-26 18:06:30,003 INFO (TrafficStatisticsSchedule.java:183)- 没有链接设备
2019-07-26 18:06:40,002 INFO (TrafficStatisticsSchedule.java:96)- 调用！！！！！！！！！！！！！！Fri Jul 26 18:06:40 CST 2019
2019-07-26 18:06:40,004 INFO (TrafficStatisticsSchedule.java:183)- 没有链接设备
2019-07-26 18:06:50,001 INFO (TrafficStatisticsSchedule.java:96)- 调用！！！！！！！！！！！！！！Fri Jul 26 18:06:50 CST 2019
2019-07-26 18:06:50,001 INFO (TrafficStatisticsSchedule.java:183)- 没有链接设备
2019-07-26 18:06:51,856 INFO (AuthorizationInterceptor.java:107)- 加密之前的297e325a66f62bae0166f631b0b2000215641356118311564135611831
2019-07-26 18:06:51,857 INFO (AuthorizationInterceptor.java:109)- org.apache.catalina.util.ParameterMap@62e16ff9
2019-07-26 18:06:51,858 INFO (AuthorizationInterceptor.java:112)- 加密之后的sign=>EA0C245D8DF67EFA0BF509AA9BD7C73B
2019-07-26 18:06:51,866 INFO (AuthorizationInterceptor.java:146)- afterCompletion ----------ex => null
2019-07-26 18:07:00,002 INFO (TrafficStatisticsSchedule.java:96)- 调用！！！！！！！！！！！！！！Fri Jul 26 18:07:00 CST 2019
2019-07-26 18:07:00,003 INFO (TrafficStatisticsSchedule.java:183)- 没有链接设备
2019-07-26 18:07:06,029 INFO (AuthorizationInterceptor.java:107)- 加密之前的297e325a66f62bae0166f631b0b2000215641356259371564135625937
2019-07-26 18:07:06,030 INFO (AuthorizationInterceptor.java:109)- org.apache.catalina.util.ParameterMap@62e16ff9
2019-07-26 18:07:06,031 INFO (AuthorizationInterceptor.java:112)- 加密之后的sign=>199FCED9AEDDBE954E6B7B72DC0DA3A7
2019-07-26 18:07:06,040 INFO (AuthorizationInterceptor.java:146)- afterCompletion ----------ex => null
2019-07-26 18:07:10,001 INFO (TrafficStatisticsSchedule.java:96)- 调用！！！！！！！！！！！！！！Fri Jul 26 18:07:10 CST 2019
2019-07-26 18:07:10,002 INFO (TrafficStatisticsSchedule.java:183)- 没有链接设备
2019-07-26 18:07:20,002 INFO (TrafficStatisticsSchedule.java:96)- 调用！！！！！！！！！！！！！！Fri Jul 26 18:07:20 CST 2019
2019-07-26 18:07:20,003 INFO (TrafficStatisticsSchedule.java:183)- 没有链接设备
2019-07-26 18:07:28,205 INFO (AuthorizationInterceptor.java:107)- 加密之前的297e325a66f62bae0166f631b0b2000215641356481791564135648179
2019-07-26 18:07:28,206 INFO (AuthorizationInterceptor.java:109)- org.apache.catalina.util.ParameterMap@62e16ff9
2019-07-26 18:07:28,207 INFO (AuthorizationInterceptor.java:112)- 加密之后的sign=>DD8598BB2EE1232F10BCE48D37103985
2019-07-26 18:07:28,218 INFO (AuthorizationInterceptor.java:146)- afterCompletion ----------ex => null
2019-07-26 18:07:30,001 INFO (TrafficStatisticsSchedule.java:96)- 调用！！！！！！！！！！！！！！Fri Jul 26 18:07:30 CST 2019
2019-07-26 18:07:30,002 INFO (TrafficStatisticsSchedule.java:183)- 没有链接设备
2019-07-26 18:07:40,002 INFO (TrafficStatisticsSchedule.java:96)- 调用！！！！！！！！！！！！！！Fri Jul 26 18:07:40 CST 2019
2019-07-26 18:07:40,004 INFO (TrafficStatisticsSchedule.java:183)- 没有链接设备
2019-07-26 18:07:50,000 INFO (TrafficStatisticsSchedule.java:96)- 调用！！！！！！！！！！！！！！Fri Jul 26 18:07:50 CST 2019
2019-07-26 18:07:50,001 INFO (TrafficStatisticsSchedule.java:183)- 没有链接设备
2019-07-26 18:08:00,001 INFO (TrafficStatisticsSchedule.java:96)- 调用！！！！！！！！！！！！！！Fri Jul 26 18:08:00 CST 2019
2019-07-26 18:08:00,003 INFO (TrafficStatisticsSchedule.java:183)- 没有链接设备
2019-07-26 18:08:10,002 INFO (TrafficStatisticsSchedule.java:96)- 调用！！！！！！！！！！！！！！Fri Jul 26 18:08:10 CST 2019
2019-07-26 18:08:10,003 INFO (TrafficStatisticsSchedule.java:183)- 没有链接设备
2019-07-26 18:08:20,000 INFO (TrafficStatisticsSchedule.java:96)- 调用！！！！！！！！！！！！！！Fri Jul 26 18:08:20 CST 2019
2019-07-26 18:08:20,000 INFO (TrafficStatisticsSchedule.java:183)- 没有链接设备
2019-07-26 18:08:30,003 INFO (TrafficStatisticsSchedule.java:96)- 调用！！！！！！！！！！！！！！Fri Jul 26 18:08:30 CST 2019
2019-07-26 18:08:30,005 INFO (TrafficStatisticsSchedule.java:183)- 没有链接设备
2019-07-26 18:08:40,001 INFO (TrafficStatisticsSchedule.java:96)- 调用！！！！！！！！！！！！！！Fri Jul 26 18:08:40 CST 2019
2019-07-26 18:08:40,002 INFO (TrafficStatisticsSchedule.java:183)- 没有链接设备
2019-07-26 18:08:50,001 INFO (TrafficStatisticsSchedule.java:96)- 调用！！！！！！！！！！！！！！Fri Jul 26 18:08:50 CST 2019
2019-07-26 18:08:50,002 INFO (TrafficStatisticsSchedule.java:183)- 没有链接设备
2019-07-26 18:09:00,002 INFO (TrafficStatisticsSchedule.java:96)- 调用！！！！！！！！！！！！！！Fri Jul 26 18:09:00 CST 2019
2019-07-26 18:09:00,004 INFO (TrafficStatisticsSchedule.java:183)- 没有链接设备
2019-07-26 18:09:10,002 INFO (TrafficStatisticsSchedule.java:96)- 调用！！！！！！！！！！！！！！Fri Jul 26 18:09:10 CST 2019
2019-07-26 18:09:10,003 INFO (TrafficStatisticsSchedule.java:183)- 没有链接设备
2019-07-26 18:09:20,001 INFO (TrafficStatisticsSchedule.java:96)- 调用！！！！！！！！！！！！！！Fri Jul 26 18:09:20 CST 2019
2019-07-26 18:09:20,002 INFO (TrafficStatisticsSchedule.java:183)- 没有链接设备
2019-07-26 18:09:30,002 INFO (TrafficStatisticsSchedule.java:96)- 调用！！！！！！！！！！！！！！Fri Jul 26 18:09:30 CST 2019
2019-07-26 18:09:30,002 INFO (TrafficStatisticsSchedule.java:183)- 没有链接设备
2019-07-26 18:09:40,002 INFO (TrafficStatisticsSchedule.java:96)- 调用！！！！！！！！！！！！！！Fri Jul 26 18:09:40 CST 2019
2019-07-26 18:09:40,004 INFO (TrafficStatisticsSchedule.java:183)- 没有链接设备
2019-07-26 18:09:40,016 INFO (AuthorizationInterceptor.java:107)- 加密之前的297e325a66f62bae0166f631b0b2000215641357799851564135779985
2019-07-26 18:09:40,017 INFO (AuthorizationInterceptor.java:109)- org.apache.catalina.util.ParameterMap@62e16ff9
2019-07-26 18:09:40,018 INFO (AuthorizationInterceptor.java:112)- 加密之后的sign=>A0176FB25AFF07435DBDDAB604DD5436
2019-07-26 18:09:40,047 INFO (AuthorizationInterceptor.java:146)- afterCompletion ----------ex => null
2019-07-26 18:09:50,001 INFO (TrafficStatisticsSchedule.java:96)- 调用！！！！！！！！！！！！！！Fri Jul 26 18:09:50 CST 2019
2019-07-26 18:09:50,002 INFO (TrafficStatisticsSchedule.java:183)- 没有链接设备
2019-07-26 18:09:51,960 INFO (AuthorizationInterceptor.java:107)- 加密之前的297e325a66f62bae0166f631b0b2000215641357918591564135791859
2019-07-26 18:09:51,961 INFO (AuthorizationInterceptor.java:109)- org.apache.catalina.util.ParameterMap@62e16ff9
2019-07-26 18:09:51,961 INFO (AuthorizationInterceptor.java:112)- 加密之后的sign=>27644D6B0F31388D06194BD514AD9505
2019-07-26 18:09:51,968 INFO (AuthorizationInterceptor.java:146)- afterCompletion ----------ex => null
2019-07-26 18:10:00,001 INFO (TrafficStatisticsSchedule.java:96)- 调用！！！！！！！！！！！！！！Fri Jul 26 18:10:00 CST 2019
2019-07-26 18:10:00,003 INFO (TrafficStatisticsSchedule.java:183)- 没有链接设备
2019-07-26 18:10:02,710 INFO (AuthorizationInterceptor.java:107)- 加密之前的aipath=C://hahahah2&customerpath=C://customer&visitorspath=C://hahahah&297e325a66f62bae0166f631b0b2000215641357918591564135791859
2019-07-26 18:10:02,711 INFO (AuthorizationInterceptor.java:109)- org.apache.catalina.util.ParameterMap@62e16ff9
2019-07-26 18:10:02,712 INFO (AuthorizationInterceptor.java:112)- 加密之后的sign=>BC31B96D816E1D6715331AE9B707585B
2019-07-26 18:10:02,823 INFO (AuthorizationInterceptor.java:146)- afterCompletion ----------ex => null
2019-07-26 18:10:04,684 INFO (AuthorizationInterceptor.java:107)- 加密之前的297e325a66f62bae0166f631b0b2000215641358046631564135804663
2019-07-26 18:10:04,685 INFO (AuthorizationInterceptor.java:109)- org.apache.catalina.util.ParameterMap@62e16ff9
2019-07-26 18:10:04,686 INFO (AuthorizationInterceptor.java:112)- 加密之后的sign=>D1333E07DDC60219E1691589D51C01B5
2019-07-26 18:10:04,703 INFO (AuthorizationInterceptor.java:146)- afterCompletion ----------ex => null
2019-07-26 18:10:05,195 INFO (AuthorizationInterceptor.java:107)- 加密之前的297e325a66f62bae0166f631b0b2000215641358051761564135805176
2019-07-26 18:10:05,196 INFO (AuthorizationInterceptor.java:109)- org.apache.catalina.util.ParameterMap@62e16ff9
2019-07-26 18:10:05,197 INFO (AuthorizationInterceptor.java:112)- 加密之后的sign=>83CED3FCAD3CF8F2F5EF317E4642EE30
2019-07-26 18:10:05,205 INFO (AuthorizationInterceptor.java:146)- afterCompletion ----------ex => null
2019-07-26 18:10:05,347 INFO (AuthorizationInterceptor.java:107)- 加密之前的297e325a66f62bae0166f631b0b2000215641358053281564135805328
2019-07-26 18:10:05,347 INFO (AuthorizationInterceptor.java:109)- org.apache.catalina.util.ParameterMap@62e16ff9
2019-07-26 18:10:05,348 INFO (AuthorizationInterceptor.java:112)- 加密之后的sign=>5A350A6C007294B36CD81F978F5CBF20
2019-07-26 18:10:05,355 INFO (AuthorizationInterceptor.java:146)- afterCompletion ----------ex => null
2019-07-26 18:10:05,538 INFO (AuthorizationInterceptor.java:107)- 加密之前的297e325a66f62bae0166f631b0b2000215641358055001564135805500
2019-07-26 18:10:05,538 INFO (AuthorizationInterceptor.java:109)- org.apache.catalina.util.ParameterMap@62e16ff9
2019-07-26 18:10:05,539 INFO (AuthorizationInterceptor.java:112)- 加密之后的sign=>351FEA5CA998BC83DE46A26727B3B6AD
2019-07-26 18:10:05,545 INFO (AuthorizationInterceptor.java:146)- afterCompletion ----------ex => null
2019-07-26 18:10:05,664 INFO (AuthorizationInterceptor.java:107)- 加密之前的297e325a66f62bae0166f631b0b2000215641358056421564135805642
2019-07-26 18:10:05,665 INFO (AuthorizationInterceptor.java:109)- org.apache.catalina.util.ParameterMap@62e16ff9
2019-07-26 18:10:05,666 INFO (AuthorizationInterceptor.java:112)- 加密之后的sign=>2844DB1D1F114C9E6BCC1554089E7BFC
2019-07-26 18:10:05,672 INFO (AuthorizationInterceptor.java:146)- afterCompletion ----------ex => null
2019-07-26 18:10:05,946 INFO (AuthorizationInterceptor.java:107)- 加密之前的297e325a66f62bae0166f631b0b2000215641358059311564135805931
2019-07-26 18:10:05,946 INFO (AuthorizationInterceptor.java:109)- org.apache.catalina.util.ParameterMap@62e16ff9
2019-07-26 18:10:05,947 INFO (AuthorizationInterceptor.java:112)- 加密之后的sign=>E5E0AF970BEE5C273160B3E9DE64ACC0
2019-07-26 18:10:05,953 INFO (AuthorizationInterceptor.java:146)- afterCompletion ----------ex => null
2019-07-26 18:10:10,001 INFO (TrafficStatisticsSchedule.java:96)- 调用！！！！！！！！！！！！！！Fri Jul 26 18:10:10 CST 2019
2019-07-26 18:10:10,002 INFO (TrafficStatisticsSchedule.java:183)- 没有链接设备
2019-07-26 18:10:19,080 INFO (AuthorizationInterceptor.java:107)- 加密之前的aipath=C://ai&customerpath=C://customer&visitorspath=C://vistory&297e325a66f62bae0166f631b0b2000215641358059311564135805931
2019-07-26 18:10:19,080 INFO (AuthorizationInterceptor.java:109)- org.apache.catalina.util.ParameterMap@62e16ff9
2019-07-26 18:10:19,081 INFO (AuthorizationInterceptor.java:112)- 加密之后的sign=>B29F8B6FEC1BBD75D60677EB5869ED74
2019-07-26 18:10:19,106 INFO (AuthorizationInterceptor.java:146)- afterCompletion ----------ex => null
2019-07-26 18:10:20,001 INFO (TrafficStatisticsSchedule.java:96)- 调用！！！！！！！！！！！！！！Fri Jul 26 18:10:20 CST 2019
2019-07-26 18:10:20,003 INFO (TrafficStatisticsSchedule.java:183)- 没有链接设备
2019-07-26 18:10:21,699 INFO (AuthorizationInterceptor.java:107)- 加密之前的297e325a66f62bae0166f631b0b2000215641358216801564135821680
2019-07-26 18:10:21,699 INFO (AuthorizationInterceptor.java:109)- org.apache.catalina.util.ParameterMap@62e16ff9
2019-07-26 18:10:21,701 INFO (AuthorizationInterceptor.java:112)- 加密之后的sign=>817650EF3DDEF6E5BD77011F3DF70883
2019-07-26 18:10:21,711 INFO (AuthorizationInterceptor.java:146)- afterCompletion ----------ex => null
2019-07-26 18:10:22,769 INFO (AuthorizationInterceptor.java:107)- 加密之前的297e325a66f62bae0166f631b0b2000215641358227501564135822750
2019-07-26 18:10:22,770 INFO (AuthorizationInterceptor.java:109)- org.apache.catalina.util.ParameterMap@62e16ff9
2019-07-26 18:10:22,772 INFO (AuthorizationInterceptor.java:112)- 加密之后的sign=>4DB84292A67150580BD3EE4FB30649EF
2019-07-26 18:10:22,778 INFO (AuthorizationInterceptor.java:146)- afterCompletion ----------ex => null
2019-07-26 18:10:22,952 INFO (AuthorizationInterceptor.java:107)- 加密之前的297e325a66f62bae0166f631b0b2000215641358229191564135822919
2019-07-26 18:10:22,953 INFO (AuthorizationInterceptor.java:109)- org.apache.catalina.util.ParameterMap@62e16ff9
2019-07-26 18:10:22,955 INFO (AuthorizationInterceptor.java:112)- 加密之后的sign=>89C82AD200087D47FB00364165AF793D
2019-07-26 18:10:22,963 INFO (AuthorizationInterceptor.java:146)- afterCompletion ----------ex => null
2019-07-26 18:10:23,090 INFO (AuthorizationInterceptor.java:107)- 加密之前的297e325a66f62bae0166f631b0b2000215641358230701564135823070
2019-07-26 18:10:23,090 INFO (AuthorizationInterceptor.java:109)- org.apache.catalina.util.ParameterMap@62e16ff9
2019-07-26 18:10:23,091 INFO (AuthorizationInterceptor.java:112)- 加密之后的sign=>12BB33989AD8A8FBD2D69D297461D5D2
2019-07-26 18:10:23,097 INFO (AuthorizationInterceptor.java:146)- afterCompletion ----------ex => null
2019-07-26 18:10:23,198 INFO (AuthorizationInterceptor.java:107)- 加密之前的297e325a66f62bae0166f631b0b2000215641358231821564135823182
2019-07-26 18:10:23,199 INFO (AuthorizationInterceptor.java:109)- org.apache.catalina.util.ParameterMap@62e16ff9
2019-07-26 18:10:23,199 INFO (AuthorizationInterceptor.java:112)- 加密之后的sign=>4C464C5B7F9B90881175AFE16D527E21
2019-07-26 18:10:23,207 INFO (AuthorizationInterceptor.java:146)- afterCompletion ----------ex => null
2019-07-26 18:10:23,341 INFO (AuthorizationInterceptor.java:107)- 加密之前的297e325a66f62bae0166f631b0b2000215641358233181564135823318
2019-07-26 18:10:23,342 INFO (AuthorizationInterceptor.java:109)- org.apache.catalina.util.ParameterMap@62e16ff9
2019-07-26 18:10:23,343 INFO (AuthorizationInterceptor.java:112)- 加密之后的sign=>89C249683065AA9851BB89DDACF58E3E
2019-07-26 18:10:23,348 INFO (AuthorizationInterceptor.java:146)- afterCompletion ----------ex => null
2019-07-26 18:10:23,465 INFO (AuthorizationInterceptor.java:107)- 加密之前的297e325a66f62bae0166f631b0b2000215641358234461564135823446
2019-07-26 18:10:23,465 INFO (AuthorizationInterceptor.java:109)- org.apache.catalina.util.ParameterMap@62e16ff9
2019-07-26 18:10:23,466 INFO (AuthorizationInterceptor.java:112)- 加密之后的sign=>4F944FB9B03AAFE1A3D6163E545F50B1
2019-07-26 18:10:23,476 INFO (AuthorizationInterceptor.java:146)- afterCompletion ----------ex => null
2019-07-26 18:10:25,038 INFO (AuthorizationInterceptor.java:107)- 加密之前的currentPage=1&pageSize=10&297e325a66f62bae0166f631b0b2000215641358250241564135825024
2019-07-26 18:10:25,038 INFO (AuthorizationInterceptor.java:109)- org.apache.catalina.util.ParameterMap@62e16ff9
2019-07-26 18:10:25,039 INFO (AuthorizationInterceptor.java:112)- 加密之后的sign=>3A59BED3F6CB61A21616435C70A82EF9
2019-07-26 18:10:25,293 INFO (AuthorizationInterceptor.java:146)- afterCompletion ----------ex => null
2019-07-26 18:10:25,863 INFO (AuthorizationInterceptor.java:107)- 加密之前的currentPage=1&pageSize=10&297e325a66f62bae0166f631b0b2000215641358258481564135825848
2019-07-26 18:10:25,863 INFO (AuthorizationInterceptor.java:109)- org.apache.catalina.util.ParameterMap@62e16ff9
2019-07-26 18:10:25,864 INFO (AuthorizationInterceptor.java:112)- 加密之后的sign=>416BBAD87EE49E59ED85CA51239576EC
2019-07-26 18:10:25,892 INFO (AuthorizationInterceptor.java:146)- afterCompletion ----------ex => null
2019-07-26 18:10:27,788 INFO (AuthorizationInterceptor.java:107)- 加密之前的297e325a66f62bae0166f631b0b2000215641358277731564135827773
2019-07-26 18:10:27,789 INFO (AuthorizationInterceptor.java:109)- org.apache.catalina.util.ParameterMap@62e16ff9
2019-07-26 18:10:27,789 INFO (AuthorizationInterceptor.java:112)- 加密之后的sign=>03AE5B5B38AA79328E685D37AF024CEC
2019-07-26 18:10:27,795 INFO (AuthorizationInterceptor.java:146)- afterCompletion ----------ex => null
2019-07-26 18:10:28,873 INFO (AuthorizationInterceptor.java:107)- 加密之前的297e325a66f62bae0166f631b0b2000215641358288521564135828852
2019-07-26 18:10:28,874 INFO (AuthorizationInterceptor.java:109)- org.apache.catalina.util.ParameterMap@62e16ff9
2019-07-26 18:10:28,875 INFO (AuthorizationInterceptor.java:112)- 加密之后的sign=>A46C5EEEF68E4A3D1F562ADA178AFF14
2019-07-26 18:10:28,882 INFO (AuthorizationInterceptor.java:146)- afterCompletion ----------ex => null
2019-07-26 18:10:29,030 INFO (AuthorizationInterceptor.java:107)- 加密之前的297e325a66f62bae0166f631b0b2000215641358290121564135829012
2019-07-26 18:10:29,030 INFO (AuthorizationInterceptor.java:109)- org.apache.catalina.util.ParameterMap@62e16ff9
2019-07-26 18:10:29,031 INFO (AuthorizationInterceptor.java:112)- 加密之后的sign=>7BB573619489CE05D06D5767E65B9A9C
2019-07-26 18:10:29,048 INFO (AuthorizationInterceptor.java:146)- afterCompletion ----------ex => null
2019-07-26 18:10:29,186 INFO (AuthorizationInterceptor.java:107)- 加密之前的297e325a66f62bae0166f631b0b2000215641358291511564135829151
2019-07-26 18:10:29,187 INFO (AuthorizationInterceptor.java:109)- org.apache.catalina.util.ParameterMap@62e16ff9
2019-07-26 18:10:29,189 INFO (AuthorizationInterceptor.java:112)- 加密之后的sign=>E07BD946B824E2AD0E614CFEC6AD7C30
2019-07-26 18:10:29,194 INFO (AuthorizationInterceptor.java:146)- afterCompletion ----------ex => null
2019-07-26 18:10:29,295 INFO (AuthorizationInterceptor.java:107)- 加密之前的297e325a66f62bae0166f631b0b2000215641358292791564135829279
2019-07-26 18:10:29,295 INFO (AuthorizationInterceptor.java:109)- org.apache.catalina.util.ParameterMap@62e16ff9
2019-07-26 18:10:29,296 INFO (AuthorizationInterceptor.java:112)- 加密之后的sign=>AA520BCD3841BC4D2D1405C611F794B3
2019-07-26 18:10:29,302 INFO (AuthorizationInterceptor.java:146)- afterCompletion ----------ex => null
2019-07-26 18:10:30,002 INFO (TrafficStatisticsSchedule.java:96)- 调用！！！！！！！！！！！！！！Fri Jul 26 18:10:30 CST 2019
2019-07-26 18:10:30,002 INFO (TrafficStatisticsSchedule.java:183)- 没有链接设备
2019-07-26 18:10:40,001 INFO (TrafficStatisticsSchedule.java:96)- 调用！！！！！！！！！！！！！！Fri Jul 26 18:10:40 CST 2019
2019-07-26 18:10:40,002 INFO (TrafficStatisticsSchedule.java:183)- 没有链接设备
2019-07-26 18:10:50,001 INFO (TrafficStatisticsSchedule.java:96)- 调用！！！！！！！！！！！！！！Fri Jul 26 18:10:50 CST 2019
2019-07-26 18:10:50,002 INFO (TrafficStatisticsSchedule.java:183)- 没有链接设备
2019-07-26 18:11:00,002 INFO (TrafficStatisticsSchedule.java:96)- 调用！！！！！！！！！！！！！！Fri Jul 26 18:11:00 CST 2019
2019-07-26 18:11:00,004 INFO (TrafficStatisticsSchedule.java:183)- 没有链接设备
2019-07-26 18:11:10,001 INFO (TrafficStatisticsSchedule.java:96)- 调用！！！！！！！！！！！！！！Fri Jul 26 18:11:10 CST 2019
2019-07-26 18:11:10,003 INFO (TrafficStatisticsSchedule.java:183)- 没有链接设备
2019-07-26 18:11:20,001 INFO (TrafficStatisticsSchedule.java:96)- 调用！！！！！！！！！！！！！！Fri Jul 26 18:11:20 CST 2019
2019-07-26 18:11:20,002 INFO (TrafficStatisticsSchedule.java:183)- 没有链接设备
2019-07-26 18:11:30,002 INFO (TrafficStatisticsSchedule.java:96)- 调用！！！！！！！！！！！！！！Fri Jul 26 18:11:30 CST 2019
2019-07-26 18:11:30,003 INFO (TrafficStatisticsSchedule.java:183)- 没有链接设备
2019-07-26 18:11:40,001 INFO (TrafficStatisticsSchedule.java:96)- 调用！！！！！！！！！！！！！！Fri Jul 26 18:11:40 CST 2019
2019-07-26 18:11:40,002 INFO (TrafficStatisticsSchedule.java:183)- 没有链接设备
2019-07-26 18:11:50,002 INFO (TrafficStatisticsSchedule.java:96)- 调用！！！！！！！！！！！！！！Fri Jul 26 18:11:50 CST 2019
2019-07-26 18:11:50,003 INFO (TrafficStatisticsSchedule.java:183)- 没有链接设备
2019-07-26 18:12:00,003 INFO (TrafficStatisticsSchedule.java:96)- 调用！！！！！！！！！！！！！！Fri Jul 26 18:12:00 CST 2019
2019-07-26 18:12:00,004 INFO (TrafficStatisticsSchedule.java:183)- 没有链接设备
2019-07-26 18:12:10,001 INFO (TrafficStatisticsSchedule.java:96)- 调用！！！！！！！！！！！！！！Fri Jul 26 18:12:10 CST 2019
2019-07-26 18:12:10,002 INFO (TrafficStatisticsSchedule.java:183)- 没有链接设备
2019-07-26 18:12:17,922 INFO (AuthorizationInterceptor.java:107)- 加密之前的297e325a66f62bae0166f631b0b2000215641359378781564135937878
2019-07-26 18:12:17,922 INFO (AuthorizationInterceptor.java:109)- org.apache.catalina.util.ParameterMap@62e16ff9
2019-07-26 18:12:17,923 INFO (AuthorizationInterceptor.java:112)- 加密之后的sign=>FC7BE185910A81CF64F31A1A6C74EFBC
2019-07-26 18:12:17,948 INFO (AuthorizationInterceptor.java:146)- afterCompletion ----------ex => null
2019-07-26 18:12:19,662 INFO (AuthorizationInterceptor.java:107)- 加密之前的currentPage=1&pageSize=10&297e325a66f62bae0166f631b0b2000215641359396441564135939644
2019-07-26 18:12:19,663 INFO (AuthorizationInterceptor.java:109)- org.apache.catalina.util.ParameterMap@62e16ff9
2019-07-26 18:12:19,664 INFO (AuthorizationInterceptor.java:112)- 加密之后的sign=>ED7FBDF80F9E5CA7A8FAF7E3D5124E0D
2019-07-26 18:12:19,672 INFO (AuthorizationInterceptor.java:146)- afterCompletion ----------ex => null
2019-07-26 18:12:20,001 INFO (TrafficStatisticsSchedule.java:96)- 调用！！！！！！！！！！！！！！Fri Jul 26 18:12:20 CST 2019
2019-07-26 18:12:20,002 INFO (TrafficStatisticsSchedule.java:183)- 没有链接设备
2019-07-26 18:12:21,171 INFO (AuthorizationInterceptor.java:107)- 加密之前的297e325a66f62bae0166f631b0b2000215641359411531564135941153
2019-07-26 18:12:21,172 INFO (AuthorizationInterceptor.java:109)- org.apache.catalina.util.ParameterMap@62e16ff9
2019-07-26 18:12:21,172 INFO (AuthorizationInterceptor.java:112)- 加密之后的sign=>18E0DC1330D8A0CCAA9C10AC8F293534
2019-07-26 18:12:21,177 INFO (AuthorizationInterceptor.java:146)- afterCompletion ----------ex => null
2019-07-26 18:12:21,825 INFO (AuthorizationInterceptor.java:107)- 加密之前的currentPage=1&pageSize=10&297e325a66f62bae0166f631b0b2000215641359418121564135941812
2019-07-26 18:12:21,826 INFO (AuthorizationInterceptor.java:109)- org.apache.catalina.util.ParameterMap@62e16ff9
2019-07-26 18:12:21,826 INFO (AuthorizationInterceptor.java:112)- 加密之后的sign=>F35D1CC7F08597F78E39A984992C6023
2019-07-26 18:12:21,834 INFO (AuthorizationInterceptor.java:146)- afterCompletion ----------ex => null
2019-07-26 18:12:30,002 INFO (TrafficStatisticsSchedule.java:96)- 调用！！！！！！！！！！！！！！Fri Jul 26 18:12:30 CST 2019
2019-07-26 18:12:30,004 INFO (TrafficStatisticsSchedule.java:183)- 没有链接设备
2019-07-26 18:12:40,001 INFO (TrafficStatisticsSchedule.java:96)- 调用！！！！！！！！！！！！！！Fri Jul 26 18:12:40 CST 2019
2019-07-26 18:12:40,001 INFO (TrafficStatisticsSchedule.java:183)- 没有链接设备
2019-07-26 18:12:50,001 INFO (TrafficStatisticsSchedule.java:96)- 调用！！！！！！！！！！！！！！Fri Jul 26 18:12:50 CST 2019
2019-07-26 18:12:50,003 INFO (TrafficStatisticsSchedule.java:183)- 没有链接设备
2019-07-26 18:13:00,001 INFO (TrafficStatisticsSchedule.java:96)- 调用！！！！！！！！！！！！！！Fri Jul 26 18:13:00 CST 2019
2019-07-26 18:13:00,002 INFO (TrafficStatisticsSchedule.java:183)- 没有链接设备
2019-07-26 18:13:10,001 INFO (TrafficStatisticsSchedule.java:96)- 调用！！！！！！！！！！！！！！Fri Jul 26 18:13:10 CST 2019
2019-07-26 18:13:10,001 INFO (TrafficStatisticsSchedule.java:183)- 没有链接设备
2019-07-26 18:13:20,002 INFO (TrafficStatisticsSchedule.java:96)- 调用！！！！！！！！！！！！！！Fri Jul 26 18:13:20 CST 2019
2019-07-26 18:13:20,003 INFO (TrafficStatisticsSchedule.java:183)- 没有链接设备
2019-07-26 18:13:30,001 INFO (TrafficStatisticsSchedule.java:96)- 调用！！！！！！！！！！！！！！Fri Jul 26 18:13:30 CST 2019
2019-07-26 18:13:30,001 INFO (TrafficStatisticsSchedule.java:183)- 没有链接设备
2019-07-26 18:13:40,002 INFO (TrafficStatisticsSchedule.java:96)- 调用！！！！！！！！！！！！！！Fri Jul 26 18:13:40 CST 2019
2019-07-26 18:13:40,003 INFO (TrafficStatisticsSchedule.java:183)- 没有链接设备
2019-07-26 18:13:50,000 INFO (TrafficStatisticsSchedule.java:96)- 调用！！！！！！！！！！！！！！Fri Jul 26 18:13:50 CST 2019
2019-07-26 18:13:50,001 INFO (TrafficStatisticsSchedule.java:183)- 没有链接设备
2019-07-26 18:14:00,002 INFO (TrafficStatisticsSchedule.java:96)- 调用！！！！！！！！！！！！！！Fri Jul 26 18:14:00 CST 2019
2019-07-26 18:14:00,004 INFO (TrafficStatisticsSchedule.java:183)- 没有链接设备
2019-07-26 18:14:10,002 INFO (TrafficStatisticsSchedule.java:96)- 调用！！！！！！！！！！！！！！Fri Jul 26 18:14:10 CST 2019
2019-07-26 18:14:10,002 INFO (TrafficStatisticsSchedule.java:183)- 没有链接设备
2019-07-26 18:14:20,001 INFO (TrafficStatisticsSchedule.java:96)- 调用！！！！！！！！！！！！！！Fri Jul 26 18:14:20 CST 2019
2019-07-26 18:14:20,002 INFO (TrafficStatisticsSchedule.java:183)- 没有链接设备
2019-07-26 18:14:30,002 INFO (TrafficStatisticsSchedule.java:96)- 调用！！！！！！！！！！！！！！Fri Jul 26 18:14:30 CST 2019
2019-07-26 18:14:30,002 INFO (TrafficStatisticsSchedule.java:183)- 没有链接设备
2019-07-26 18:14:40,002 INFO (TrafficStatisticsSchedule.java:96)- 调用！！！！！！！！！！！！！！Fri Jul 26 18:14:40 CST 2019
2019-07-26 18:14:40,004 INFO (TrafficStatisticsSchedule.java:183)- 没有链接设备
2019-07-26 18:14:50,001 INFO (TrafficStatisticsSchedule.java:96)- 调用！！！！！！！！！！！！！！Fri Jul 26 18:14:50 CST 2019
2019-07-26 18:14:50,002 INFO (TrafficStatisticsSchedule.java:183)- 没有链接设备
2019-07-26 18:15:00,002 INFO (TrafficStatisticsSchedule.java:96)- 调用！！！！！！！！！！！！！！Fri Jul 26 18:15:00 CST 2019
2019-07-26 18:15:00,002 INFO (TrafficStatisticsSchedule.java:183)- 没有链接设备
2019-07-26 18:15:10,002 INFO (TrafficStatisticsSchedule.java:96)- 调用！！！！！！！！！！！！！！Fri Jul 26 18:15:10 CST 2019
2019-07-26 18:15:10,003 INFO (TrafficStatisticsSchedule.java:183)- 没有链接设备
2019-07-26 18:15:20,001 INFO (TrafficStatisticsSchedule.java:96)- 调用！！！！！！！！！！！！！！Fri Jul 26 18:15:20 CST 2019
2019-07-26 18:15:20,003 INFO (TrafficStatisticsSchedule.java:183)- 没有链接设备
2019-07-26 18:15:30,001 INFO (TrafficStatisticsSchedule.java:96)- 调用！！！！！！！！！！！！！！Fri Jul 26 18:15:30 CST 2019
2019-07-26 18:15:30,002 INFO (TrafficStatisticsSchedule.java:183)- 没有链接设备
2019-07-26 18:15:40,001 INFO (TrafficStatisticsSchedule.java:96)- 调用！！！！！！！！！！！！！！Fri Jul 26 18:15:40 CST 2019
2019-07-26 18:15:40,003 INFO (TrafficStatisticsSchedule.java:183)- 没有链接设备
2019-07-26 18:15:50,002 INFO (TrafficStatisticsSchedule.java:96)- 调用！！！！！！！！！！！！！！Fri Jul 26 18:15:50 CST 2019
2019-07-26 18:15:50,003 INFO (TrafficStatisticsSchedule.java:183)- 没有链接设备
2019-07-26 18:16:00,001 INFO (TrafficStatisticsSchedule.java:96)- 调用！！！！！！！！！！！！！！Fri Jul 26 18:16:00 CST 2019
2019-07-26 18:16:00,002 INFO (TrafficStatisticsSchedule.java:183)- 没有链接设备
2019-07-26 18:16:10,002 INFO (TrafficStatisticsSchedule.java:96)- 调用！！！！！！！！！！！！！！Fri Jul 26 18:16:10 CST 2019
2019-07-26 18:16:10,003 INFO (TrafficStatisticsSchedule.java:183)- 没有链接设备
2019-07-26 18:16:20,002 INFO (TrafficStatisticsSchedule.java:96)- 调用！！！！！！！！！！！！！！Fri Jul 26 18:16:20 CST 2019
2019-07-26 18:16:20,004 INFO (TrafficStatisticsSchedule.java:183)- 没有链接设备
2019-07-26 18:16:30,002 INFO (TrafficStatisticsSchedule.java:96)- 调用！！！！！！！！！！！！！！Fri Jul 26 18:16:30 CST 2019
2019-07-26 18:16:30,002 INFO (TrafficStatisticsSchedule.java:183)- 没有链接设备
2019-07-26 18:16:40,001 INFO (TrafficStatisticsSchedule.java:96)- 调用！！！！！！！！！！！！！！Fri Jul 26 18:16:40 CST 2019
2019-07-26 18:16:40,001 INFO (TrafficStatisticsSchedule.java:183)- 没有链接设备
2019-07-26 18:16:50,001 INFO (TrafficStatisticsSchedule.java:96)- 调用！！！！！！！！！！！！！！Fri Jul 26 18:16:50 CST 2019
2019-07-26 18:16:50,002 INFO (TrafficStatisticsSchedule.java:183)- 没有链接设备
2019-07-26 18:17:00,001 INFO (TrafficStatisticsSchedule.java:96)- 调用！！！！！！！！！！！！！！Fri Jul 26 18:17:00 CST 2019
2019-07-26 18:17:00,002 INFO (TrafficStatisticsSchedule.java:183)- 没有链接设备
2019-07-26 18:17:10,001 INFO (TrafficStatisticsSchedule.java:96)- 调用！！！！！！！！！！！！！！Fri Jul 26 18:17:10 CST 2019
2019-07-26 18:17:10,002 INFO (TrafficStatisticsSchedule.java:183)- 没有链接设备
2019-07-26 18:17:20,002 INFO (TrafficStatisticsSchedule.java:96)- 调用！！！！！！！！！！！！！！Fri Jul 26 18:17:20 CST 2019
2019-07-26 18:17:20,003 INFO (TrafficStatisticsSchedule.java:183)- 没有链接设备
2019-07-26 18:17:30,002 INFO (TrafficStatisticsSchedule.java:96)- 调用！！！！！！！！！！！！！！Fri Jul 26 18:17:30 CST 2019
2019-07-26 18:17:30,002 INFO (TrafficStatisticsSchedule.java:183)- 没有链接设备
2019-07-26 18:17:40,002 INFO (TrafficStatisticsSchedule.java:96)- 调用！！！！！！！！！！！！！！Fri Jul 26 18:17:40 CST 2019
2019-07-26 18:17:40,002 INFO (TrafficStatisticsSchedule.java:183)- 没有链接设备
2019-07-26 18:17:50,002 INFO (TrafficStatisticsSchedule.java:96)- 调用！！！！！！！！！！！！！！Fri Jul 26 18:17:50 CST 2019
2019-07-26 18:17:50,003 INFO (TrafficStatisticsSchedule.java:183)- 没有链接设备
2019-07-26 18:18:00,001 INFO (TrafficStatisticsSchedule.java:96)- 调用！！！！！！！！！！！！！！Fri Jul 26 18:18:00 CST 2019
2019-07-26 18:18:00,002 INFO (TrafficStatisticsSchedule.java:183)- 没有链接设备
2019-07-26 18:18:10,001 INFO (TrafficStatisticsSchedule.java:96)- 调用！！！！！！！！！！！！！！Fri Jul 26 18:18:10 CST 2019
2019-07-26 18:18:10,002 INFO (TrafficStatisticsSchedule.java:183)- 没有链接设备
2019-07-26 18:18:20,002 INFO (TrafficStatisticsSchedule.java:96)- 调用！！！！！！！！！！！！！！Fri Jul 26 18:18:20 CST 2019
2019-07-26 18:18:20,003 INFO (TrafficStatisticsSchedule.java:183)- 没有链接设备
2019-07-26 18:18:30,001 INFO (TrafficStatisticsSchedule.java:96)- 调用！！！！！！！！！！！！！！Fri Jul 26 18:18:30 CST 2019
2019-07-26 18:18:30,002 INFO (TrafficStatisticsSchedule.java:183)- 没有链接设备
2019-07-26 18:18:40,002 INFO (TrafficStatisticsSchedule.java:96)- 调用！！！！！！！！！！！！！！Fri Jul 26 18:18:40 CST 2019
2019-07-26 18:18:40,003 INFO (TrafficStatisticsSchedule.java:183)- 没有链接设备
2019-07-26 18:18:50,001 INFO (TrafficStatisticsSchedule.java:96)- 调用！！！！！！！！！！！！！！Fri Jul 26 18:18:50 CST 2019
2019-07-26 18:18:50,002 INFO (TrafficStatisticsSchedule.java:183)- 没有链接设备
2019-07-26 18:19:00,001 INFO (TrafficStatisticsSchedule.java:96)- 调用！！！！！！！！！！！！！！Fri Jul 26 18:19:00 CST 2019
2019-07-26 18:19:00,003 INFO (TrafficStatisticsSchedule.java:183)- 没有链接设备
2019-07-26 18:19:10,003 INFO (TrafficStatisticsSchedule.java:96)- 调用！！！！！！！！！！！！！！Fri Jul 26 18:19:10 CST 2019
2019-07-26 18:19:10,004 INFO (TrafficStatisticsSchedule.java:183)- 没有链接设备
2019-07-26 18:19:20,002 INFO (TrafficStatisticsSchedule.java:96)- 调用！！！！！！！！！！！！！！Fri Jul 26 18:19:20 CST 2019
2019-07-26 18:19:20,003 INFO (TrafficStatisticsSchedule.java:183)- 没有链接设备
2019-07-26 18:19:30,005 INFO (TrafficStatisticsSchedule.java:96)- 调用！！！！！！！！！！！！！！Fri Jul 26 18:19:30 CST 2019
2019-07-26 18:19:30,006 INFO (TrafficStatisticsSchedule.java:183)- 没有链接设备
2019-07-26 18:19:40,001 INFO (TrafficStatisticsSchedule.java:96)- 调用！！！！！！！！！！！！！！Fri Jul 26 18:19:40 CST 2019
2019-07-26 18:19:40,003 INFO (TrafficStatisticsSchedule.java:183)- 没有链接设备
2019-07-26 18:19:50,002 INFO (TrafficStatisticsSchedule.java:96)- 调用！！！！！！！！！！！！！！Fri Jul 26 18:19:50 CST 2019
2019-07-26 18:19:50,002 INFO (TrafficStatisticsSchedule.java:183)- 没有链接设备
2019-07-26 18:20:00,002 INFO (TrafficStatisticsSchedule.java:96)- 调用！！！！！！！！！！！！！！Fri Jul 26 18:20:00 CST 2019
2019-07-26 18:20:00,004 INFO (TrafficStatisticsSchedule.java:183)- 没有链接设备
2019-07-26 18:20:10,000 INFO (TrafficStatisticsSchedule.java:96)- 调用！！！！！！！！！！！！！！Fri Jul 26 18:20:10 CST 2019
2019-07-26 18:20:10,002 INFO (TrafficStatisticsSchedule.java:183)- 没有链接设备
2019-07-26 18:20:20,001 INFO (TrafficStatisticsSchedule.java:96)- 调用！！！！！！！！！！！！！！Fri Jul 26 18:20:20 CST 2019
2019-07-26 18:20:20,002 INFO (TrafficStatisticsSchedule.java:183)- 没有链接设备
2019-07-26 18:20:30,001 INFO (TrafficStatisticsSchedule.java:96)- 调用！！！！！！！！！！！！！！Fri Jul 26 18:20:30 CST 2019
2019-07-26 18:20:30,003 INFO (TrafficStatisticsSchedule.java:183)- 没有链接设备
2019-07-26 18:20:40,001 INFO (TrafficStatisticsSchedule.java:96)- 调用！！！！！！！！！！！！！！Fri Jul 26 18:20:40 CST 2019
2019-07-26 18:20:40,003 INFO (TrafficStatisticsSchedule.java:183)- 没有链接设备
2019-07-26 18:20:50,002 INFO (TrafficStatisticsSchedule.java:96)- 调用！！！！！！！！！！！！！！Fri Jul 26 18:20:50 CST 2019
2019-07-26 18:20:50,002 INFO (TrafficStatisticsSchedule.java:183)- 没有链接设备
2019-07-26 18:21:00,001 INFO (TrafficStatisticsSchedule.java:96)- 调用！！！！！！！！！！！！！！Fri Jul 26 18:21:00 CST 2019
2019-07-26 18:21:00,003 INFO (TrafficStatisticsSchedule.java:183)- 没有链接设备
2019-07-26 18:21:10,003 INFO (TrafficStatisticsSchedule.java:96)- 调用！！！！！！！！！！！！！！Fri Jul 26 18:21:10 CST 2019
2019-07-26 18:21:10,004 INFO (TrafficStatisticsSchedule.java:183)- 没有链接设备
2019-07-26 18:21:20,001 INFO (TrafficStatisticsSchedule.java:96)- 调用！！！！！！！！！！！！！！Fri Jul 26 18:21:20 CST 2019
2019-07-26 18:21:20,001 INFO (TrafficStatisticsSchedule.java:183)- 没有链接设备
2019-07-26 18:21:30,001 INFO (TrafficStatisticsSchedule.java:96)- 调用！！！！！！！！！！！！！！Fri Jul 26 18:21:30 CST 2019
2019-07-26 18:21:30,001 INFO (TrafficStatisticsSchedule.java:183)- 没有链接设备
2019-07-26 18:21:40,000 INFO (TrafficStatisticsSchedule.java:96)- 调用！！！！！！！！！！！！！！Fri Jul 26 18:21:40 CST 2019
2019-07-26 18:21:40,001 INFO (TrafficStatisticsSchedule.java:183)- 没有链接设备
2019-07-26 18:21:50,002 INFO (TrafficStatisticsSchedule.java:96)- 调用！！！！！！！！！！！！！！Fri Jul 26 18:21:50 CST 2019
2019-07-26 18:21:50,003 INFO (TrafficStatisticsSchedule.java:183)- 没有链接设备
2019-07-26 18:22:00,002 INFO (TrafficStatisticsSchedule.java:96)- 调用！！！！！！！！！！！！！！Fri Jul 26 18:22:00 CST 2019
2019-07-26 18:22:00,004 INFO (TrafficStatisticsSchedule.java:183)- 没有链接设备
2019-07-26 18:22:10,001 INFO (TrafficStatisticsSchedule.java:96)- 调用！！！！！！！！！！！！！！Fri Jul 26 18:22:10 CST 2019
2019-07-26 18:22:10,002 INFO (TrafficStatisticsSchedule.java:183)- 没有链接设备
2019-07-26 18:22:20,001 INFO (TrafficStatisticsSchedule.java:96)- 调用！！！！！！！！！！！！！！Fri Jul 26 18:22:20 CST 2019
2019-07-26 18:22:20,004 INFO (TrafficStatisticsSchedule.java:183)- 没有链接设备
2019-07-26 18:22:30,000 INFO (TrafficStatisticsSchedule.java:96)- 调用！！！！！！！！！！！！！！Fri Jul 26 18:22:30 CST 2019
2019-07-26 18:22:30,002 INFO (TrafficStatisticsSchedule.java:183)- 没有链接设备
2019-07-26 18:22:40,000 INFO (TrafficStatisticsSchedule.java:96)- 调用！！！！！！！！！！！！！！Fri Jul 26 18:22:40 CST 2019
2019-07-26 18:22:40,002 INFO (TrafficStatisticsSchedule.java:183)- 没有链接设备
2019-07-26 18:22:50,002 INFO (TrafficStatisticsSchedule.java:96)- 调用！！！！！！！！！！！！！！Fri Jul 26 18:22:50 CST 2019
2019-07-26 18:22:50,003 INFO (TrafficStatisticsSchedule.java:183)- 没有链接设备
2019-07-26 18:23:00,002 INFO (TrafficStatisticsSchedule.java:96)- 调用！！！！！！！！！！！！！！Fri Jul 26 18:23:00 CST 2019
2019-07-26 18:23:00,004 INFO (TrafficStatisticsSchedule.java:183)- 没有链接设备
2019-07-26 18:23:10,002 INFO (TrafficStatisticsSchedule.java:96)- 调用！！！！！！！！！！！！！！Fri Jul 26 18:23:10 CST 2019
2019-07-26 18:23:10,002 INFO (TrafficStatisticsSchedule.java:183)- 没有链接设备
2019-07-26 18:23:20,001 INFO (TrafficStatisticsSchedule.java:96)- 调用！！！！！！！！！！！！！！Fri Jul 26 18:23:20 CST 2019
2019-07-26 18:23:20,003 INFO (TrafficStatisticsSchedule.java:183)- 没有链接设备
2019-07-26 18:23:30,000 INFO (TrafficStatisticsSchedule.java:96)- 调用！！！！！！！！！！！！！！Fri Jul 26 18:23:30 CST 2019
2019-07-26 18:23:30,000 INFO (TrafficStatisticsSchedule.java:183)- 没有链接设备
2019-07-26 18:23:40,001 INFO (TrafficStatisticsSchedule.java:96)- 调用！！！！！！！！！！！！！！Fri Jul 26 18:23:40 CST 2019
2019-07-26 18:23:40,003 INFO (TrafficStatisticsSchedule.java:183)- 没有链接设备
2019-07-26 18:23:50,002 INFO (TrafficStatisticsSchedule.java:96)- 调用！！！！！！！！！！！！！！Fri Jul 26 18:23:50 CST 2019
2019-07-26 18:23:50,003 INFO (TrafficStatisticsSchedule.java:183)- 没有链接设备
2019-07-26 18:24:00,001 INFO (TrafficStatisticsSchedule.java:96)- 调用！！！！！！！！！！！！！！Fri Jul 26 18:24:00 CST 2019
2019-07-26 18:24:00,003 INFO (TrafficStatisticsSchedule.java:183)- 没有链接设备
2019-07-26 18:24:10,001 INFO (TrafficStatisticsSchedule.java:96)- 调用！！！！！！！！！！！！！！Fri Jul 26 18:24:10 CST 2019
2019-07-26 18:24:10,002 INFO (TrafficStatisticsSchedule.java:183)- 没有链接设备
2019-07-26 18:24:20,001 INFO (TrafficStatisticsSchedule.java:96)- 调用！！！！！！！！！！！！！！Fri Jul 26 18:24:20 CST 2019
2019-07-26 18:24:20,003 INFO (TrafficStatisticsSchedule.java:183)- 没有链接设备
2019-07-26 18:24:30,001 INFO (TrafficStatisticsSchedule.java:96)- 调用！！！！！！！！！！！！！！Fri Jul 26 18:24:30 CST 2019
2019-07-26 18:24:30,001 INFO (TrafficStatisticsSchedule.java:183)- 没有链接设备
2019-07-26 18:24:40,001 INFO (TrafficStatisticsSchedule.java:96)- 调用！！！！！！！！！！！！！！Fri Jul 26 18:24:40 CST 2019
2019-07-26 18:24:40,002 INFO (TrafficStatisticsSchedule.java:183)- 没有链接设备
2019-07-26 18:24:50,001 INFO (TrafficStatisticsSchedule.java:96)- 调用！！！！！！！！！！！！！！Fri Jul 26 18:24:50 CST 2019
2019-07-26 18:24:50,002 INFO (TrafficStatisticsSchedule.java:183)- 没有链接设备
2019-07-26 18:25:00,001 INFO (TrafficStatisticsSchedule.java:96)- 调用！！！！！！！！！！！！！！Fri Jul 26 18:25:00 CST 2019
2019-07-26 18:25:00,003 INFO (TrafficStatisticsSchedule.java:183)- 没有链接设备
2019-07-26 18:25:10,001 INFO (TrafficStatisticsSchedule.java:96)- 调用！！！！！！！！！！！！！！Fri Jul 26 18:25:10 CST 2019
2019-07-26 18:25:10,002 INFO (TrafficStatisticsSchedule.java:183)- 没有链接设备
2019-07-26 18:25:20,000 INFO (TrafficStatisticsSchedule.java:96)- 调用！！！！！！！！！！！！！！Fri Jul 26 18:25:20 CST 2019
2019-07-26 18:25:20,002 INFO (TrafficStatisticsSchedule.java:183)- 没有链接设备
2019-07-26 18:25:30,002 INFO (TrafficStatisticsSchedule.java:96)- 调用！！！！！！！！！！！！！！Fri Jul 26 18:25:30 CST 2019
2019-07-26 18:25:30,004 INFO (TrafficStatisticsSchedule.java:183)- 没有链接设备
2019-07-26 18:25:40,001 INFO (TrafficStatisticsSchedule.java:96)- 调用！！！！！！！！！！！！！！Fri Jul 26 18:25:40 CST 2019
2019-07-26 18:25:40,001 INFO (TrafficStatisticsSchedule.java:183)- 没有链接设备
2019-07-26 18:25:50,001 INFO (TrafficStatisticsSchedule.java:96)- 调用！！！！！！！！！！！！！！Fri Jul 26 18:25:50 CST 2019
2019-07-26 18:25:50,002 INFO (TrafficStatisticsSchedule.java:183)- 没有链接设备
2019-07-26 18:26:00,002 INFO (TrafficStatisticsSchedule.java:96)- 调用！！！！！！！！！！！！！！Fri Jul 26 18:26:00 CST 2019
2019-07-26 18:26:00,004 INFO (TrafficStatisticsSchedule.java:183)- 没有链接设备
2019-07-26 18:26:10,001 INFO (TrafficStatisticsSchedule.java:96)- 调用！！！！！！！！！！！！！！Fri Jul 26 18:26:10 CST 2019
2019-07-26 18:26:10,001 INFO (TrafficStatisticsSchedule.java:183)- 没有链接设备
2019-07-26 18:26:20,001 INFO (TrafficStatisticsSchedule.java:96)- 调用！！！！！！！！！！！！！！Fri Jul 26 18:26:20 CST 2019
2019-07-26 18:26:20,002 INFO (TrafficStatisticsSchedule.java:183)- 没有链接设备
2019-07-26 18:26:30,001 INFO (TrafficStatisticsSchedule.java:96)- 调用！！！！！！！！！！！！！！Fri Jul 26 18:26:30 CST 2019
2019-07-26 18:26:30,003 INFO (TrafficStatisticsSchedule.java:183)- 没有链接设备
2019-07-26 18:26:40,002 INFO (TrafficStatisticsSchedule.java:96)- 调用！！！！！！！！！！！！！！Fri Jul 26 18:26:40 CST 2019
2019-07-26 18:26:40,003 INFO (TrafficStatisticsSchedule.java:183)- 没有链接设备
2019-07-26 18:26:50,002 INFO (TrafficStatisticsSchedule.java:96)- 调用！！！！！！！！！！！！！！Fri Jul 26 18:26:50 CST 2019
2019-07-26 18:26:50,004 INFO (TrafficStatisticsSchedule.java:183)- 没有链接设备
2019-07-26 18:27:00,002 INFO (TrafficStatisticsSchedule.java:96)- 调用！！！！！！！！！！！！！！Fri Jul 26 18:27:00 CST 2019
2019-07-26 18:27:00,002 INFO (TrafficStatisticsSchedule.java:183)- 没有链接设备
2019-07-26 18:27:10,002 INFO (TrafficStatisticsSchedule.java:96)- 调用！！！！！！！！！！！！！！Fri Jul 26 18:27:10 CST 2019
2019-07-26 18:27:10,002 INFO (TrafficStatisticsSchedule.java:183)- 没有链接设备
2019-07-26 18:27:20,001 INFO (TrafficStatisticsSchedule.java:96)- 调用！！！！！！！！！！！！！！Fri Jul 26 18:27:20 CST 2019
2019-07-26 18:27:20,001 INFO (TrafficStatisticsSchedule.java:183)- 没有链接设备
2019-07-26 18:27:30,002 INFO (TrafficStatisticsSchedule.java:96)- 调用！！！！！！！！！！！！！！Fri Jul 26 18:27:30 CST 2019
2019-07-26 18:27:30,004 INFO (TrafficStatisticsSchedule.java:183)- 没有链接设备
2019-07-26 18:27:40,001 INFO (TrafficStatisticsSchedule.java:96)- 调用！！！！！！！！！！！！！！Fri Jul 26 18:27:40 CST 2019
2019-07-26 18:27:40,001 INFO (TrafficStatisticsSchedule.java:183)- 没有链接设备
2019-07-26 18:27:50,001 INFO (TrafficStatisticsSchedule.java:96)- 调用！！！！！！！！！！！！！！Fri Jul 26 18:27:50 CST 2019
2019-07-26 18:27:50,002 INFO (TrafficStatisticsSchedule.java:183)- 没有链接设备
2019-07-26 18:28:00,002 INFO (TrafficStatisticsSchedule.java:96)- 调用！！！！！！！！！！！！！！Fri Jul 26 18:28:00 CST 2019
2019-07-26 18:28:00,004 INFO (TrafficStatisticsSchedule.java:183)- 没有链接设备
2019-07-26 18:28:10,002 INFO (TrafficStatisticsSchedule.java:96)- 调用！！！！！！！！！！！！！！Fri Jul 26 18:28:10 CST 2019
2019-07-26 18:28:10,003 INFO (TrafficStatisticsSchedule.java:183)- 没有链接设备
2019-07-26 18:28:20,001 INFO (TrafficStatisticsSchedule.java:96)- 调用！！！！！！！！！！！！！！Fri Jul 26 18:28:20 CST 2019
2019-07-26 18:28:20,002 INFO (TrafficStatisticsSchedule.java:183)- 没有链接设备
2019-07-26 18:28:30,001 INFO (TrafficStatisticsSchedule.java:96)- 调用！！！！！！！！！！！！！！Fri Jul 26 18:28:30 CST 2019
2019-07-26 18:28:30,002 INFO (TrafficStatisticsSchedule.java:183)- 没有链接设备
2019-07-26 18:28:40,001 INFO (TrafficStatisticsSchedule.java:96)- 调用！！！！！！！！！！！！！！Fri Jul 26 18:28:40 CST 2019
2019-07-26 18:28:40,001 INFO (TrafficStatisticsSchedule.java:183)- 没有链接设备
2019-07-26 18:28:50,001 INFO (TrafficStatisticsSchedule.java:96)- 调用！！！！！！！！！！！！！！Fri Jul 26 18:28:50 CST 2019
2019-07-26 18:28:50,002 INFO (TrafficStatisticsSchedule.java:183)- 没有链接设备
2019-07-26 18:29:00,001 INFO (TrafficStatisticsSchedule.java:96)- 调用！！！！！！！！！！！！！！Fri Jul 26 18:29:00 CST 2019
2019-07-26 18:29:00,001 INFO (TrafficStatisticsSchedule.java:183)- 没有链接设备
