2019-08-20 15:37:18,925 INFO (StartupInfoLogger.java:50)- Starting FaceApplication on LAPTOP-3J4GOKGI with PID 19932 (C:\Users\Super\Desktop\aicheck-face-master\target\classes started by Super in C:\Users\Super\Desktop\aicheck-face-master)
2019-08-20 15:37:18,934 INFO (SpringApplication.java:675)- No active profile set, falling back to default profiles: default
2019-08-20 15:37:27,105 INFO (NettyInitial.java:69)- 【服务器启动成功========端口：9800】
2019-08-20 15:37:46,992 INFO (StartupInfoLogger.java:50)- Starting FaceApplication on LAPTOP-3J4GOKGI with PID 13724 (C:\Users\Super\Desktop\aicheck-face-master\target\classes started by Super in C:\Users\Super\Desktop\aicheck-face-master)
2019-08-20 15:37:46,996 INFO (SpringApplication.java:675)- No active profile set, falling back to default profiles: default
2019-08-20 15:37:54,410 INFO (NettyInitial.java:69)- 【服务器启动成功========端口：9800】
2019-08-20 15:37:56,045 INFO (StartupInfoLogger.java:59)- Started FaceApplication in 9.411 seconds (JVM running for 10.015)
2019-08-20 15:38:00,911 INFO (TrafficStatisticsSchedule.java:107)- 调用！！！！！！！！！！！！！！Tue Aug 20 15:38:00 CST 2019
2019-08-20 15:38:21,979 INFO (StartupInfoLogger.java:50)- Starting FaceApplication on LAPTOP-3J4GOKGI with PID 17968 (C:\Users\Super\Desktop\aicheck-face-master\target\classes started by Super in C:\Users\Super\Desktop\aicheck-face-master)
2019-08-20 15:38:21,982 INFO (SpringApplication.java:675)- No active profile set, falling back to default profiles: default
2019-08-20 15:38:29,481 INFO (NettyInitial.java:69)- 【服务器启动成功========端口：9800】
2019-08-20 15:38:31,063 INFO (StartupInfoLogger.java:59)- Started FaceApplication in 9.462 seconds (JVM running for 10.127)
2019-08-20 15:38:40,001 INFO (TrafficStatisticsSchedule.java:107)- 调用！！！！！！！！！！！！！！Tue Aug 20 15:38:40 CST 2019
2019-08-20 15:40:06,575 INFO (StartupInfoLogger.java:50)- Starting FaceApplication on LAPTOP-3J4GOKGI with PID 8432 (C:\Users\Super\Desktop\aicheck-face-master\target\classes started by Super in C:\Users\Super\Desktop\aicheck-face-master)
2019-08-20 15:40:06,581 INFO (SpringApplication.java:675)- No active profile set, falling back to default profiles: default
2019-08-20 15:40:15,203 INFO (NettyInitial.java:69)- 【服务器启动成功========端口：9800】
2019-08-20 15:40:17,259 INFO (StartupInfoLogger.java:59)- Started FaceApplication in 11.169 seconds (JVM running for 12.089)
2019-08-20 15:40:43,535 INFO (TrafficStatisticsSchedule.java:107)- 调用！！！！！！！！！！！！！！Tue Aug 20 15:40:43 CST 2019
2019-08-20 15:46:32,180 INFO (StartupInfoLogger.java:50)- Starting FaceApplication on LAPTOP-3J4GOKGI with PID 16260 (C:\Users\Super\Desktop\aicheck-face-master\target\classes started by Super in C:\Users\Super\Desktop\aicheck-face-master)
2019-08-20 15:46:32,183 INFO (SpringApplication.java:675)- No active profile set, falling back to default profiles: default
2019-08-20 15:46:39,559 INFO (NettyInitial.java:69)- 【服务器启动成功========端口：9800】
2019-08-20 15:46:41,161 INFO (StartupInfoLogger.java:59)- Started FaceApplication in 9.337 seconds (JVM running for 9.938)
2019-08-20 15:46:50,865 INFO (TrafficStatisticsSchedule.java:107)- 调用！！！！！！！！！！！！！！Tue Aug 20 15:46:50 CST 2019
