2019-09-12 15:14:11,044 INFO (StartupInfoLogger.java:50)- Starting FaceApplication on 爱新觉罗的Computer with PID 3744 (C:\Users\Super\Desktop\aicheck-face-master\target\classes started by Super in C:\Users\Super\Desktop\aicheck-face-master)
2019-09-12 15:14:11,053 INFO (SpringApplication.java:675)- No active profile set, falling back to default profiles: default
2019-09-12 15:14:19,591 INFO (NettyInitial.java:69)- 【服务器启动成功========端口：9800】
2019-09-12 15:14:21,401 INFO (StartupInfoLogger.java:59)- Started FaceApplication in 10.789 seconds (JVM running for 11.465)
2019-09-12 15:14:33,251 INFO (StartupInfoLogger.java:50)- Starting FaceApplication on 爱新觉罗的Computer with PID 8980 (C:\Users\Super\Desktop\aicheck-face-master\target\classes started by Super in C:\Users\Super\Desktop\aicheck-face-master)
2019-09-12 15:14:33,258 INFO (SpringApplication.java:675)- No active profile set, falling back to default profiles: default
2019-09-12 15:14:41,535 INFO (NettyInitial.java:69)- 【服务器启动成功========端口：9800】
2019-09-12 15:14:43,352 INFO (StartupInfoLogger.java:59)- Started FaceApplication in 10.531 seconds (JVM running for 11.476)
2019-09-12 15:14:50,001 INFO (TrafficStatisticsSchedule.java:108)- 调用！！！！！！！！！！！！！！Thu Sep 12 15:14:50 CST 2019
2019-09-12 15:15:00,001 INFO (TrafficStatisticsSchedule.java:108)- 调用！！！！！！！！！！！！！！Thu Sep 12 15:15:00 CST 2019
2019-09-12 15:15:10,002 INFO (TrafficStatisticsSchedule.java:108)- 调用！！！！！！！！！！！！！！Thu Sep 12 15:15:10 CST 2019
2019-09-12 15:15:20,001 INFO (TrafficStatisticsSchedule.java:108)- 调用！！！！！！！！！！！！！！Thu Sep 12 15:15:20 CST 2019
2019-09-12 15:15:30,001 INFO (TrafficStatisticsSchedule.java:108)- 调用！！！！！！！！！！！！！！Thu Sep 12 15:15:30 CST 2019
2019-09-12 15:15:40,002 INFO (TrafficStatisticsSchedule.java:108)- 调用！！！！！！！！！！！！！！Thu Sep 12 15:15:40 CST 2019
2019-09-12 15:15:50,002 INFO (TrafficStatisticsSchedule.java:108)- 调用！！！！！！！！！！！！！！Thu Sep 12 15:15:50 CST 2019
2019-09-12 15:16:00,000 INFO (TrafficStatisticsSchedule.java:108)- 调用！！！！！！！！！！！！！！Thu Sep 12 15:16:00 CST 2019
2019-09-12 15:16:10,001 INFO (TrafficStatisticsSchedule.java:108)- 调用！！！！！！！！！！！！！！Thu Sep 12 15:16:10 CST 2019
2019-09-12 15:16:20,002 INFO (TrafficStatisticsSchedule.java:108)- 调用！！！！！！！！！！！！！！Thu Sep 12 15:16:20 CST 2019
2019-09-12 15:16:30,001 INFO (TrafficStatisticsSchedule.java:108)- 调用！！！！！！！！！！！！！！Thu Sep 12 15:16:30 CST 2019
2019-09-12 15:16:40,002 INFO (TrafficStatisticsSchedule.java:108)- 调用！！！！！！！！！！！！！！Thu Sep 12 15:16:40 CST 2019
2019-09-12 15:16:50,001 INFO (TrafficStatisticsSchedule.java:108)- 调用！！！！！！！！！！！！！！Thu Sep 12 15:16:50 CST 2019
2019-09-12 15:17:00,004 INFO (TrafficStatisticsSchedule.java:108)- 调用！！！！！！！！！！！！！！Thu Sep 12 15:17:00 CST 2019
2019-09-12 15:17:10,001 INFO (TrafficStatisticsSchedule.java:108)- 调用！！！！！！！！！！！！！！Thu Sep 12 15:17:10 CST 2019
2019-09-12 15:17:20,005 INFO (TrafficStatisticsSchedule.java:108)- 调用！！！！！！！！！！！！！！Thu Sep 12 15:17:20 CST 2019
2019-09-12 15:17:30,000 INFO (TrafficStatisticsSchedule.java:108)- 调用！！！！！！！！！！！！！！Thu Sep 12 15:17:30 CST 2019
2019-09-12 15:17:40,001 INFO (TrafficStatisticsSchedule.java:108)- 调用！！！！！！！！！！！！！！Thu Sep 12 15:17:40 CST 2019
2019-09-12 15:17:50,002 INFO (TrafficStatisticsSchedule.java:108)- 调用！！！！！！！！！！！！！！Thu Sep 12 15:17:50 CST 2019
2019-09-12 15:18:00,001 INFO (TrafficStatisticsSchedule.java:108)- 调用！！！！！！！！！！！！！！Thu Sep 12 15:18:00 CST 2019
2019-09-12 15:18:10,002 INFO (TrafficStatisticsSchedule.java:108)- 调用！！！！！！！！！！！！！！Thu Sep 12 15:18:10 CST 2019
2019-09-12 15:18:20,001 INFO (TrafficStatisticsSchedule.java:108)- 调用！！！！！！！！！！！！！！Thu Sep 12 15:18:20 CST 2019
2019-09-12 15:18:30,001 INFO (TrafficStatisticsSchedule.java:108)- 调用！！！！！！！！！！！！！！Thu Sep 12 15:18:30 CST 2019
2019-09-12 15:18:40,001 INFO (TrafficStatisticsSchedule.java:108)- 调用！！！！！！！！！！！！！！Thu Sep 12 15:18:40 CST 2019
2019-09-12 15:18:50,001 INFO (TrafficStatisticsSchedule.java:108)- 调用！！！！！！！！！！！！！！Thu Sep 12 15:18:50 CST 2019
2019-09-12 15:19:00,002 INFO (TrafficStatisticsSchedule.java:108)- 调用！！！！！！！！！！！！！！Thu Sep 12 15:19:00 CST 2019
2019-09-12 15:19:10,000 INFO (TrafficStatisticsSchedule.java:108)- 调用！！！！！！！！！！！！！！Thu Sep 12 15:19:10 CST 2019
2019-09-12 15:19:20,002 INFO (TrafficStatisticsSchedule.java:108)- 调用！！！！！！！！！！！！！！Thu Sep 12 15:19:20 CST 2019
2019-09-12 15:19:30,003 INFO (TrafficStatisticsSchedule.java:108)- 调用！！！！！！！！！！！！！！Thu Sep 12 15:19:30 CST 2019
2019-09-12 15:19:40,001 INFO (TrafficStatisticsSchedule.java:108)- 调用！！！！！！！！！！！！！！Thu Sep 12 15:19:40 CST 2019
2019-09-12 15:19:50,002 INFO (TrafficStatisticsSchedule.java:108)- 调用！！！！！！！！！！！！！！Thu Sep 12 15:19:50 CST 2019
2019-09-12 15:20:00,001 INFO (TrafficStatisticsSchedule.java:108)- 调用！！！！！！！！！！！！！！Thu Sep 12 15:20:00 CST 2019
2019-09-12 15:20:10,001 INFO (TrafficStatisticsSchedule.java:108)- 调用！！！！！！！！！！！！！！Thu Sep 12 15:20:10 CST 2019
2019-09-12 15:20:20,002 INFO (TrafficStatisticsSchedule.java:108)- 调用！！！！！！！！！！！！！！Thu Sep 12 15:20:20 CST 2019
2019-09-12 15:20:30,001 INFO (TrafficStatisticsSchedule.java:108)- 调用！！！！！！！！！！！！！！Thu Sep 12 15:20:30 CST 2019
2019-09-12 15:20:40,001 INFO (TrafficStatisticsSchedule.java:108)- 调用！！！！！！！！！！！！！！Thu Sep 12 15:20:40 CST 2019
2019-09-12 15:20:50,002 INFO (TrafficStatisticsSchedule.java:108)- 调用！！！！！！！！！！！！！！Thu Sep 12 15:20:50 CST 2019
2019-09-12 15:21:00,001 INFO (TrafficStatisticsSchedule.java:108)- 调用！！！！！！！！！！！！！！Thu Sep 12 15:21:00 CST 2019
2019-09-12 15:21:10,002 INFO (TrafficStatisticsSchedule.java:108)- 调用！！！！！！！！！！！！！！Thu Sep 12 15:21:10 CST 2019
2019-09-12 15:21:20,002 INFO (TrafficStatisticsSchedule.java:108)- 调用！！！！！！！！！！！！！！Thu Sep 12 15:21:20 CST 2019
2019-09-12 15:21:30,002 INFO (TrafficStatisticsSchedule.java:108)- 调用！！！！！！！！！！！！！！Thu Sep 12 15:21:30 CST 2019
2019-09-12 15:21:40,001 INFO (TrafficStatisticsSchedule.java:108)- 调用！！！！！！！！！！！！！！Thu Sep 12 15:21:40 CST 2019
2019-09-12 15:21:50,001 INFO (TrafficStatisticsSchedule.java:108)- 调用！！！！！！！！！！！！！！Thu Sep 12 15:21:50 CST 2019
2019-09-12 15:22:00,002 INFO (TrafficStatisticsSchedule.java:108)- 调用！！！！！！！！！！！！！！Thu Sep 12 15:22:00 CST 2019
2019-09-12 15:22:10,000 INFO (TrafficStatisticsSchedule.java:108)- 调用！！！！！！！！！！！！！！Thu Sep 12 15:22:10 CST 2019
2019-09-12 15:22:20,002 INFO (TrafficStatisticsSchedule.java:108)- 调用！！！！！！！！！！！！！！Thu Sep 12 15:22:20 CST 2019
2019-09-12 15:22:30,002 INFO (TrafficStatisticsSchedule.java:108)- 调用！！！！！！！！！！！！！！Thu Sep 12 15:22:30 CST 2019
2019-09-12 15:22:40,001 INFO (TrafficStatisticsSchedule.java:108)- 调用！！！！！！！！！！！！！！Thu Sep 12 15:22:40 CST 2019
2019-09-12 15:22:50,002 INFO (TrafficStatisticsSchedule.java:108)- 调用！！！！！！！！！！！！！！Thu Sep 12 15:22:50 CST 2019
2019-09-12 15:23:00,002 INFO (TrafficStatisticsSchedule.java:108)- 调用！！！！！！！！！！！！！！Thu Sep 12 15:23:00 CST 2019
2019-09-12 15:23:10,002 INFO (TrafficStatisticsSchedule.java:108)- 调用！！！！！！！！！！！！！！Thu Sep 12 15:23:10 CST 2019
2019-09-12 15:23:20,002 INFO (TrafficStatisticsSchedule.java:108)- 调用！！！！！！！！！！！！！！Thu Sep 12 15:23:20 CST 2019
2019-09-12 15:23:30,002 INFO (TrafficStatisticsSchedule.java:108)- 调用！！！！！！！！！！！！！！Thu Sep 12 15:23:30 CST 2019
2019-09-12 15:23:40,001 INFO (TrafficStatisticsSchedule.java:108)- 调用！！！！！！！！！！！！！！Thu Sep 12 15:23:40 CST 2019
2019-09-12 15:23:50,002 INFO (TrafficStatisticsSchedule.java:108)- 调用！！！！！！！！！！！！！！Thu Sep 12 15:23:50 CST 2019
2019-09-12 15:24:00,001 INFO (TrafficStatisticsSchedule.java:108)- 调用！！！！！！！！！！！！！！Thu Sep 12 15:24:00 CST 2019
2019-09-12 15:24:10,002 INFO (TrafficStatisticsSchedule.java:108)- 调用！！！！！！！！！！！！！！Thu Sep 12 15:24:10 CST 2019
2019-09-12 15:24:20,002 INFO (TrafficStatisticsSchedule.java:108)- 调用！！！！！！！！！！！！！！Thu Sep 12 15:24:20 CST 2019
2019-09-12 15:24:30,001 INFO (TrafficStatisticsSchedule.java:108)- 调用！！！！！！！！！！！！！！Thu Sep 12 15:24:30 CST 2019
2019-09-12 15:24:40,002 INFO (TrafficStatisticsSchedule.java:108)- 调用！！！！！！！！！！！！！！Thu Sep 12 15:24:40 CST 2019
2019-09-12 15:24:50,001 INFO (TrafficStatisticsSchedule.java:108)- 调用！！！！！！！！！！！！！！Thu Sep 12 15:24:50 CST 2019
2019-09-12 15:25:00,001 INFO (TrafficStatisticsSchedule.java:108)- 调用！！！！！！！！！！！！！！Thu Sep 12 15:25:00 CST 2019
2019-09-12 15:25:10,002 INFO (TrafficStatisticsSchedule.java:108)- 调用！！！！！！！！！！！！！！Thu Sep 12 15:25:10 CST 2019
2019-09-12 15:25:20,001 INFO (TrafficStatisticsSchedule.java:108)- 调用！！！！！！！！！！！！！！Thu Sep 12 15:25:20 CST 2019
2019-09-12 15:25:30,002 INFO (TrafficStatisticsSchedule.java:108)- 调用！！！！！！！！！！！！！！Thu Sep 12 15:25:30 CST 2019
2019-09-12 15:25:40,000 INFO (TrafficStatisticsSchedule.java:108)- 调用！！！！！！！！！！！！！！Thu Sep 12 15:25:40 CST 2019
2019-09-12 15:25:50,002 INFO (TrafficStatisticsSchedule.java:108)- 调用！！！！！！！！！！！！！！Thu Sep 12 15:25:50 CST 2019
2019-09-12 15:26:00,001 INFO (TrafficStatisticsSchedule.java:108)- 调用！！！！！！！！！！！！！！Thu Sep 12 15:26:00 CST 2019
2019-09-12 15:26:10,002 INFO (TrafficStatisticsSchedule.java:108)- 调用！！！！！！！！！！！！！！Thu Sep 12 15:26:10 CST 2019
2019-09-12 15:26:20,001 INFO (TrafficStatisticsSchedule.java:108)- 调用！！！！！！！！！！！！！！Thu Sep 12 15:26:20 CST 2019
2019-09-12 15:26:30,001 INFO (TrafficStatisticsSchedule.java:108)- 调用！！！！！！！！！！！！！！Thu Sep 12 15:26:30 CST 2019
2019-09-12 15:26:40,001 INFO (TrafficStatisticsSchedule.java:108)- 调用！！！！！！！！！！！！！！Thu Sep 12 15:26:40 CST 2019
2019-09-12 15:26:50,002 INFO (TrafficStatisticsSchedule.java:108)- 调用！！！！！！！！！！！！！！Thu Sep 12 15:26:50 CST 2019
2019-09-12 15:27:00,002 INFO (TrafficStatisticsSchedule.java:108)- 调用！！！！！！！！！！！！！！Thu Sep 12 15:27:00 CST 2019
2019-09-12 15:27:10,002 INFO (TrafficStatisticsSchedule.java:108)- 调用！！！！！！！！！！！！！！Thu Sep 12 15:27:10 CST 2019
2019-09-12 15:27:20,002 INFO (TrafficStatisticsSchedule.java:108)- 调用！！！！！！！！！！！！！！Thu Sep 12 15:27:20 CST 2019
2019-09-12 15:27:30,002 INFO (TrafficStatisticsSchedule.java:108)- 调用！！！！！！！！！！！！！！Thu Sep 12 15:27:30 CST 2019
2019-09-12 15:27:40,002 INFO (TrafficStatisticsSchedule.java:108)- 调用！！！！！！！！！！！！！！Thu Sep 12 15:27:40 CST 2019
2019-09-12 15:27:50,002 INFO (TrafficStatisticsSchedule.java:108)- 调用！！！！！！！！！！！！！！Thu Sep 12 15:27:50 CST 2019
2019-09-12 15:28:00,002 INFO (TrafficStatisticsSchedule.java:108)- 调用！！！！！！！！！！！！！！Thu Sep 12 15:28:00 CST 2019
2019-09-12 15:28:10,002 INFO (TrafficStatisticsSchedule.java:108)- 调用！！！！！！！！！！！！！！Thu Sep 12 15:28:10 CST 2019
2019-09-12 15:28:20,002 INFO (TrafficStatisticsSchedule.java:108)- 调用！！！！！！！！！！！！！！Thu Sep 12 15:28:20 CST 2019
2019-09-12 15:28:30,001 INFO (TrafficStatisticsSchedule.java:108)- 调用！！！！！！！！！！！！！！Thu Sep 12 15:28:30 CST 2019
2019-09-12 15:28:40,002 INFO (TrafficStatisticsSchedule.java:108)- 调用！！！！！！！！！！！！！！Thu Sep 12 15:28:40 CST 2019
2019-09-12 15:28:50,001 INFO (TrafficStatisticsSchedule.java:108)- 调用！！！！！！！！！！！！！！Thu Sep 12 15:28:50 CST 2019
2019-09-12 15:29:00,002 INFO (TrafficStatisticsSchedule.java:108)- 调用！！！！！！！！！！！！！！Thu Sep 12 15:29:00 CST 2019
2019-09-12 15:29:10,001 INFO (TrafficStatisticsSchedule.java:108)- 调用！！！！！！！！！！！！！！Thu Sep 12 15:29:10 CST 2019
2019-09-12 15:29:20,002 INFO (TrafficStatisticsSchedule.java:108)- 调用！！！！！！！！！！！！！！Thu Sep 12 15:29:20 CST 2019
2019-09-12 15:29:30,002 INFO (TrafficStatisticsSchedule.java:108)- 调用！！！！！！！！！！！！！！Thu Sep 12 15:29:30 CST 2019
2019-09-12 15:29:40,002 INFO (TrafficStatisticsSchedule.java:108)- 调用！！！！！！！！！！！！！！Thu Sep 12 15:29:40 CST 2019
2019-09-12 15:29:50,001 INFO (TrafficStatisticsSchedule.java:108)- 调用！！！！！！！！！！！！！！Thu Sep 12 15:29:50 CST 2019
2019-09-12 15:30:00,001 INFO (TrafficStatisticsSchedule.java:108)- 调用！！！！！！！！！！！！！！Thu Sep 12 15:30:00 CST 2019
2019-09-12 15:30:10,001 INFO (TrafficStatisticsSchedule.java:108)- 调用！！！！！！！！！！！！！！Thu Sep 12 15:30:10 CST 2019
2019-09-12 15:30:20,001 INFO (TrafficStatisticsSchedule.java:108)- 调用！！！！！！！！！！！！！！Thu Sep 12 15:30:20 CST 2019
2019-09-12 15:30:30,002 INFO (TrafficStatisticsSchedule.java:108)- 调用！！！！！！！！！！！！！！Thu Sep 12 15:30:30 CST 2019
2019-09-12 15:30:40,002 INFO (TrafficStatisticsSchedule.java:108)- 调用！！！！！！！！！！！！！！Thu Sep 12 15:30:40 CST 2019
2019-09-12 15:30:50,001 INFO (TrafficStatisticsSchedule.java:108)- 调用！！！！！！！！！！！！！！Thu Sep 12 15:30:50 CST 2019
2019-09-12 15:31:00,002 INFO (TrafficStatisticsSchedule.java:108)- 调用！！！！！！！！！！！！！！Thu Sep 12 15:31:00 CST 2019
2019-09-12 15:31:10,002 INFO (TrafficStatisticsSchedule.java:108)- 调用！！！！！！！！！！！！！！Thu Sep 12 15:31:10 CST 2019
2019-09-12 15:31:20,001 INFO (TrafficStatisticsSchedule.java:108)- 调用！！！！！！！！！！！！！！Thu Sep 12 15:31:20 CST 2019
2019-09-12 15:31:30,001 INFO (TrafficStatisticsSchedule.java:108)- 调用！！！！！！！！！！！！！！Thu Sep 12 15:31:30 CST 2019
2019-09-12 15:31:40,003 INFO (TrafficStatisticsSchedule.java:108)- 调用！！！！！！！！！！！！！！Thu Sep 12 15:31:40 CST 2019
2019-09-12 15:31:50,002 INFO (TrafficStatisticsSchedule.java:108)- 调用！！！！！！！！！！！！！！Thu Sep 12 15:31:50 CST 2019
2019-09-12 15:32:00,001 INFO (TrafficStatisticsSchedule.java:108)- 调用！！！！！！！！！！！！！！Thu Sep 12 15:32:00 CST 2019
2019-09-12 15:32:10,002 INFO (TrafficStatisticsSchedule.java:108)- 调用！！！！！！！！！！！！！！Thu Sep 12 15:32:10 CST 2019
2019-09-12 15:32:20,002 INFO (TrafficStatisticsSchedule.java:108)- 调用！！！！！！！！！！！！！！Thu Sep 12 15:32:20 CST 2019
2019-09-12 15:32:30,002 INFO (TrafficStatisticsSchedule.java:108)- 调用！！！！！！！！！！！！！！Thu Sep 12 15:32:30 CST 2019
2019-09-12 15:32:40,002 INFO (TrafficStatisticsSchedule.java:108)- 调用！！！！！！！！！！！！！！Thu Sep 12 15:32:40 CST 2019
2019-09-12 15:32:50,002 INFO (TrafficStatisticsSchedule.java:108)- 调用！！！！！！！！！！！！！！Thu Sep 12 15:32:50 CST 2019
2019-09-12 15:33:00,000 INFO (TrafficStatisticsSchedule.java:108)- 调用！！！！！！！！！！！！！！Thu Sep 12 15:33:00 CST 2019
2019-09-12 15:33:10,001 INFO (TrafficStatisticsSchedule.java:108)- 调用！！！！！！！！！！！！！！Thu Sep 12 15:33:10 CST 2019
2019-09-12 15:33:20,000 INFO (TrafficStatisticsSchedule.java:108)- 调用！！！！！！！！！！！！！！Thu Sep 12 15:33:20 CST 2019
2019-09-12 15:33:30,002 INFO (TrafficStatisticsSchedule.java:108)- 调用！！！！！！！！！！！！！！Thu Sep 12 15:33:30 CST 2019
2019-09-12 15:33:40,001 INFO (TrafficStatisticsSchedule.java:108)- 调用！！！！！！！！！！！！！！Thu Sep 12 15:33:40 CST 2019
2019-09-12 15:33:50,001 INFO (TrafficStatisticsSchedule.java:108)- 调用！！！！！！！！！！！！！！Thu Sep 12 15:33:50 CST 2019
2019-09-12 15:34:00,001 INFO (TrafficStatisticsSchedule.java:108)- 调用！！！！！！！！！！！！！！Thu Sep 12 15:34:00 CST 2019
2019-09-12 15:34:10,003 INFO (TrafficStatisticsSchedule.java:108)- 调用！！！！！！！！！！！！！！Thu Sep 12 15:34:10 CST 2019
2019-09-12 15:34:20,001 INFO (TrafficStatisticsSchedule.java:108)- 调用！！！！！！！！！！！！！！Thu Sep 12 15:34:20 CST 2019
2019-09-12 15:34:30,002 INFO (TrafficStatisticsSchedule.java:108)- 调用！！！！！！！！！！！！！！Thu Sep 12 15:34:30 CST 2019
2019-09-12 15:34:40,001 INFO (TrafficStatisticsSchedule.java:108)- 调用！！！！！！！！！！！！！！Thu Sep 12 15:34:40 CST 2019
2019-09-12 15:34:50,001 INFO (TrafficStatisticsSchedule.java:108)- 调用！！！！！！！！！！！！！！Thu Sep 12 15:34:50 CST 2019
2019-09-12 15:35:00,001 INFO (TrafficStatisticsSchedule.java:108)- 调用！！！！！！！！！！！！！！Thu Sep 12 15:35:00 CST 2019
2019-09-12 15:35:10,002 INFO (TrafficStatisticsSchedule.java:108)- 调用！！！！！！！！！！！！！！Thu Sep 12 15:35:10 CST 2019
2019-09-12 15:35:20,001 INFO (TrafficStatisticsSchedule.java:108)- 调用！！！！！！！！！！！！！！Thu Sep 12 15:35:20 CST 2019
2019-09-12 15:35:30,001 INFO (TrafficStatisticsSchedule.java:108)- 调用！！！！！！！！！！！！！！Thu Sep 12 15:35:30 CST 2019
2019-09-12 15:35:40,002 INFO (TrafficStatisticsSchedule.java:108)- 调用！！！！！！！！！！！！！！Thu Sep 12 15:35:40 CST 2019
2019-09-12 15:35:50,002 INFO (TrafficStatisticsSchedule.java:108)- 调用！！！！！！！！！！！！！！Thu Sep 12 15:35:50 CST 2019
2019-09-12 15:36:00,001 INFO (TrafficStatisticsSchedule.java:108)- 调用！！！！！！！！！！！！！！Thu Sep 12 15:36:00 CST 2019
2019-09-12 15:36:10,001 INFO (TrafficStatisticsSchedule.java:108)- 调用！！！！！！！！！！！！！！Thu Sep 12 15:36:10 CST 2019
2019-09-12 15:36:20,002 INFO (TrafficStatisticsSchedule.java:108)- 调用！！！！！！！！！！！！！！Thu Sep 12 15:36:20 CST 2019
2019-09-12 15:36:30,001 INFO (TrafficStatisticsSchedule.java:108)- 调用！！！！！！！！！！！！！！Thu Sep 12 15:36:30 CST 2019
2019-09-12 15:36:40,001 INFO (TrafficStatisticsSchedule.java:108)- 调用！！！！！！！！！！！！！！Thu Sep 12 15:36:40 CST 2019
2019-09-12 15:36:50,002 INFO (TrafficStatisticsSchedule.java:108)- 调用！！！！！！！！！！！！！！Thu Sep 12 15:36:50 CST 2019
2019-09-12 15:37:00,001 INFO (TrafficStatisticsSchedule.java:108)- 调用！！！！！！！！！！！！！！Thu Sep 12 15:37:00 CST 2019
2019-09-12 15:37:10,001 INFO (TrafficStatisticsSchedule.java:108)- 调用！！！！！！！！！！！！！！Thu Sep 12 15:37:10 CST 2019
2019-09-12 15:37:20,001 INFO (TrafficStatisticsSchedule.java:108)- 调用！！！！！！！！！！！！！！Thu Sep 12 15:37:20 CST 2019
2019-09-12 15:37:30,000 INFO (TrafficStatisticsSchedule.java:108)- 调用！！！！！！！！！！！！！！Thu Sep 12 15:37:30 CST 2019
2019-09-12 15:37:40,001 INFO (TrafficStatisticsSchedule.java:108)- 调用！！！！！！！！！！！！！！Thu Sep 12 15:37:40 CST 2019
2019-09-12 15:37:50,002 INFO (TrafficStatisticsSchedule.java:108)- 调用！！！！！！！！！！！！！！Thu Sep 12 15:37:50 CST 2019
2019-09-12 15:38:00,002 INFO (TrafficStatisticsSchedule.java:108)- 调用！！！！！！！！！！！！！！Thu Sep 12 15:38:00 CST 2019
2019-09-12 15:38:10,001 INFO (TrafficStatisticsSchedule.java:108)- 调用！！！！！！！！！！！！！！Thu Sep 12 15:38:10 CST 2019
2019-09-12 15:38:20,001 INFO (TrafficStatisticsSchedule.java:108)- 调用！！！！！！！！！！！！！！Thu Sep 12 15:38:20 CST 2019
2019-09-12 15:38:30,002 INFO (TrafficStatisticsSchedule.java:108)- 调用！！！！！！！！！！！！！！Thu Sep 12 15:38:30 CST 2019
2019-09-12 15:38:40,000 INFO (TrafficStatisticsSchedule.java:108)- 调用！！！！！！！！！！！！！！Thu Sep 12 15:38:40 CST 2019
2019-09-12 15:38:50,001 INFO (TrafficStatisticsSchedule.java:108)- 调用！！！！！！！！！！！！！！Thu Sep 12 15:38:50 CST 2019
2019-09-12 15:39:00,002 INFO (TrafficStatisticsSchedule.java:108)- 调用！！！！！！！！！！！！！！Thu Sep 12 15:39:00 CST 2019
2019-09-12 15:39:10,001 INFO (TrafficStatisticsSchedule.java:108)- 调用！！！！！！！！！！！！！！Thu Sep 12 15:39:10 CST 2019
2019-09-12 15:39:20,002 INFO (TrafficStatisticsSchedule.java:108)- 调用！！！！！！！！！！！！！！Thu Sep 12 15:39:20 CST 2019
2019-09-12 15:39:30,003 INFO (TrafficStatisticsSchedule.java:108)- 调用！！！！！！！！！！！！！！Thu Sep 12 15:39:30 CST 2019
2019-09-12 15:39:40,001 INFO (TrafficStatisticsSchedule.java:108)- 调用！！！！！！！！！！！！！！Thu Sep 12 15:39:40 CST 2019
2019-09-12 15:39:50,001 INFO (TrafficStatisticsSchedule.java:108)- 调用！！！！！！！！！！！！！！Thu Sep 12 15:39:50 CST 2019
2019-09-12 15:40:00,002 INFO (TrafficStatisticsSchedule.java:108)- 调用！！！！！！！！！！！！！！Thu Sep 12 15:40:00 CST 2019
2019-09-12 15:40:10,000 INFO (TrafficStatisticsSchedule.java:108)- 调用！！！！！！！！！！！！！！Thu Sep 12 15:40:10 CST 2019
2019-09-12 15:40:20,002 INFO (TrafficStatisticsSchedule.java:108)- 调用！！！！！！！！！！！！！！Thu Sep 12 15:40:20 CST 2019
2019-09-12 15:40:30,001 INFO (TrafficStatisticsSchedule.java:108)- 调用！！！！！！！！！！！！！！Thu Sep 12 15:40:30 CST 2019
2019-09-12 15:40:40,002 INFO (TrafficStatisticsSchedule.java:108)- 调用！！！！！！！！！！！！！！Thu Sep 12 15:40:40 CST 2019
2019-09-12 15:40:50,002 INFO (TrafficStatisticsSchedule.java:108)- 调用！！！！！！！！！！！！！！Thu Sep 12 15:40:50 CST 2019
2019-09-12 15:41:00,001 INFO (TrafficStatisticsSchedule.java:108)- 调用！！！！！！！！！！！！！！Thu Sep 12 15:41:00 CST 2019
2019-09-12 15:41:10,001 INFO (TrafficStatisticsSchedule.java:108)- 调用！！！！！！！！！！！！！！Thu Sep 12 15:41:10 CST 2019
2019-09-12 15:41:20,000 INFO (TrafficStatisticsSchedule.java:108)- 调用！！！！！！！！！！！！！！Thu Sep 12 15:41:20 CST 2019
2019-09-12 15:41:30,000 INFO (TrafficStatisticsSchedule.java:108)- 调用！！！！！！！！！！！！！！Thu Sep 12 15:41:30 CST 2019
2019-09-12 15:41:40,001 INFO (TrafficStatisticsSchedule.java:108)- 调用！！！！！！！！！！！！！！Thu Sep 12 15:41:40 CST 2019
2019-09-12 15:41:50,002 INFO (TrafficStatisticsSchedule.java:108)- 调用！！！！！！！！！！！！！！Thu Sep 12 15:41:50 CST 2019
2019-09-12 15:42:00,002 INFO (TrafficStatisticsSchedule.java:108)- 调用！！！！！！！！！！！！！！Thu Sep 12 15:42:00 CST 2019
2019-09-12 15:42:10,001 INFO (TrafficStatisticsSchedule.java:108)- 调用！！！！！！！！！！！！！！Thu Sep 12 15:42:10 CST 2019
2019-09-12 15:42:20,002 INFO (TrafficStatisticsSchedule.java:108)- 调用！！！！！！！！！！！！！！Thu Sep 12 15:42:20 CST 2019
2019-09-12 15:42:30,000 INFO (TrafficStatisticsSchedule.java:108)- 调用！！！！！！！！！！！！！！Thu Sep 12 15:42:30 CST 2019
2019-09-12 15:42:40,002 INFO (TrafficStatisticsSchedule.java:108)- 调用！！！！！！！！！！！！！！Thu Sep 12 15:42:40 CST 2019
2019-09-12 15:42:50,000 INFO (TrafficStatisticsSchedule.java:108)- 调用！！！！！！！！！！！！！！Thu Sep 12 15:42:50 CST 2019
2019-09-12 15:43:00,000 INFO (TrafficStatisticsSchedule.java:108)- 调用！！！！！！！！！！！！！！Thu Sep 12 15:43:00 CST 2019
2019-09-12 15:43:10,001 INFO (TrafficStatisticsSchedule.java:108)- 调用！！！！！！！！！！！！！！Thu Sep 12 15:43:10 CST 2019
2019-09-12 15:43:20,002 INFO (TrafficStatisticsSchedule.java:108)- 调用！！！！！！！！！！！！！！Thu Sep 12 15:43:20 CST 2019
2019-09-12 15:43:30,001 INFO (TrafficStatisticsSchedule.java:108)- 调用！！！！！！！！！！！！！！Thu Sep 12 15:43:30 CST 2019
2019-09-12 15:43:40,003 INFO (TrafficStatisticsSchedule.java:108)- 调用！！！！！！！！！！！！！！Thu Sep 12 15:43:40 CST 2019
2019-09-12 15:43:50,000 INFO (TrafficStatisticsSchedule.java:108)- 调用！！！！！！！！！！！！！！Thu Sep 12 15:43:50 CST 2019
2019-09-12 15:44:00,002 INFO (TrafficStatisticsSchedule.java:108)- 调用！！！！！！！！！！！！！！Thu Sep 12 15:44:00 CST 2019
2019-09-12 15:44:10,002 INFO (TrafficStatisticsSchedule.java:108)- 调用！！！！！！！！！！！！！！Thu Sep 12 15:44:10 CST 2019
2019-09-12 15:44:20,001 INFO (TrafficStatisticsSchedule.java:108)- 调用！！！！！！！！！！！！！！Thu Sep 12 15:44:20 CST 2019
2019-09-12 15:44:30,001 INFO (TrafficStatisticsSchedule.java:108)- 调用！！！！！！！！！！！！！！Thu Sep 12 15:44:30 CST 2019
2019-09-12 15:44:40,002 INFO (TrafficStatisticsSchedule.java:108)- 调用！！！！！！！！！！！！！！Thu Sep 12 15:44:40 CST 2019
2019-09-12 15:44:50,002 INFO (TrafficStatisticsSchedule.java:108)- 调用！！！！！！！！！！！！！！Thu Sep 12 15:44:50 CST 2019
2019-09-12 15:45:00,001 INFO (TrafficStatisticsSchedule.java:108)- 调用！！！！！！！！！！！！！！Thu Sep 12 15:45:00 CST 2019
2019-09-12 15:45:10,003 INFO (TrafficStatisticsSchedule.java:108)- 调用！！！！！！！！！！！！！！Thu Sep 12 15:45:10 CST 2019
2019-09-12 15:45:20,002 INFO (TrafficStatisticsSchedule.java:108)- 调用！！！！！！！！！！！！！！Thu Sep 12 15:45:20 CST 2019
2019-09-12 15:45:30,002 INFO (TrafficStatisticsSchedule.java:108)- 调用！！！！！！！！！！！！！！Thu Sep 12 15:45:30 CST 2019
2019-09-12 15:45:40,001 INFO (TrafficStatisticsSchedule.java:108)- 调用！！！！！！！！！！！！！！Thu Sep 12 15:45:40 CST 2019
2019-09-12 15:45:50,001 INFO (TrafficStatisticsSchedule.java:108)- 调用！！！！！！！！！！！！！！Thu Sep 12 15:45:50 CST 2019
2019-09-12 15:46:00,001 INFO (TrafficStatisticsSchedule.java:108)- 调用！！！！！！！！！！！！！！Thu Sep 12 15:46:00 CST 2019
2019-09-12 15:46:10,001 INFO (TrafficStatisticsSchedule.java:108)- 调用！！！！！！！！！！！！！！Thu Sep 12 15:46:10 CST 2019
2019-09-12 15:46:20,001 INFO (TrafficStatisticsSchedule.java:108)- 调用！！！！！！！！！！！！！！Thu Sep 12 15:46:20 CST 2019
2019-09-12 15:46:30,001 INFO (TrafficStatisticsSchedule.java:108)- 调用！！！！！！！！！！！！！！Thu Sep 12 15:46:30 CST 2019
2019-09-12 15:46:40,001 INFO (TrafficStatisticsSchedule.java:108)- 调用！！！！！！！！！！！！！！Thu Sep 12 15:46:40 CST 2019
2019-09-12 15:46:50,002 INFO (TrafficStatisticsSchedule.java:108)- 调用！！！！！！！！！！！！！！Thu Sep 12 15:46:50 CST 2019
2019-09-12 15:47:00,001 INFO (TrafficStatisticsSchedule.java:108)- 调用！！！！！！！！！！！！！！Thu Sep 12 15:47:00 CST 2019
2019-09-12 15:47:10,001 INFO (TrafficStatisticsSchedule.java:108)- 调用！！！！！！！！！！！！！！Thu Sep 12 15:47:10 CST 2019
2019-09-12 15:47:20,002 INFO (TrafficStatisticsSchedule.java:108)- 调用！！！！！！！！！！！！！！Thu Sep 12 15:47:20 CST 2019
2019-09-12 15:47:30,002 INFO (TrafficStatisticsSchedule.java:108)- 调用！！！！！！！！！！！！！！Thu Sep 12 15:47:30 CST 2019
2019-09-12 15:47:40,002 INFO (TrafficStatisticsSchedule.java:108)- 调用！！！！！！！！！！！！！！Thu Sep 12 15:47:40 CST 2019
2019-09-12 15:47:50,001 INFO (TrafficStatisticsSchedule.java:108)- 调用！！！！！！！！！！！！！！Thu Sep 12 15:47:50 CST 2019
2019-09-12 15:48:00,000 INFO (TrafficStatisticsSchedule.java:108)- 调用！！！！！！！！！！！！！！Thu Sep 12 15:48:00 CST 2019
2019-09-12 15:48:10,002 INFO (TrafficStatisticsSchedule.java:108)- 调用！！！！！！！！！！！！！！Thu Sep 12 15:48:10 CST 2019
2019-09-12 15:48:20,002 INFO (TrafficStatisticsSchedule.java:108)- 调用！！！！！！！！！！！！！！Thu Sep 12 15:48:20 CST 2019
2019-09-12 15:48:30,001 INFO (TrafficStatisticsSchedule.java:108)- 调用！！！！！！！！！！！！！！Thu Sep 12 15:48:30 CST 2019
2019-09-12 15:48:40,002 INFO (TrafficStatisticsSchedule.java:108)- 调用！！！！！！！！！！！！！！Thu Sep 12 15:48:40 CST 2019
2019-09-12 15:48:50,000 INFO (TrafficStatisticsSchedule.java:108)- 调用！！！！！！！！！！！！！！Thu Sep 12 15:48:50 CST 2019
2019-09-12 15:49:00,001 INFO (TrafficStatisticsSchedule.java:108)- 调用！！！！！！！！！！！！！！Thu Sep 12 15:49:00 CST 2019
2019-09-12 15:49:10,002 INFO (TrafficStatisticsSchedule.java:108)- 调用！！！！！！！！！！！！！！Thu Sep 12 15:49:10 CST 2019
2019-09-12 15:49:20,001 INFO (TrafficStatisticsSchedule.java:108)- 调用！！！！！！！！！！！！！！Thu Sep 12 15:49:20 CST 2019
2019-09-12 15:49:30,002 INFO (TrafficStatisticsSchedule.java:108)- 调用！！！！！！！！！！！！！！Thu Sep 12 15:49:30 CST 2019
2019-09-12 15:49:40,000 INFO (TrafficStatisticsSchedule.java:108)- 调用！！！！！！！！！！！！！！Thu Sep 12 15:49:40 CST 2019
2019-09-12 15:49:50,002 INFO (TrafficStatisticsSchedule.java:108)- 调用！！！！！！！！！！！！！！Thu Sep 12 15:49:50 CST 2019
2019-09-12 15:50:00,001 INFO (TrafficStatisticsSchedule.java:108)- 调用！！！！！！！！！！！！！！Thu Sep 12 15:50:00 CST 2019
2019-09-12 15:50:10,000 INFO (TrafficStatisticsSchedule.java:108)- 调用！！！！！！！！！！！！！！Thu Sep 12 15:50:10 CST 2019
2019-09-12 15:50:20,001 INFO (TrafficStatisticsSchedule.java:108)- 调用！！！！！！！！！！！！！！Thu Sep 12 15:50:20 CST 2019
2019-09-12 15:50:30,001 INFO (TrafficStatisticsSchedule.java:108)- 调用！！！！！！！！！！！！！！Thu Sep 12 15:50:30 CST 2019
2019-09-12 15:50:40,002 INFO (TrafficStatisticsSchedule.java:108)- 调用！！！！！！！！！！！！！！Thu Sep 12 15:50:40 CST 2019
2019-09-12 15:50:50,002 INFO (TrafficStatisticsSchedule.java:108)- 调用！！！！！！！！！！！！！！Thu Sep 12 15:50:50 CST 2019
2019-09-12 15:51:00,002 INFO (TrafficStatisticsSchedule.java:108)- 调用！！！！！！！！！！！！！！Thu Sep 12 15:51:00 CST 2019
2019-09-12 15:51:10,002 INFO (TrafficStatisticsSchedule.java:108)- 调用！！！！！！！！！！！！！！Thu Sep 12 15:51:10 CST 2019
2019-09-12 15:51:20,000 INFO (TrafficStatisticsSchedule.java:108)- 调用！！！！！！！！！！！！！！Thu Sep 12 15:51:20 CST 2019
2019-09-12 15:51:30,002 INFO (TrafficStatisticsSchedule.java:108)- 调用！！！！！！！！！！！！！！Thu Sep 12 15:51:30 CST 2019
2019-09-12 15:51:40,001 INFO (TrafficStatisticsSchedule.java:108)- 调用！！！！！！！！！！！！！！Thu Sep 12 15:51:40 CST 2019
2019-09-12 15:51:50,002 INFO (TrafficStatisticsSchedule.java:108)- 调用！！！！！！！！！！！！！！Thu Sep 12 15:51:50 CST 2019
2019-09-12 15:52:00,001 INFO (TrafficStatisticsSchedule.java:108)- 调用！！！！！！！！！！！！！！Thu Sep 12 15:52:00 CST 2019
2019-09-12 15:52:10,001 INFO (TrafficStatisticsSchedule.java:108)- 调用！！！！！！！！！！！！！！Thu Sep 12 15:52:10 CST 2019
2019-09-12 15:52:20,001 INFO (TrafficStatisticsSchedule.java:108)- 调用！！！！！！！！！！！！！！Thu Sep 12 15:52:20 CST 2019
2019-09-12 15:52:30,001 INFO (TrafficStatisticsSchedule.java:108)- 调用！！！！！！！！！！！！！！Thu Sep 12 15:52:30 CST 2019
2019-09-12 15:52:40,001 INFO (TrafficStatisticsSchedule.java:108)- 调用！！！！！！！！！！！！！！Thu Sep 12 15:52:40 CST 2019
2019-09-12 15:52:50,001 INFO (TrafficStatisticsSchedule.java:108)- 调用！！！！！！！！！！！！！！Thu Sep 12 15:52:50 CST 2019
2019-09-12 15:53:00,001 INFO (TrafficStatisticsSchedule.java:108)- 调用！！！！！！！！！！！！！！Thu Sep 12 15:53:00 CST 2019
2019-09-12 15:53:10,001 INFO (TrafficStatisticsSchedule.java:108)- 调用！！！！！！！！！！！！！！Thu Sep 12 15:53:10 CST 2019
2019-09-12 15:53:20,002 INFO (TrafficStatisticsSchedule.java:108)- 调用！！！！！！！！！！！！！！Thu Sep 12 15:53:20 CST 2019
2019-09-12 15:53:30,002 INFO (TrafficStatisticsSchedule.java:108)- 调用！！！！！！！！！！！！！！Thu Sep 12 15:53:30 CST 2019
2019-09-12 15:53:40,002 INFO (TrafficStatisticsSchedule.java:108)- 调用！！！！！！！！！！！！！！Thu Sep 12 15:53:40 CST 2019
2019-09-12 15:53:50,002 INFO (TrafficStatisticsSchedule.java:108)- 调用！！！！！！！！！！！！！！Thu Sep 12 15:53:50 CST 2019
2019-09-12 15:54:00,002 INFO (TrafficStatisticsSchedule.java:108)- 调用！！！！！！！！！！！！！！Thu Sep 12 15:54:00 CST 2019
2019-09-12 15:54:10,000 INFO (TrafficStatisticsSchedule.java:108)- 调用！！！！！！！！！！！！！！Thu Sep 12 15:54:10 CST 2019
2019-09-12 15:54:20,001 INFO (TrafficStatisticsSchedule.java:108)- 调用！！！！！！！！！！！！！！Thu Sep 12 15:54:20 CST 2019
2019-09-12 15:54:30,002 INFO (TrafficStatisticsSchedule.java:108)- 调用！！！！！！！！！！！！！！Thu Sep 12 15:54:30 CST 2019
2019-09-12 15:54:40,001 INFO (TrafficStatisticsSchedule.java:108)- 调用！！！！！！！！！！！！！！Thu Sep 12 15:54:40 CST 2019
2019-09-12 15:54:50,001 INFO (TrafficStatisticsSchedule.java:108)- 调用！！！！！！！！！！！！！！Thu Sep 12 15:54:50 CST 2019
2019-09-12 15:55:00,002 INFO (TrafficStatisticsSchedule.java:108)- 调用！！！！！！！！！！！！！！Thu Sep 12 15:55:00 CST 2019
2019-09-12 15:55:10,001 INFO (TrafficStatisticsSchedule.java:108)- 调用！！！！！！！！！！！！！！Thu Sep 12 15:55:10 CST 2019
2019-09-12 15:55:20,002 INFO (TrafficStatisticsSchedule.java:108)- 调用！！！！！！！！！！！！！！Thu Sep 12 15:55:20 CST 2019
2019-09-12 15:55:30,002 INFO (TrafficStatisticsSchedule.java:108)- 调用！！！！！！！！！！！！！！Thu Sep 12 15:55:30 CST 2019
2019-09-12 15:55:40,002 INFO (TrafficStatisticsSchedule.java:108)- 调用！！！！！！！！！！！！！！Thu Sep 12 15:55:40 CST 2019
2019-09-12 15:55:50,002 INFO (TrafficStatisticsSchedule.java:108)- 调用！！！！！！！！！！！！！！Thu Sep 12 15:55:50 CST 2019
2019-09-12 15:56:00,003 INFO (TrafficStatisticsSchedule.java:108)- 调用！！！！！！！！！！！！！！Thu Sep 12 15:56:00 CST 2019
2019-09-12 15:56:10,001 INFO (TrafficStatisticsSchedule.java:108)- 调用！！！！！！！！！！！！！！Thu Sep 12 15:56:10 CST 2019
2019-09-12 15:56:20,002 INFO (TrafficStatisticsSchedule.java:108)- 调用！！！！！！！！！！！！！！Thu Sep 12 15:56:20 CST 2019
2019-09-12 15:56:30,000 INFO (TrafficStatisticsSchedule.java:108)- 调用！！！！！！！！！！！！！！Thu Sep 12 15:56:30 CST 2019
2019-09-12 15:56:40,001 INFO (TrafficStatisticsSchedule.java:108)- 调用！！！！！！！！！！！！！！Thu Sep 12 15:56:40 CST 2019
2019-09-12 15:56:50,001 INFO (TrafficStatisticsSchedule.java:108)- 调用！！！！！！！！！！！！！！Thu Sep 12 15:56:50 CST 2019
2019-09-12 15:57:00,001 INFO (TrafficStatisticsSchedule.java:108)- 调用！！！！！！！！！！！！！！Thu Sep 12 15:57:00 CST 2019
2019-09-12 15:57:10,002 INFO (TrafficStatisticsSchedule.java:108)- 调用！！！！！！！！！！！！！！Thu Sep 12 15:57:10 CST 2019
2019-09-12 15:57:20,001 INFO (TrafficStatisticsSchedule.java:108)- 调用！！！！！！！！！！！！！！Thu Sep 12 15:57:20 CST 2019
2019-09-12 15:57:30,002 INFO (TrafficStatisticsSchedule.java:108)- 调用！！！！！！！！！！！！！！Thu Sep 12 15:57:30 CST 2019
2019-09-12 15:57:40,002 INFO (TrafficStatisticsSchedule.java:108)- 调用！！！！！！！！！！！！！！Thu Sep 12 15:57:40 CST 2019
2019-09-12 15:57:50,002 INFO (TrafficStatisticsSchedule.java:108)- 调用！！！！！！！！！！！！！！Thu Sep 12 15:57:50 CST 2019
2019-09-12 15:58:00,001 INFO (TrafficStatisticsSchedule.java:108)- 调用！！！！！！！！！！！！！！Thu Sep 12 15:58:00 CST 2019
2019-09-12 15:58:10,001 INFO (TrafficStatisticsSchedule.java:108)- 调用！！！！！！！！！！！！！！Thu Sep 12 15:58:10 CST 2019
2019-09-12 15:58:20,001 INFO (TrafficStatisticsSchedule.java:108)- 调用！！！！！！！！！！！！！！Thu Sep 12 15:58:20 CST 2019
2019-09-12 15:58:30,002 INFO (TrafficStatisticsSchedule.java:108)- 调用！！！！！！！！！！！！！！Thu Sep 12 15:58:30 CST 2019
2019-09-12 15:58:40,001 INFO (TrafficStatisticsSchedule.java:108)- 调用！！！！！！！！！！！！！！Thu Sep 12 15:58:40 CST 2019
2019-09-12 15:58:50,002 INFO (TrafficStatisticsSchedule.java:108)- 调用！！！！！！！！！！！！！！Thu Sep 12 15:58:50 CST 2019
2019-09-12 15:59:00,001 INFO (TrafficStatisticsSchedule.java:108)- 调用！！！！！！！！！！！！！！Thu Sep 12 15:59:00 CST 2019
2019-09-12 15:59:10,003 INFO (TrafficStatisticsSchedule.java:108)- 调用！！！！！！！！！！！！！！Thu Sep 12 15:59:10 CST 2019
2019-09-12 15:59:20,002 INFO (TrafficStatisticsSchedule.java:108)- 调用！！！！！！！！！！！！！！Thu Sep 12 15:59:20 CST 2019
2019-09-12 15:59:30,001 INFO (TrafficStatisticsSchedule.java:108)- 调用！！！！！！！！！！！！！！Thu Sep 12 15:59:30 CST 2019
2019-09-12 15:59:40,000 INFO (TrafficStatisticsSchedule.java:108)- 调用！！！！！！！！！！！！！！Thu Sep 12 15:59:40 CST 2019
2019-09-12 15:59:50,001 INFO (TrafficStatisticsSchedule.java:108)- 调用！！！！！！！！！！！！！！Thu Sep 12 15:59:50 CST 2019
2019-09-12 16:00:00,002 INFO (TrafficStatisticsSchedule.java:108)- 调用！！！！！！！！！！！！！！Thu Sep 12 16:00:00 CST 2019
2019-09-12 16:00:10,001 INFO (TrafficStatisticsSchedule.java:108)- 调用！！！！！！！！！！！！！！Thu Sep 12 16:00:10 CST 2019
2019-09-12 16:00:20,001 INFO (TrafficStatisticsSchedule.java:108)- 调用！！！！！！！！！！！！！！Thu Sep 12 16:00:20 CST 2019
2019-09-12 16:00:30,002 INFO (TrafficStatisticsSchedule.java:108)- 调用！！！！！！！！！！！！！！Thu Sep 12 16:00:30 CST 2019
2019-09-12 16:00:40,002 INFO (TrafficStatisticsSchedule.java:108)- 调用！！！！！！！！！！！！！！Thu Sep 12 16:00:40 CST 2019
2019-09-12 16:00:50,000 INFO (TrafficStatisticsSchedule.java:108)- 调用！！！！！！！！！！！！！！Thu Sep 12 16:00:50 CST 2019
2019-09-12 16:01:00,001 INFO (TrafficStatisticsSchedule.java:108)- 调用！！！！！！！！！！！！！！Thu Sep 12 16:01:00 CST 2019
2019-09-12 16:01:10,003 INFO (TrafficStatisticsSchedule.java:108)- 调用！！！！！！！！！！！！！！Thu Sep 12 16:01:10 CST 2019
2019-09-12 16:01:20,001 INFO (TrafficStatisticsSchedule.java:108)- 调用！！！！！！！！！！！！！！Thu Sep 12 16:01:20 CST 2019
2019-09-12 16:01:30,002 INFO (TrafficStatisticsSchedule.java:108)- 调用！！！！！！！！！！！！！！Thu Sep 12 16:01:30 CST 2019
2019-09-12 16:01:40,002 INFO (TrafficStatisticsSchedule.java:108)- 调用！！！！！！！！！！！！！！Thu Sep 12 16:01:40 CST 2019
2019-09-12 16:01:50,001 INFO (TrafficStatisticsSchedule.java:108)- 调用！！！！！！！！！！！！！！Thu Sep 12 16:01:50 CST 2019
2019-09-12 16:02:02,781 INFO (StartupInfoLogger.java:50)- Starting FaceApplication on 爱新觉罗的Computer with PID 12608 (C:\Users\Super\Desktop\aicheck-face-master\target\classes started by Super in C:\Users\Super\Desktop\aicheck-face-master)
2019-09-12 16:02:02,787 INFO (SpringApplication.java:675)- No active profile set, falling back to default profiles: default
2019-09-12 16:02:11,130 INFO (NettyInitial.java:69)- 【服务器启动成功========端口：9800】
2019-09-12 16:02:13,172 INFO (StartupInfoLogger.java:59)- Started FaceApplication in 10.808 seconds (JVM running for 11.538)
2019-09-12 16:02:20,000 INFO (TrafficStatisticsSchedule.java:108)- 调用！！！！！！！！！！！！！！Thu Sep 12 16:02:20 CST 2019
2019-09-12 16:02:30,003 INFO (TrafficStatisticsSchedule.java:108)- 调用！！！！！！！！！！！！！！Thu Sep 12 16:02:30 CST 2019
2019-09-12 16:02:40,000 INFO (TrafficStatisticsSchedule.java:108)- 调用！！！！！！！！！！！！！！Thu Sep 12 16:02:40 CST 2019
2019-09-12 16:02:50,001 INFO (TrafficStatisticsSchedule.java:108)- 调用！！！！！！！！！！！！！！Thu Sep 12 16:02:50 CST 2019
2019-09-12 16:03:00,003 INFO (TrafficStatisticsSchedule.java:108)- 调用！！！！！！！！！！！！！！Thu Sep 12 16:03:00 CST 2019
2019-09-12 16:03:10,000 INFO (TrafficStatisticsSchedule.java:108)- 调用！！！！！！！！！！！！！！Thu Sep 12 16:03:10 CST 2019
2019-09-12 16:03:20,001 INFO (TrafficStatisticsSchedule.java:108)- 调用！！！！！！！！！！！！！！Thu Sep 12 16:03:20 CST 2019
2019-09-12 16:03:30,002 INFO (TrafficStatisticsSchedule.java:108)- 调用！！！！！！！！！！！！！！Thu Sep 12 16:03:30 CST 2019
2019-09-12 16:03:40,002 INFO (TrafficStatisticsSchedule.java:108)- 调用！！！！！！！！！！！！！！Thu Sep 12 16:03:40 CST 2019
2019-09-12 16:03:50,001 INFO (TrafficStatisticsSchedule.java:108)- 调用！！！！！！！！！！！！！！Thu Sep 12 16:03:50 CST 2019
2019-09-12 16:04:00,000 INFO (TrafficStatisticsSchedule.java:108)- 调用！！！！！！！！！！！！！！Thu Sep 12 16:04:00 CST 2019
2019-09-12 16:04:10,001 INFO (TrafficStatisticsSchedule.java:108)- 调用！！！！！！！！！！！！！！Thu Sep 12 16:04:10 CST 2019
2019-09-12 16:04:20,001 INFO (TrafficStatisticsSchedule.java:108)- 调用！！！！！！！！！！！！！！Thu Sep 12 16:04:20 CST 2019
2019-09-12 16:04:30,002 INFO (TrafficStatisticsSchedule.java:108)- 调用！！！！！！！！！！！！！！Thu Sep 12 16:04:30 CST 2019
2019-09-12 16:04:40,001 INFO (TrafficStatisticsSchedule.java:108)- 调用！！！！！！！！！！！！！！Thu Sep 12 16:04:40 CST 2019
2019-09-12 16:04:50,002 INFO (TrafficStatisticsSchedule.java:108)- 调用！！！！！！！！！！！！！！Thu Sep 12 16:04:50 CST 2019
2019-09-12 16:05:00,002 INFO (TrafficStatisticsSchedule.java:108)- 调用！！！！！！！！！！！！！！Thu Sep 12 16:05:00 CST 2019
2019-09-12 16:05:10,000 INFO (TrafficStatisticsSchedule.java:108)- 调用！！！！！！！！！！！！！！Thu Sep 12 16:05:10 CST 2019
2019-09-12 16:05:20,002 INFO (TrafficStatisticsSchedule.java:108)- 调用！！！！！！！！！！！！！！Thu Sep 12 16:05:20 CST 2019
2019-09-12 16:05:30,002 INFO (TrafficStatisticsSchedule.java:108)- 调用！！！！！！！！！！！！！！Thu Sep 12 16:05:30 CST 2019
2019-09-12 16:05:40,001 INFO (TrafficStatisticsSchedule.java:108)- 调用！！！！！！！！！！！！！！Thu Sep 12 16:05:40 CST 2019
2019-09-12 16:05:50,001 INFO (TrafficStatisticsSchedule.java:108)- 调用！！！！！！！！！！！！！！Thu Sep 12 16:05:50 CST 2019
2019-09-12 16:06:00,002 INFO (TrafficStatisticsSchedule.java:108)- 调用！！！！！！！！！！！！！！Thu Sep 12 16:06:00 CST 2019
2019-09-12 16:06:10,001 INFO (TrafficStatisticsSchedule.java:108)- 调用！！！！！！！！！！！！！！Thu Sep 12 16:06:10 CST 2019
2019-09-12 16:06:20,002 INFO (TrafficStatisticsSchedule.java:108)- 调用！！！！！！！！！！！！！！Thu Sep 12 16:06:20 CST 2019
2019-09-12 16:06:30,001 INFO (TrafficStatisticsSchedule.java:108)- 调用！！！！！！！！！！！！！！Thu Sep 12 16:06:30 CST 2019
2019-09-12 16:06:40,001 INFO (TrafficStatisticsSchedule.java:108)- 调用！！！！！！！！！！！！！！Thu Sep 12 16:06:40 CST 2019
2019-09-12 16:06:50,001 INFO (TrafficStatisticsSchedule.java:108)- 调用！！！！！！！！！！！！！！Thu Sep 12 16:06:50 CST 2019
2019-09-12 16:07:00,001 INFO (TrafficStatisticsSchedule.java:108)- 调用！！！！！！！！！！！！！！Thu Sep 12 16:07:00 CST 2019
2019-09-12 16:07:10,001 INFO (TrafficStatisticsSchedule.java:108)- 调用！！！！！！！！！！！！！！Thu Sep 12 16:07:10 CST 2019
2019-09-12 16:07:20,002 INFO (TrafficStatisticsSchedule.java:108)- 调用！！！！！！！！！！！！！！Thu Sep 12 16:07:20 CST 2019
2019-09-12 16:07:25,314 INFO (StartupInfoLogger.java:50)- Starting FaceApplication on 爱新觉罗的Computer with PID 10236 (C:\Users\Super\Desktop\aicheck-face-master\target\classes started by Super in C:\Users\Super\Desktop\aicheck-face-master)
2019-09-12 16:07:25,321 INFO (SpringApplication.java:675)- No active profile set, falling back to default profiles: default
2019-09-12 16:07:33,608 INFO (NettyInitial.java:69)- 【服务器启动成功========端口：9800】
2019-09-12 16:07:35,443 INFO (StartupInfoLogger.java:59)- Started FaceApplication in 10.55 seconds (JVM running for 11.29)
2019-09-12 16:07:40,002 INFO (TrafficStatisticsSchedule.java:108)- 调用！！！！！！！！！！！！！！Thu Sep 12 16:07:40 CST 2019
2019-09-12 16:07:50,001 INFO (TrafficStatisticsSchedule.java:108)- 调用！！！！！！！！！！！！！！Thu Sep 12 16:07:50 CST 2019
2019-09-12 16:08:00,002 INFO (TrafficStatisticsSchedule.java:108)- 调用！！！！！！！！！！！！！！Thu Sep 12 16:08:00 CST 2019
2019-09-12 16:08:10,002 INFO (TrafficStatisticsSchedule.java:108)- 调用！！！！！！！！！！！！！！Thu Sep 12 16:08:10 CST 2019
2019-09-12 16:08:20,001 INFO (TrafficStatisticsSchedule.java:108)- 调用！！！！！！！！！！！！！！Thu Sep 12 16:08:20 CST 2019
2019-09-12 16:08:30,001 INFO (TrafficStatisticsSchedule.java:108)- 调用！！！！！！！！！！！！！！Thu Sep 12 16:08:30 CST 2019
2019-09-12 16:08:40,002 INFO (TrafficStatisticsSchedule.java:108)- 调用！！！！！！！！！！！！！！Thu Sep 12 16:08:40 CST 2019
2019-09-12 16:08:50,001 INFO (TrafficStatisticsSchedule.java:108)- 调用！！！！！！！！！！！！！！Thu Sep 12 16:08:50 CST 2019
2019-09-12 16:09:00,002 INFO (TrafficStatisticsSchedule.java:108)- 调用！！！！！！！！！！！！！！Thu Sep 12 16:09:00 CST 2019
2019-09-12 16:09:10,002 INFO (TrafficStatisticsSchedule.java:108)- 调用！！！！！！！！！！！！！！Thu Sep 12 16:09:10 CST 2019
2019-09-12 16:09:20,001 INFO (TrafficStatisticsSchedule.java:108)- 调用！！！！！！！！！！！！！！Thu Sep 12 16:09:20 CST 2019
2019-09-12 16:09:30,001 INFO (TrafficStatisticsSchedule.java:108)- 调用！！！！！！！！！！！！！！Thu Sep 12 16:09:30 CST 2019
2019-09-12 16:09:40,002 INFO (TrafficStatisticsSchedule.java:108)- 调用！！！！！！！！！！！！！！Thu Sep 12 16:09:40 CST 2019
2019-09-12 16:09:50,001 INFO (TrafficStatisticsSchedule.java:108)- 调用！！！！！！！！！！！！！！Thu Sep 12 16:09:50 CST 2019
2019-09-12 16:10:00,002 INFO (TrafficStatisticsSchedule.java:108)- 调用！！！！！！！！！！！！！！Thu Sep 12 16:10:00 CST 2019
2019-09-12 16:10:10,002 INFO (TrafficStatisticsSchedule.java:108)- 调用！！！！！！！！！！！！！！Thu Sep 12 16:10:10 CST 2019
2019-09-12 16:10:20,001 INFO (TrafficStatisticsSchedule.java:108)- 调用！！！！！！！！！！！！！！Thu Sep 12 16:10:20 CST 2019
2019-09-12 16:10:30,002 INFO (TrafficStatisticsSchedule.java:108)- 调用！！！！！！！！！！！！！！Thu Sep 12 16:10:30 CST 2019
2019-09-12 16:10:40,001 INFO (TrafficStatisticsSchedule.java:108)- 调用！！！！！！！！！！！！！！Thu Sep 12 16:10:40 CST 2019
2019-09-12 16:10:50,001 INFO (TrafficStatisticsSchedule.java:108)- 调用！！！！！！！！！！！！！！Thu Sep 12 16:10:50 CST 2019
2019-09-12 16:11:00,003 INFO (TrafficStatisticsSchedule.java:108)- 调用！！！！！！！！！！！！！！Thu Sep 12 16:11:00 CST 2019
2019-09-12 16:11:10,001 INFO (TrafficStatisticsSchedule.java:108)- 调用！！！！！！！！！！！！！！Thu Sep 12 16:11:10 CST 2019
2019-09-12 16:11:20,001 INFO (TrafficStatisticsSchedule.java:108)- 调用！！！！！！！！！！！！！！Thu Sep 12 16:11:20 CST 2019
2019-09-12 16:11:30,002 INFO (TrafficStatisticsSchedule.java:108)- 调用！！！！！！！！！！！！！！Thu Sep 12 16:11:30 CST 2019
2019-09-12 16:11:40,001 INFO (TrafficStatisticsSchedule.java:108)- 调用！！！！！！！！！！！！！！Thu Sep 12 16:11:40 CST 2019
2019-09-12 16:11:50,001 INFO (TrafficStatisticsSchedule.java:108)- 调用！！！！！！！！！！！！！！Thu Sep 12 16:11:50 CST 2019
2019-09-12 16:12:00,001 INFO (TrafficStatisticsSchedule.java:108)- 调用！！！！！！！！！！！！！！Thu Sep 12 16:12:00 CST 2019
2019-09-12 16:12:10,002 INFO (TrafficStatisticsSchedule.java:108)- 调用！！！！！！！！！！！！！！Thu Sep 12 16:12:10 CST 2019
2019-09-12 16:12:20,003 INFO (TrafficStatisticsSchedule.java:108)- 调用！！！！！！！！！！！！！！Thu Sep 12 16:12:20 CST 2019
2019-09-12 16:12:30,002 INFO (TrafficStatisticsSchedule.java:108)- 调用！！！！！！！！！！！！！！Thu Sep 12 16:12:30 CST 2019
2019-09-12 16:12:40,001 INFO (TrafficStatisticsSchedule.java:108)- 调用！！！！！！！！！！！！！！Thu Sep 12 16:12:40 CST 2019
2019-09-12 16:12:50,001 INFO (TrafficStatisticsSchedule.java:108)- 调用！！！！！！！！！！！！！！Thu Sep 12 16:12:50 CST 2019
2019-09-12 16:13:00,001 INFO (TrafficStatisticsSchedule.java:108)- 调用！！！！！！！！！！！！！！Thu Sep 12 16:13:00 CST 2019
2019-09-12 16:13:10,001 INFO (TrafficStatisticsSchedule.java:108)- 调用！！！！！！！！！！！！！！Thu Sep 12 16:13:10 CST 2019
2019-09-12 16:13:20,001 INFO (TrafficStatisticsSchedule.java:108)- 调用！！！！！！！！！！！！！！Thu Sep 12 16:13:20 CST 2019
2019-09-12 16:13:30,002 INFO (TrafficStatisticsSchedule.java:108)- 调用！！！！！！！！！！！！！！Thu Sep 12 16:13:30 CST 2019
2019-09-12 16:13:40,001 INFO (TrafficStatisticsSchedule.java:108)- 调用！！！！！！！！！！！！！！Thu Sep 12 16:13:40 CST 2019
2019-09-12 16:13:50,000 INFO (TrafficStatisticsSchedule.java:108)- 调用！！！！！！！！！！！！！！Thu Sep 12 16:13:50 CST 2019
2019-09-12 16:14:00,001 INFO (TrafficStatisticsSchedule.java:108)- 调用！！！！！！！！！！！！！！Thu Sep 12 16:14:00 CST 2019
2019-09-12 16:14:10,001 INFO (TrafficStatisticsSchedule.java:108)- 调用！！！！！！！！！！！！！！Thu Sep 12 16:14:10 CST 2019
2019-09-12 16:14:20,002 INFO (TrafficStatisticsSchedule.java:108)- 调用！！！！！！！！！！！！！！Thu Sep 12 16:14:20 CST 2019
2019-09-12 16:14:30,001 INFO (TrafficStatisticsSchedule.java:108)- 调用！！！！！！！！！！！！！！Thu Sep 12 16:14:30 CST 2019
2019-09-12 16:14:40,002 INFO (TrafficStatisticsSchedule.java:108)- 调用！！！！！！！！！！！！！！Thu Sep 12 16:14:40 CST 2019
2019-09-12 16:14:50,001 INFO (TrafficStatisticsSchedule.java:108)- 调用！！！！！！！！！！！！！！Thu Sep 12 16:14:50 CST 2019
2019-09-12 16:15:00,001 INFO (TrafficStatisticsSchedule.java:108)- 调用！！！！！！！！！！！！！！Thu Sep 12 16:15:00 CST 2019
2019-09-12 16:15:10,002 INFO (TrafficStatisticsSchedule.java:108)- 调用！！！！！！！！！！！！！！Thu Sep 12 16:15:10 CST 2019
2019-09-12 16:15:20,001 INFO (TrafficStatisticsSchedule.java:108)- 调用！！！！！！！！！！！！！！Thu Sep 12 16:15:20 CST 2019
2019-09-12 16:15:30,001 INFO (TrafficStatisticsSchedule.java:108)- 调用！！！！！！！！！！！！！！Thu Sep 12 16:15:30 CST 2019
2019-09-12 16:15:40,002 INFO (TrafficStatisticsSchedule.java:108)- 调用！！！！！！！！！！！！！！Thu Sep 12 16:15:40 CST 2019
2019-09-12 16:15:50,002 INFO (TrafficStatisticsSchedule.java:108)- 调用！！！！！！！！！！！！！！Thu Sep 12 16:15:50 CST 2019
2019-09-12 16:16:00,001 INFO (TrafficStatisticsSchedule.java:108)- 调用！！！！！！！！！！！！！！Thu Sep 12 16:16:00 CST 2019
2019-09-12 16:16:10,002 INFO (TrafficStatisticsSchedule.java:108)- 调用！！！！！！！！！！！！！！Thu Sep 12 16:16:10 CST 2019
2019-09-12 16:16:20,001 INFO (TrafficStatisticsSchedule.java:108)- 调用！！！！！！！！！！！！！！Thu Sep 12 16:16:20 CST 2019
2019-09-12 16:16:30,001 INFO (TrafficStatisticsSchedule.java:108)- 调用！！！！！！！！！！！！！！Thu Sep 12 16:16:30 CST 2019
2019-09-12 16:16:40,002 INFO (TrafficStatisticsSchedule.java:108)- 调用！！！！！！！！！！！！！！Thu Sep 12 16:16:40 CST 2019
2019-09-12 16:16:50,001 INFO (TrafficStatisticsSchedule.java:108)- 调用！！！！！！！！！！！！！！Thu Sep 12 16:16:50 CST 2019
2019-09-12 16:17:00,002 INFO (TrafficStatisticsSchedule.java:108)- 调用！！！！！！！！！！！！！！Thu Sep 12 16:17:00 CST 2019
2019-09-12 16:17:10,001 INFO (TrafficStatisticsSchedule.java:108)- 调用！！！！！！！！！！！！！！Thu Sep 12 16:17:10 CST 2019
2019-09-12 16:17:20,002 INFO (TrafficStatisticsSchedule.java:108)- 调用！！！！！！！！！！！！！！Thu Sep 12 16:17:20 CST 2019
2019-09-12 16:17:30,002 INFO (TrafficStatisticsSchedule.java:108)- 调用！！！！！！！！！！！！！！Thu Sep 12 16:17:30 CST 2019
2019-09-12 16:17:40,002 INFO (TrafficStatisticsSchedule.java:108)- 调用！！！！！！！！！！！！！！Thu Sep 12 16:17:40 CST 2019
2019-09-12 16:17:50,001 INFO (TrafficStatisticsSchedule.java:108)- 调用！！！！！！！！！！！！！！Thu Sep 12 16:17:50 CST 2019
2019-09-12 16:18:00,002 INFO (TrafficStatisticsSchedule.java:108)- 调用！！！！！！！！！！！！！！Thu Sep 12 16:18:00 CST 2019
2019-09-12 16:18:10,001 INFO (TrafficStatisticsSchedule.java:108)- 调用！！！！！！！！！！！！！！Thu Sep 12 16:18:10 CST 2019
2019-09-12 16:18:18,075 INFO (AuthorizationInterceptor.java:107)- 加密之前的297e325a66f62bae0166f631b0b2000215682762951431568276295143
2019-09-12 16:18:18,076 INFO (AuthorizationInterceptor.java:109)- org.apache.catalina.util.ParameterMap@76511cdf
2019-09-12 16:18:18,077 INFO (AuthorizationInterceptor.java:112)- 加密之后的sign=>C8BF14EA851FD2D68F72D3328895B0E2
2019-09-12 16:18:20,002 INFO (TrafficStatisticsSchedule.java:108)- 调用！！！！！！！！！！！！！！Thu Sep 12 16:18:20 CST 2019
2019-09-12 16:18:30,001 INFO (TrafficStatisticsSchedule.java:108)- 调用！！！！！！！！！！！！！！Thu Sep 12 16:18:30 CST 2019
2019-09-12 16:18:38,606 INFO (AuthorizationInterceptor.java:146)- afterCompletion ----------ex => null
2019-09-12 16:18:40,002 INFO (TrafficStatisticsSchedule.java:108)- 调用！！！！！！！！！！！！！！Thu Sep 12 16:18:40 CST 2019
2019-09-12 16:18:50,001 INFO (TrafficStatisticsSchedule.java:108)- 调用！！！！！！！！！！！！！！Thu Sep 12 16:18:50 CST 2019
